SF:/mnt/d/prj/intent-engine/src/cli_handlers/dashboard.rs
FN:106,_RNCNCNvNtNtCsjp9E11WtBq9_13intent_engine12cli_handlers9dashboard21check_mcp_connections00B9_
FN:146,_RNCNCNvNtNtCsjp9E11WtBq9_13intent_engine12cli_handlers9dashboard24handle_dashboard_command00B9_
FN:306,_RNCNCNvNtNtCsjp9E11WtBq9_13intent_engine12cli_handlers9dashboard24handle_dashboard_command0s0_0B9_
FN:319,_RNCNCNvNtNtCsjp9E11WtBq9_13intent_engine12cli_handlers9dashboard24handle_dashboard_command0s1_0B9_
FN:302,_RNCNCNvNtNtCsjp9E11WtBq9_13intent_engine12cli_handlers9dashboard24handle_dashboard_command0s_0B9_
FN:66,_RNCNvNtNtCsjp9E11WtBq9_13intent_engine12cli_handlers9dashboard21check_mcp_connections0B7_
FN:8,_RNCNvNtNtCsjp9E11WtBq9_13intent_engine12cli_handlers9dashboard22check_dashboard_health0B7_
FN:37,_RNCNvNtNtCsjp9E11WtBq9_13intent_engine12cli_handlers9dashboard22check_dashboard_status0B7_
FN:137,_RNCNvNtNtCsjp9E11WtBq9_13intent_engine12cli_handlers9dashboard24handle_dashboard_command0B7_
FN:66,_RNvNtNtCsjp9E11WtBq9_13intent_engine12cli_handlers9dashboard21check_mcp_connections
FN:8,_RNvNtNtCsjp9E11WtBq9_13intent_engine12cli_handlers9dashboard22check_dashboard_health
FN:37,_RNvNtNtCsjp9E11WtBq9_13intent_engine12cli_handlers9dashboard22check_dashboard_status
FN:137,_RNvNtNtCsjp9E11WtBq9_13intent_engine12cli_handlers9dashboard24handle_dashboard_command
FN:137,_RNvNtNtCs86Lp2I5pN1o_13intent_engine12cli_handlers9dashboard24handle_dashboard_command
FN:106,_RNCNCNvNtNtCs86Lp2I5pN1o_13intent_engine12cli_handlers9dashboard21check_mcp_connections00B9_
FN:146,_RNCNCNvNtNtCs86Lp2I5pN1o_13intent_engine12cli_handlers9dashboard24handle_dashboard_command00B9_
FN:306,_RNCNCNvNtNtCs86Lp2I5pN1o_13intent_engine12cli_handlers9dashboard24handle_dashboard_command0s0_0B9_
FN:319,_RNCNCNvNtNtCs86Lp2I5pN1o_13intent_engine12cli_handlers9dashboard24handle_dashboard_command0s1_0B9_
FN:302,_RNCNCNvNtNtCs86Lp2I5pN1o_13intent_engine12cli_handlers9dashboard24handle_dashboard_command0s_0B9_
FN:66,_RNCNvNtNtCs86Lp2I5pN1o_13intent_engine12cli_handlers9dashboard21check_mcp_connections0B7_
FN:8,_RNCNvNtNtCs86Lp2I5pN1o_13intent_engine12cli_handlers9dashboard22check_dashboard_health0B7_
FN:37,_RNCNvNtNtCs86Lp2I5pN1o_13intent_engine12cli_handlers9dashboard22check_dashboard_status0B7_
FN:137,_RNCNvNtNtCs86Lp2I5pN1o_13intent_engine12cli_handlers9dashboard24handle_dashboard_command0B7_
FN:66,_RNvNtNtCs86Lp2I5pN1o_13intent_engine12cli_handlers9dashboard21check_mcp_connections
FN:8,_RNvNtNtCs86Lp2I5pN1o_13intent_engine12cli_handlers9dashboard22check_dashboard_health
FN:37,_RNvNtNtCs86Lp2I5pN1o_13intent_engine12cli_handlers9dashboard22check_dashboard_status
FN:414,_RNvNtNtNtCs86Lp2I5pN1o_13intent_engine12cli_handlers9dashboard5testss_28test_dashboard_port_constant
FN:375,_RNvNtNtNtCs86Lp2I5pN1o_13intent_engine12cli_handlers9dashboard5testss_39test_check_dashboard_status_not_running
FN:421,_RNvNtNtNtCs86Lp2I5pN1o_13intent_engine12cli_handlers9dashboard5testss_40test_check_dashboard_health_invalid_port
FN:396,_RNvNtNtNtCs86Lp2I5pN1o_13intent_engine12cli_handlers9dashboard5testss_48test_check_mcp_connections_dashboard_not_running
FN:430,_RNvNtNtNtCs86Lp2I5pN1o_13intent_engine12cli_handlers9dashboard5testss_52test_check_dashboard_health_default_port_not_running
FN:375,_RNCNvNtNtNtCs86Lp2I5pN1o_13intent_engine12cli_handlers9dashboard5testss_39test_check_dashboard_status_not_running0B9_
FN:421,_RNCNvNtNtNtCs86Lp2I5pN1o_13intent_engine12cli_handlers9dashboard5testss_40test_check_dashboard_health_invalid_port0B9_
FN:396,_RNCNvNtNtNtCs86Lp2I5pN1o_13intent_engine12cli_handlers9dashboard5testss_48test_check_mcp_connections_dashboard_not_running0B9_
FN:430,_RNCNvNtNtNtCs86Lp2I5pN1o_13intent_engine12cli_handlers9dashboard5testss_52test_check_dashboard_health_default_port_not_running0B9_
FNDA:0,_RNCNCNvNtNtCsjp9E11WtBq9_13intent_engine12cli_handlers9dashboard21check_mcp_connections00B9_
FNDA:0,_RNCNCNvNtNtCsjp9E11WtBq9_13intent_engine12cli_handlers9dashboard24handle_dashboard_command00B9_
FNDA:0,_RNCNCNvNtNtCsjp9E11WtBq9_13intent_engine12cli_handlers9dashboard24handle_dashboard_command0s0_0B9_
FNDA:0,_RNCNCNvNtNtCsjp9E11WtBq9_13intent_engine12cli_handlers9dashboard24handle_dashboard_command0s1_0B9_
FNDA:0,_RNCNCNvNtNtCsjp9E11WtBq9_13intent_engine12cli_handlers9dashboard24handle_dashboard_command0s_0B9_
FNDA:0,_RNCNvNtNtCsjp9E11WtBq9_13intent_engine12cli_handlers9dashboard21check_mcp_connections0B7_
FNDA:0,_RNCNvNtNtCsjp9E11WtBq9_13intent_engine12cli_handlers9dashboard22check_dashboard_health0B7_
FNDA:0,_RNCNvNtNtCsjp9E11WtBq9_13intent_engine12cli_handlers9dashboard22check_dashboard_status0B7_
FNDA:0,_RNCNvNtNtCsjp9E11WtBq9_13intent_engine12cli_handlers9dashboard24handle_dashboard_command0B7_
FNDA:0,_RNvNtNtCsjp9E11WtBq9_13intent_engine12cli_handlers9dashboard21check_mcp_connections
FNDA:0,_RNvNtNtCsjp9E11WtBq9_13intent_engine12cli_handlers9dashboard22check_dashboard_health
FNDA:0,_RNvNtNtCsjp9E11WtBq9_13intent_engine12cli_handlers9dashboard22check_dashboard_status
FNDA:0,_RNvNtNtCsjp9E11WtBq9_13intent_engine12cli_handlers9dashboard24handle_dashboard_command
FNDA:0,_RNvNtNtCs86Lp2I5pN1o_13intent_engine12cli_handlers9dashboard24handle_dashboard_command
FNDA:0,_RNCNCNvNtNtCs86Lp2I5pN1o_13intent_engine12cli_handlers9dashboard21check_mcp_connections00B9_
FNDA:0,_RNCNCNvNtNtCs86Lp2I5pN1o_13intent_engine12cli_handlers9dashboard24handle_dashboard_command00B9_
FNDA:0,_RNCNCNvNtNtCs86Lp2I5pN1o_13intent_engine12cli_handlers9dashboard24handle_dashboard_command0s0_0B9_
FNDA:0,_RNCNCNvNtNtCs86Lp2I5pN1o_13intent_engine12cli_handlers9dashboard24handle_dashboard_command0s1_0B9_
FNDA:0,_RNCNCNvNtNtCs86Lp2I5pN1o_13intent_engine12cli_handlers9dashboard24handle_dashboard_command0s_0B9_
FNDA:0,_RNCNvNtNtCs86Lp2I5pN1o_13intent_engine12cli_handlers9dashboard21check_mcp_connections0B7_
FNDA:2,_RNCNvNtNtCs86Lp2I5pN1o_13intent_engine12cli_handlers9dashboard22check_dashboard_health0B7_
FNDA:0,_RNCNvNtNtCs86Lp2I5pN1o_13intent_engine12cli_handlers9dashboard22check_dashboard_status0B7_
FNDA:0,_RNCNvNtNtCs86Lp2I5pN1o_13intent_engine12cli_handlers9dashboard24handle_dashboard_command0B7_
FNDA:0,_RNvNtNtCs86Lp2I5pN1o_13intent_engine12cli_handlers9dashboard21check_mcp_connections
FNDA:2,_RNvNtNtCs86Lp2I5pN1o_13intent_engine12cli_handlers9dashboard22check_dashboard_health
FNDA:0,_RNvNtNtCs86Lp2I5pN1o_13intent_engine12cli_handlers9dashboard22check_dashboard_status
FNDA:1,_RNvNtNtNtCs86Lp2I5pN1o_13intent_engine12cli_handlers9dashboard5testss_28test_dashboard_port_constant
FNDA:0,_RNvNtNtNtCs86Lp2I5pN1o_13intent_engine12cli_handlers9dashboard5testss_39test_check_dashboard_status_not_running
FNDA:1,_RNvNtNtNtCs86Lp2I5pN1o_13intent_engine12cli_handlers9dashboard5testss_40test_check_dashboard_health_invalid_port
FNDA:0,_RNvNtNtNtCs86Lp2I5pN1o_13intent_engine12cli_handlers9dashboard5testss_48test_check_mcp_connections_dashboard_not_running
FNDA:1,_RNvNtNtNtCs86Lp2I5pN1o_13intent_engine12cli_handlers9dashboard5testss_52test_check_dashboard_health_default_port_not_running
FNDA:0,_RNCNvNtNtNtCs86Lp2I5pN1o_13intent_engine12cli_handlers9dashboard5testss_39test_check_dashboard_status_not_running0B9_
FNDA:1,_RNCNvNtNtNtCs86Lp2I5pN1o_13intent_engine12cli_handlers9dashboard5testss_40test_check_dashboard_health_invalid_port0B9_
FNDA:0,_RNCNvNtNtNtCs86Lp2I5pN1o_13intent_engine12cli_handlers9dashboard5testss_48test_check_mcp_connections_dashboard_not_running0B9_
FNDA:1,_RNCNvNtNtNtCs86Lp2I5pN1o_13intent_engine12cli_handlers9dashboard5testss_52test_check_dashboard_health_default_port_not_running0B9_
FNF:22
FNH:7
DA:8,2
DA:9,2
DA:11,2
DA:12,2
DA:13,2
DA:15,2
DA:16,1
DA:17,1
DA:18,1
DA:20,0
DA:21,0
DA:22,0
DA:24,1
DA:25,1
DA:26,1
DA:29,0
DA:30,0
DA:31,0
DA:34,2
DA:37,0
DA:40,0
DA:42,0
DA:43,0
DA:44,0
DA:45,0
DA:46,0
DA:47,0
DA:48,0
DA:49,0
DA:53,0
DA:54,0
DA:55,0
DA:56,0
DA:57,0
DA:58,0
DA:59,0
DA:63,0
DA:66,0
DA:69,0
DA:70,0
DA:71,0
DA:72,0
DA:73,0
DA:74,0
DA:75,0
DA:76,0
DA:79,0
DA:82,0
DA:83,0
DA:84,0
DA:85,0
DA:87,0
DA:88,0
DA:89,0
DA:90,0
DA:91,0
DA:92,0
DA:93,0
DA:99,0
DA:100,0
DA:101,0
DA:102,0
DA:103,0
DA:104,0
DA:105,0
DA:106,0
DA:107,0
DA:109,0
DA:110,0
DA:111,0
DA:112,0
DA:113,0
DA:114,0
DA:115,0
DA:117,0
DA:122,0
DA:123,0
DA:124,0
DA:125,0
DA:129,0
DA:130,0
DA:131,0
DA:132,0
DA:135,0
DA:137,0
DA:138,0
DA:139,0
DA:141,0
DA:142,0
DA:143,0
DA:144,0
DA:145,0
DA:146,0
DA:147,0
DA:148,0
DA:151,0
DA:154,0
DA:155,0
DA:156,0
DA:157,0
DA:158,0
DA:159,0
DA:162,0
DA:163,0
DA:164,0
DA:165,0
DA:166,0
DA:167,0
DA:172,0
DA:173,0
DA:175,0
DA:176,0
DA:177,0
DA:178,0
DA:179,0
DA:182,0
DA:185,0
DA:186,0
DA:187,0
DA:188,0
DA:189,0
DA:190,0
DA:191,0
DA:192,0
DA:193,0
DA:194,0
DA:197,0
DA:199,0
DA:202,0
DA:203,0
DA:205,0
DA:206,0
DA:207,0
DA:210,0
DA:211,0
DA:212,0
DA:213,0
DA:214,0
DA:215,0
DA:216,0
DA:217,0
DA:218,0
DA:219,0
DA:220,0
DA:221,0
DA:222,0
DA:224,0
DA:227,0
DA:228,0
DA:230,0
DA:231,0
DA:232,0
DA:235,0
DA:237,0
DA:238,0
DA:239,0
DA:240,0
DA:241,0
DA:243,0
DA:244,0
DA:249,0
DA:250,0
DA:251,0
DA:252,0
DA:253,0
DA:254,0
DA:255,0
DA:256,0
DA:257,0
DA:258,0
DA:259,0
DA:260,0
DA:261,0
DA:262,0
DA:263,0
DA:265,0
DA:269,0
DA:272,0
DA:273,0
DA:274,0
DA:275,0
DA:276,0
DA:279,0
DA:280,0
DA:281,0
DA:286,0
DA:287,0
DA:288,0
DA:289,0
DA:290,0
DA:291,0
DA:292,0
DA:293,0
DA:295,0
DA:296,0
DA:297,0
DA:299,0
DA:300,0
DA:301,0
DA:302,0
DA:303,0
DA:304,0
DA:305,0
DA:306,0
DA:307,0
DA:308,0
DA:309,0
DA:311,0
DA:314,0
DA:315,0
DA:319,0
DA:320,0
DA:321,0
DA:324,0
DA:325,0
DA:326,0
DA:327,0
DA:330,0
DA:331,0
DA:332,0
DA:333,0
DA:334,0
DA:335,0
DA:336,0
DA:337,0
DA:340,0
DA:344,0
DA:347,0
DA:348,0
DA:349,0
DA:350,0
DA:351,0
DA:352,0
DA:353,0
DA:355,0
DA:356,0
DA:358,0
DA:359,0
DA:360,0
DA:361,0
DA:363,0
DA:366,0
DA:375,0
DA:378,0
DA:381,0
DA:382,0
DA:385,0
DA:386,0
DA:387,0
DA:388,0
DA:389,0
DA:390,0
DA:391,0
DA:396,0
DA:397,0
DA:400,0
DA:401,0
DA:404,0
DA:405,0
DA:406,0
DA:407,0
DA:408,0
DA:409,0
DA:410,0
DA:414,1
DA:415,1
DA:416,1
DA:421,1
DA:423,1
DA:424,1
DA:425,1
DA:430,1
DA:433,1
DA:438,1
DA:439,1
DA:440,1
DA:441,1
BRF:0
BRH:0
LF:296
LH:32
end_of_record
SF:/mnt/d/prj/intent-engine/src/cli_handlers/other.rs
FN:115,_RNCNCNvNtNtCsjp9E11WtBq9_13intent_engine12cli_handlers5other20handle_event_command00B9_
FN:117,_RNCNCNvNtNtCsjp9E11WtBq9_13intent_engine12cli_handlers5other20handle_event_command0s_0B9_
FN:239,_RNCNCNvNtNtCsjp9E11WtBq9_13intent_engine12cli_handlers5other21handle_doctor_command00B9_
FN:242,_RNCNCNvNtNtCsjp9E11WtBq9_13intent_engine12cli_handlers5other21handle_doctor_command0s_0B9_
FN:339,_RNCNCNvNtNtCsjp9E11WtBq9_13intent_engine12cli_handlers5other22handle_session_restore00B9_
FN:530,_RNCNCNvNtNtCsjp9E11WtBq9_13intent_engine12cli_handlers5other24check_session_start_hooks0_00B9_
FN:376,_RNCNvNtNtCsjp9E11WtBq9_13intent_engine12cli_handlers5other12handle_setup0B7_
FN:269,_RNCNvNtNtCsjp9E11WtBq9_13intent_engine12cli_handlers5other19handle_init_command0B7_
FN:84,_RNCNvNtNtCsjp9E11WtBq9_13intent_engine12cli_handlers5other20handle_event_command0B7_
FN:181,_RNCNvNtNtCsjp9E11WtBq9_13intent_engine12cli_handlers5other21handle_doctor_command0B7_
FN:72,_RNCNvNtNtCsjp9E11WtBq9_13intent_engine12cli_handlers5other21handle_report_command0B7_
FN:152,_RNCNvNtNtCsjp9E11WtBq9_13intent_engine12cli_handlers5other21handle_search_command0B7_
FN:16,_RNCNvNtNtCsjp9E11WtBq9_13intent_engine12cli_handlers5other22handle_current_command0B7_
FN:322,_RNCNvNtNtCsjp9E11WtBq9_13intent_engine12cli_handlers5other22handle_session_restore0B7_
FN:512,_RNCNvNtNtCsjp9E11WtBq9_13intent_engine12cli_handlers5other24check_session_start_hook0B7_
FN:527,_RNCNvNtNtCsjp9E11WtBq9_13intent_engine12cli_handlers5other24check_session_start_hooks0_0B7_
FN:526,_RNCNvNtNtCsjp9E11WtBq9_13intent_engine12cli_handlers5other24check_session_start_hooks_0B7_
FN:371,_RNvNtNtCsjp9E11WtBq9_13intent_engine12cli_handlers5other12handle_setup
FN:269,_RNvNtNtCsjp9E11WtBq9_13intent_engine12cli_handlers5other19handle_init_command
FN:583,_RNvNtNtCsjp9E11WtBq9_13intent_engine12cli_handlers5other19handle_logs_command
FN:84,_RNvNtNtCsjp9E11WtBq9_13intent_engine12cli_handlers5other20handle_event_command
FN:181,_RNvNtNtCsjp9E11WtBq9_13intent_engine12cli_handlers5other21handle_doctor_command
FN:66,_RNvNtNtCsjp9E11WtBq9_13intent_engine12cli_handlers5other21handle_report_command
FN:146,_RNvNtNtCsjp9E11WtBq9_13intent_engine12cli_handlers5other21handle_search_command
FN:13,_RNvNtNtCsjp9E11WtBq9_13intent_engine12cli_handlers5other22handle_current_command
FN:319,_RNvNtNtCsjp9E11WtBq9_13intent_engine12cli_handlers5other22handle_session_restore
FN:488,_RNvNtNtCsjp9E11WtBq9_13intent_engine12cli_handlers5other24check_session_start_hook
FN:371,_RNvNtNtCs86Lp2I5pN1o_13intent_engine12cli_handlers5other12handle_setup
FN:269,_RNvNtNtCs86Lp2I5pN1o_13intent_engine12cli_handlers5other19handle_init_command
FN:583,_RNvNtNtCs86Lp2I5pN1o_13intent_engine12cli_handlers5other19handle_logs_command
FN:84,_RNvNtNtCs86Lp2I5pN1o_13intent_engine12cli_handlers5other20handle_event_command
FN:181,_RNvNtNtCs86Lp2I5pN1o_13intent_engine12cli_handlers5other21handle_doctor_command
FN:66,_RNvNtNtCs86Lp2I5pN1o_13intent_engine12cli_handlers5other21handle_report_command
FN:146,_RNvNtNtCs86Lp2I5pN1o_13intent_engine12cli_handlers5other21handle_search_command
FN:13,_RNvNtNtCs86Lp2I5pN1o_13intent_engine12cli_handlers5other22handle_current_command
FN:319,_RNvNtNtCs86Lp2I5pN1o_13intent_engine12cli_handlers5other22handle_session_restore
FN:488,_RNvNtNtCs86Lp2I5pN1o_13intent_engine12cli_handlers5other24check_session_start_hook
FN:115,_RNCNCNvNtNtCs86Lp2I5pN1o_13intent_engine12cli_handlers5other20handle_event_command00B9_
FN:117,_RNCNCNvNtNtCs86Lp2I5pN1o_13intent_engine12cli_handlers5other20handle_event_command0s_0B9_
FN:239,_RNCNCNvNtNtCs86Lp2I5pN1o_13intent_engine12cli_handlers5other21handle_doctor_command00B9_
FN:242,_RNCNCNvNtNtCs86Lp2I5pN1o_13intent_engine12cli_handlers5other21handle_doctor_command0s_0B9_
FN:339,_RNCNCNvNtNtCs86Lp2I5pN1o_13intent_engine12cli_handlers5other22handle_session_restore00B9_
FN:530,_RNCNCNvNtNtCs86Lp2I5pN1o_13intent_engine12cli_handlers5other24check_session_start_hooks0_00B9_
FN:376,_RNCNvNtNtCs86Lp2I5pN1o_13intent_engine12cli_handlers5other12handle_setup0B7_
FN:269,_RNCNvNtNtCs86Lp2I5pN1o_13intent_engine12cli_handlers5other19handle_init_command0B7_
FN:84,_RNCNvNtNtCs86Lp2I5pN1o_13intent_engine12cli_handlers5other20handle_event_command0B7_
FN:181,_RNCNvNtNtCs86Lp2I5pN1o_13intent_engine12cli_handlers5other21handle_doctor_command0B7_
FN:72,_RNCNvNtNtCs86Lp2I5pN1o_13intent_engine12cli_handlers5other21handle_report_command0B7_
FN:152,_RNCNvNtNtCs86Lp2I5pN1o_13intent_engine12cli_handlers5other21handle_search_command0B7_
FN:16,_RNCNvNtNtCs86Lp2I5pN1o_13intent_engine12cli_handlers5other22handle_current_command0B7_
FN:322,_RNCNvNtNtCs86Lp2I5pN1o_13intent_engine12cli_handlers5other22handle_session_restore0B7_
FN:512,_RNCNvNtNtCs86Lp2I5pN1o_13intent_engine12cli_handlers5other24check_session_start_hook0B7_
FN:527,_RNCNvNtNtCs86Lp2I5pN1o_13intent_engine12cli_handlers5other24check_session_start_hooks0_0B7_
FN:526,_RNCNvNtNtCs86Lp2I5pN1o_13intent_engine12cli_handlers5other24check_session_start_hooks_0B7_
FNDA:0,_RNCNCNvNtNtCsjp9E11WtBq9_13intent_engine12cli_handlers5other20handle_event_command00B9_
FNDA:0,_RNCNCNvNtNtCsjp9E11WtBq9_13intent_engine12cli_handlers5other20handle_event_command0s_0B9_
FNDA:0,_RNCNCNvNtNtCsjp9E11WtBq9_13intent_engine12cli_handlers5other21handle_doctor_command00B9_
FNDA:0,_RNCNCNvNtNtCsjp9E11WtBq9_13intent_engine12cli_handlers5other21handle_doctor_command0s_0B9_
FNDA:0,_RNCNCNvNtNtCsjp9E11WtBq9_13intent_engine12cli_handlers5other22handle_session_restore00B9_
FNDA:0,_RNCNCNvNtNtCsjp9E11WtBq9_13intent_engine12cli_handlers5other24check_session_start_hooks0_00B9_
FNDA:0,_RNCNvNtNtCsjp9E11WtBq9_13intent_engine12cli_handlers5other12handle_setup0B7_
FNDA:0,_RNCNvNtNtCsjp9E11WtBq9_13intent_engine12cli_handlers5other19handle_init_command0B7_
FNDA:0,_RNCNvNtNtCsjp9E11WtBq9_13intent_engine12cli_handlers5other20handle_event_command0B7_
FNDA:0,_RNCNvNtNtCsjp9E11WtBq9_13intent_engine12cli_handlers5other21handle_doctor_command0B7_
FNDA:0,_RNCNvNtNtCsjp9E11WtBq9_13intent_engine12cli_handlers5other21handle_report_command0B7_
FNDA:0,_RNCNvNtNtCsjp9E11WtBq9_13intent_engine12cli_handlers5other21handle_search_command0B7_
FNDA:0,_RNCNvNtNtCsjp9E11WtBq9_13intent_engine12cli_handlers5other22handle_current_command0B7_
FNDA:0,_RNCNvNtNtCsjp9E11WtBq9_13intent_engine12cli_handlers5other22handle_session_restore0B7_
FNDA:0,_RNCNvNtNtCsjp9E11WtBq9_13intent_engine12cli_handlers5other24check_session_start_hook0B7_
FNDA:0,_RNCNvNtNtCsjp9E11WtBq9_13intent_engine12cli_handlers5other24check_session_start_hooks0_0B7_
FNDA:0,_RNCNvNtNtCsjp9E11WtBq9_13intent_engine12cli_handlers5other24check_session_start_hooks_0B7_
FNDA:0,_RNvNtNtCsjp9E11WtBq9_13intent_engine12cli_handlers5other12handle_setup
FNDA:0,_RNvNtNtCsjp9E11WtBq9_13intent_engine12cli_handlers5other19handle_init_command
FNDA:0,_RNvNtNtCsjp9E11WtBq9_13intent_engine12cli_handlers5other19handle_logs_command
FNDA:0,_RNvNtNtCsjp9E11WtBq9_13intent_engine12cli_handlers5other20handle_event_command
FNDA:0,_RNvNtNtCsjp9E11WtBq9_13intent_engine12cli_handlers5other21handle_doctor_command
FNDA:0,_RNvNtNtCsjp9E11WtBq9_13intent_engine12cli_handlers5other21handle_report_command
FNDA:0,_RNvNtNtCsjp9E11WtBq9_13intent_engine12cli_handlers5other21handle_search_command
FNDA:0,_RNvNtNtCsjp9E11WtBq9_13intent_engine12cli_handlers5other22handle_current_command
FNDA:0,_RNvNtNtCsjp9E11WtBq9_13intent_engine12cli_handlers5other22handle_session_restore
FNDA:0,_RNvNtNtCsjp9E11WtBq9_13intent_engine12cli_handlers5other24check_session_start_hook
FNDA:0,_RNvNtNtCs86Lp2I5pN1o_13intent_engine12cli_handlers5other12handle_setup
FNDA:0,_RNvNtNtCs86Lp2I5pN1o_13intent_engine12cli_handlers5other19handle_init_command
FNDA:0,_RNvNtNtCs86Lp2I5pN1o_13intent_engine12cli_handlers5other19handle_logs_command
FNDA:0,_RNvNtNtCs86Lp2I5pN1o_13intent_engine12cli_handlers5other20handle_event_command
FNDA:0,_RNvNtNtCs86Lp2I5pN1o_13intent_engine12cli_handlers5other21handle_doctor_command
FNDA:0,_RNvNtNtCs86Lp2I5pN1o_13intent_engine12cli_handlers5other21handle_report_command
FNDA:0,_RNvNtNtCs86Lp2I5pN1o_13intent_engine12cli_handlers5other21handle_search_command
FNDA:0,_RNvNtNtCs86Lp2I5pN1o_13intent_engine12cli_handlers5other22handle_current_command
FNDA:0,_RNvNtNtCs86Lp2I5pN1o_13intent_engine12cli_handlers5other22handle_session_restore
FNDA:0,_RNvNtNtCs86Lp2I5pN1o_13intent_engine12cli_handlers5other24check_session_start_hook
FNDA:0,_RNCNCNvNtNtCs86Lp2I5pN1o_13intent_engine12cli_handlers5other20handle_event_command00B9_
FNDA:0,_RNCNCNvNtNtCs86Lp2I5pN1o_13intent_engine12cli_handlers5other20handle_event_command0s_0B9_
FNDA:0,_RNCNCNvNtNtCs86Lp2I5pN1o_13intent_engine12cli_handlers5other21handle_doctor_command00B9_
FNDA:0,_RNCNCNvNtNtCs86Lp2I5pN1o_13intent_engine12cli_handlers5other21handle_doctor_command0s_0B9_
FNDA:0,_RNCNCNvNtNtCs86Lp2I5pN1o_13intent_engine12cli_handlers5other22handle_session_restore00B9_
FNDA:0,_RNCNCNvNtNtCs86Lp2I5pN1o_13intent_engine12cli_handlers5other24check_session_start_hooks0_00B9_
FNDA:0,_RNCNvNtNtCs86Lp2I5pN1o_13intent_engine12cli_handlers5other12handle_setup0B7_
FNDA:0,_RNCNvNtNtCs86Lp2I5pN1o_13intent_engine12cli_handlers5other19handle_init_command0B7_
FNDA:0,_RNCNvNtNtCs86Lp2I5pN1o_13intent_engine12cli_handlers5other20handle_event_command0B7_
FNDA:0,_RNCNvNtNtCs86Lp2I5pN1o_13intent_engine12cli_handlers5other21handle_doctor_command0B7_
FNDA:0,_RNCNvNtNtCs86Lp2I5pN1o_13intent_engine12cli_handlers5other21handle_report_command0B7_
FNDA:0,_RNCNvNtNtCs86Lp2I5pN1o_13intent_engine12cli_handlers5other21handle_search_command0B7_
FNDA:0,_RNCNvNtNtCs86Lp2I5pN1o_13intent_engine12cli_handlers5other22handle_current_command0B7_
FNDA:0,_RNCNvNtNtCs86Lp2I5pN1o_13intent_engine12cli_handlers5other22handle_session_restore0B7_
FNDA:0,_RNCNvNtNtCs86Lp2I5pN1o_13intent_engine12cli_handlers5other24check_session_start_hook0B7_
FNDA:0,_RNCNvNtNtCs86Lp2I5pN1o_13intent_engine12cli_handlers5other24check_session_start_hooks0_0B7_
FNDA:0,_RNCNvNtNtCs86Lp2I5pN1o_13intent_engine12cli_handlers5other24check_session_start_hooks_0B7_
FNF:27
FNH:0
DA:13,0
DA:14,0
DA:15,0
DA:16,0
DA:17,0
DA:18,0
DA:21,0
DA:22,0
DA:23,0
DA:24,0
DA:27,0
DA:28,0
DA:29,0
DA:30,0
DA:31,0
DA:32,0
DA:35,0
DA:36,0
DA:37,0
DA:38,0
DA:39,0
DA:42,0
DA:43,0
DA:44,0
DA:45,0
DA:48,0
DA:49,0
DA:50,0
DA:51,0
DA:52,0
DA:53,0
DA:54,0
DA:58,0
DA:59,0
DA:63,0
DA:64,0
DA:66,0
DA:67,0
DA:68,0
DA:69,0
DA:70,0
DA:71,0
DA:72,0
DA:73,0
DA:74,0
DA:76,0
DA:77,0
DA:78,0
DA:79,0
DA:81,0
DA:82,0
DA:84,0
DA:85,0
DA:87,0
DA:88,0
DA:89,0
DA:91,0
DA:92,0
DA:94,0
DA:95,0
DA:97,0
DA:98,0
DA:99,0
DA:103,0
DA:105,0
DA:108,0
DA:109,0
DA:110,0
DA:111,0
DA:112,0
DA:114,0
DA:115,0
DA:116,0
DA:117,0
DA:118,0
DA:121,0
DA:122,0
DA:123,0
DA:124,0
DA:128,0
DA:129,0
DA:130,0
DA:131,0
DA:133,0
DA:134,0
DA:136,0
DA:137,0
DA:138,0
DA:139,0
DA:143,0
DA:144,0
DA:146,0
DA:147,0
DA:148,0
DA:149,0
DA:150,0
DA:151,0
DA:152,0
DA:155,0
DA:156,0
DA:158,0
DA:159,0
DA:160,0
DA:163,0
DA:164,0
DA:167,0
DA:170,0
DA:171,0
DA:172,0
DA:173,0
DA:174,0
DA:175,0
DA:177,0
DA:178,0
DA:179,0
DA:181,0
DA:184,0
DA:187,0
DA:188,0
DA:189,0
DA:190,0
DA:191,0
DA:195,0
DA:196,0
DA:197,0
DA:198,0
DA:199,0
DA:201,0
DA:202,0
DA:203,0
DA:204,0
DA:205,0
DA:206,0
DA:207,0
DA:208,0
DA:209,0
DA:210,0
DA:211,0
DA:212,0
DA:213,0
DA:214,0
DA:215,0
DA:216,0
DA:217,0
DA:218,0
DA:219,0
DA:222,0
DA:223,0
DA:224,0
DA:225,0
DA:226,0
DA:227,0
DA:228,0
DA:232,0
DA:233,0
DA:234,0
DA:237,0
DA:238,0
DA:239,0
DA:240,0
DA:241,0
DA:242,0
DA:244,0
DA:245,0
DA:246,0
DA:247,0
DA:249,0
DA:252,0
DA:253,0
DA:254,0
DA:255,0
DA:256,0
DA:257,0
DA:260,0
DA:262,0
DA:263,0
DA:264,0
DA:266,0
DA:267,0
DA:269,0
DA:273,0
DA:274,0
DA:275,0
DA:276,0
DA:277,0
DA:278,0
DA:279,0
DA:280,0
DA:281,0
DA:282,0
DA:283,0
DA:284,0
DA:285,0
DA:286,0
DA:287,0
DA:290,0
DA:293,0
DA:296,0
DA:297,0
DA:298,0
DA:299,0
DA:301,0
DA:302,0
DA:305,0
DA:308,0
DA:309,0
DA:310,0
DA:311,0
DA:312,0
DA:315,0
DA:316,0
DA:317,0
DA:319,0
DA:320,0
DA:321,0
DA:322,0
DA:326,0
DA:327,0
DA:328,0
DA:331,0
DA:332,0
DA:335,0
DA:336,0
DA:337,0
DA:338,0
DA:339,0
DA:340,0
DA:341,0
DA:342,0
DA:343,0
DA:344,0
DA:345,0
DA:346,0
DA:347,0
DA:348,0
DA:349,0
DA:350,0
DA:351,0
DA:352,0
DA:353,0
DA:354,0
DA:355,0
DA:356,0
DA:358,0
DA:359,0
DA:363,0
DA:364,0
DA:366,0
DA:368,0
DA:369,0
DA:371,0
DA:372,0
DA:373,0
DA:374,0
DA:375,0
DA:376,0
DA:380,0
DA:381,0
DA:384,0
DA:387,0
DA:388,0
DA:389,0
DA:390,0
DA:391,0
DA:394,0
DA:396,0
DA:401,0
DA:402,0
DA:405,0
DA:406,0
DA:407,0
DA:408,0
DA:410,0
DA:411,0
DA:412,0
DA:413,0
DA:414,0
DA:415,0
DA:416,0
DA:418,0
DA:419,0
DA:420,0
DA:421,0
DA:422,0
DA:423,0
DA:424,0
DA:425,0
DA:427,0
DA:428,0
DA:429,0
DA:430,0
DA:431,0
DA:432,0
DA:433,0
DA:434,0
DA:436,0
DA:440,0
DA:441,0
DA:442,0
DA:443,0
DA:445,0
DA:446,0
DA:447,0
DA:449,0
DA:450,0
DA:451,0
DA:452,0
DA:454,0
DA:455,0
DA:456,0
DA:457,0
DA:458,0
DA:459,0
DA:460,0
DA:461,0
DA:463,0
DA:464,0
DA:465,0
DA:466,0
DA:467,0
DA:468,0
DA:470,0
DA:472,0
DA:473,0
DA:474,0
DA:475,0
DA:476,0
DA:477,0
DA:478,0
DA:480,0
DA:481,0
DA:482,0
DA:483,0
DA:485,0
DA:488,0
DA:492,0
DA:493,0
DA:495,0
DA:496,0
DA:497,0
DA:498,0
DA:503,0
DA:504,0
DA:506,0
DA:507,0
DA:511,0
DA:512,0
DA:513,0
DA:520,0
DA:523,0
DA:524,0
DA:525,0
DA:526,0
DA:527,0
DA:528,0
DA:529,0
DA:530,0
DA:531,0
DA:532,0
DA:533,0
DA:535,0
DA:538,0
DA:540,0
DA:541,0
DA:542,0
DA:543,0
DA:544,0
DA:545,0
DA:546,0
DA:547,0
DA:548,0
DA:551,0
DA:552,0
DA:553,0
DA:554,0
DA:555,0
DA:556,0
DA:557,0
DA:558,0
DA:561,0
DA:562,0
DA:563,0
DA:564,0
DA:565,0
DA:566,0
DA:567,0
DA:571,0
DA:572,0
DA:573,0
DA:574,0
DA:575,0
DA:576,0
DA:577,0
DA:581,0
DA:583,0
DA:584,0
DA:585,0
DA:586,0
DA:587,0
DA:588,0
DA:589,0
DA:590,0
DA:591,0
DA:597,0
DA:598,0
DA:599,0
DA:600,0
DA:601,0
DA:602,0
DA:604,0
DA:605,0
DA:606,0
DA:607,0
DA:608,0
DA:609,0
DA:610,0
DA:611,0
DA:612,0
DA:614,0
DA:616,0
DA:617,0
DA:618,0
DA:619,0
DA:620,0
DA:621,0
DA:622,0
DA:625,0
DA:628,0
DA:629,0
DA:630,0
DA:633,0
DA:635,0
DA:636,0
DA:637,0
DA:638,0
DA:641,0
DA:642,0
DA:643,0
DA:644,0
DA:645,0
DA:646,0
DA:647,0
DA:648,0
DA:649,0
DA:650,0
DA:652,0
DA:655,0
DA:656,0
DA:657,0
DA:661,0
DA:662,0
BRF:0
BRH:0
LF:467
LH:0
end_of_record
SF:/mnt/d/prj/intent-engine/src/cli_handlers/task.rs
FN:9,_RNvNtNtCsjp9E11WtBq9_13intent_engine12cli_handlers4task19handle_task_command
FN:105,_RNCNCNvNtNtCsjp9E11WtBq9_13intent_engine12cli_handlers4task19handle_task_command00B9_
FN:217,_RNCNCNvNtNtCsjp9E11WtBq9_13intent_engine12cli_handlers4task19handle_task_command0s_0B9_
FN:9,_RNCNvNtNtCsjp9E11WtBq9_13intent_engine12cli_handlers4task19handle_task_command0B7_
FN:9,_RNvNtNtCs86Lp2I5pN1o_13intent_engine12cli_handlers4task19handle_task_command
FN:105,_RNCNCNvNtNtCs86Lp2I5pN1o_13intent_engine12cli_handlers4task19handle_task_command00B9_
FN:217,_RNCNCNvNtNtCs86Lp2I5pN1o_13intent_engine12cli_handlers4task19handle_task_command0s_0B9_
FN:9,_RNCNvNtNtCs86Lp2I5pN1o_13intent_engine12cli_handlers4task19handle_task_command0B7_
FNDA:0,_RNvNtNtCsjp9E11WtBq9_13intent_engine12cli_handlers4task19handle_task_command
FNDA:0,_RNCNCNvNtNtCsjp9E11WtBq9_13intent_engine12cli_handlers4task19handle_task_command00B9_
FNDA:0,_RNCNCNvNtNtCsjp9E11WtBq9_13intent_engine12cli_handlers4task19handle_task_command0s_0B9_
FNDA:0,_RNCNvNtNtCsjp9E11WtBq9_13intent_engine12cli_handlers4task19handle_task_command0B7_
FNDA:0,_RNvNtNtCs86Lp2I5pN1o_13intent_engine12cli_handlers4task19handle_task_command
FNDA:0,_RNCNCNvNtNtCs86Lp2I5pN1o_13intent_engine12cli_handlers4task19handle_task_command00B9_
FNDA:0,_RNCNCNvNtNtCs86Lp2I5pN1o_13intent_engine12cli_handlers4task19handle_task_command0s_0B9_
FNDA:0,_RNCNvNtNtCs86Lp2I5pN1o_13intent_engine12cli_handlers4task19handle_task_command0B7_
FNF:4
FNH:0
DA:9,0
DA:10,0
DA:12,0
DA:13,0
DA:14,0
DA:16,0
DA:17,0
DA:19,0
DA:20,0
DA:22,0
DA:25,0
DA:26,0
DA:29,0
DA:30,0
DA:31,0
DA:33,0
DA:34,0
DA:35,0
DA:37,0
DA:38,0
DA:43,0
DA:44,0
DA:45,0
DA:46,0
DA:47,0
DA:48,0
DA:49,0
DA:51,0
DA:52,0
DA:54,0
DA:55,0
DA:57,0
DA:61,0
DA:62,0
DA:63,0
DA:66,0
DA:67,0
DA:68,0
DA:69,0
DA:70,0
DA:71,0
DA:72,0
DA:73,0
DA:74,0
DA:75,0
DA:76,0
DA:77,0
DA:78,0
DA:81,0
DA:82,0
DA:83,0
DA:85,0
DA:86,0
DA:87,0
DA:88,0
DA:89,0
DA:90,0
DA:91,0
DA:96,0
DA:97,0
DA:98,0
DA:99,0
DA:100,0
DA:102,0
DA:103,0
DA:105,0
DA:106,0
DA:107,0
DA:109,0
DA:111,0
DA:115,0
DA:116,0
DA:117,0
DA:118,0
DA:119,0
DA:120,0
DA:121,0
DA:122,0
DA:123,0
DA:124,0
DA:125,0
DA:129,0
DA:130,0
DA:131,0
DA:132,0
DA:135,0
DA:136,0
DA:137,0
DA:139,0
DA:140,0
DA:144,0
DA:145,0
DA:147,0
DA:148,0
DA:151,0
DA:152,0
DA:153,0
DA:155,0
DA:158,0
DA:159,0
DA:160,0
DA:162,0
DA:163,0
DA:164,0
DA:165,0
DA:169,0
DA:170,0
DA:171,0
DA:173,0
DA:174,0
DA:176,0
DA:179,0
DA:180,0
DA:184,0
DA:185,0
DA:187,0
DA:189,0
DA:190,0
DA:191,0
DA:193,0
DA:194,0
DA:195,0
DA:196,0
DA:197,0
DA:198,0
DA:199,0
DA:204,0
DA:207,0
DA:208,0
DA:209,0
DA:210,0
DA:213,0
DA:214,0
DA:216,0
DA:217,0
DA:218,0
DA:219,0
DA:220,0
DA:221,0
DA:222,0
DA:225,0
DA:228,0
DA:232,0
DA:233,0
BRF:0
BRH:0
LF:148
LH:0
end_of_record
SF:/mnt/d/prj/intent-engine/src/cli_handlers/utils.rs
FN:10,_RNvNtNtCsjp9E11WtBq9_13intent_engine12cli_handlers5utils10read_stdin
FN:49,_RNvNtNtCsjp9E11WtBq9_13intent_engine12cli_handlers5utils16get_status_badge
FN:59,_RNvNtNtCsjp9E11WtBq9_13intent_engine12cli_handlers5utils18print_task_context
FN:131,_RNvNtNtNtCs86Lp2I5pN1o_13intent_engine12cli_handlers5utils5tests16create_test_task
FN:148,_RNvNtNtNtCs86Lp2I5pN1o_13intent_engine12cli_handlers5utils5testss_26test_get_status_badge_done
FN:158,_RNvNtNtNtCs86Lp2I5pN1o_13intent_engine12cli_handlers5utils5testss_26test_get_status_badge_todo
FN:153,_RNvNtNtNtCs86Lp2I5pN1o_13intent_engine12cli_handlers5utils5testss_27test_get_status_badge_doing
FN:163,_RNvNtNtNtCs86Lp2I5pN1o_13intent_engine12cli_handlers5utils5testss_29test_get_status_badge_unknown
FN:170,_RNvNtNtNtCs86Lp2I5pN1o_13intent_engine12cli_handlers5utils5testss_29test_print_task_context_basic
FN:190,_RNvNtNtNtCs86Lp2I5pN1o_13intent_engine12cli_handlers5utils5testss_33test_print_task_context_with_spec
FN:210,_RNvNtNtNtCs86Lp2I5pN1o_13intent_engine12cli_handlers5utils5testss_37test_print_task_context_with_children
FN:272,_RNvNtNtNtCs86Lp2I5pN1o_13intent_engine12cli_handlers5utils5testss_37test_print_task_context_with_siblings
FN:231,_RNvNtNtNtCs86Lp2I5pN1o_13intent_engine12cli_handlers5utils5testss_38test_print_task_context_with_ancestors
FN:251,_RNvNtNtNtCs86Lp2I5pN1o_13intent_engine12cli_handlers5utils5testss_41test_print_task_context_with_dependencies
FN:10,_RNvNtNtCs86Lp2I5pN1o_13intent_engine12cli_handlers5utils10read_stdin
FN:49,_RNvNtNtCs86Lp2I5pN1o_13intent_engine12cli_handlers5utils16get_status_badge
FN:59,_RNvNtNtCs86Lp2I5pN1o_13intent_engine12cli_handlers5utils18print_task_context
FNDA:0,_RNvNtNtCsjp9E11WtBq9_13intent_engine12cli_handlers5utils10read_stdin
FNDA:0,_RNvNtNtCsjp9E11WtBq9_13intent_engine12cli_handlers5utils16get_status_badge
FNDA:0,_RNvNtNtCsjp9E11WtBq9_13intent_engine12cli_handlers5utils18print_task_context
FNDA:12,_RNvNtNtNtCs86Lp2I5pN1o_13intent_engine12cli_handlers5utils5tests16create_test_task
FNDA:1,_RNvNtNtNtCs86Lp2I5pN1o_13intent_engine12cli_handlers5utils5testss_26test_get_status_badge_done
FNDA:1,_RNvNtNtNtCs86Lp2I5pN1o_13intent_engine12cli_handlers5utils5testss_26test_get_status_badge_todo
FNDA:1,_RNvNtNtNtCs86Lp2I5pN1o_13intent_engine12cli_handlers5utils5testss_27test_get_status_badge_doing
FNDA:1,_RNvNtNtNtCs86Lp2I5pN1o_13intent_engine12cli_handlers5utils5testss_29test_get_status_badge_unknown
FNDA:1,_RNvNtNtNtCs86Lp2I5pN1o_13intent_engine12cli_handlers5utils5testss_29test_print_task_context_basic
FNDA:1,_RNvNtNtNtCs86Lp2I5pN1o_13intent_engine12cli_handlers5utils5testss_33test_print_task_context_with_spec
FNDA:1,_RNvNtNtNtCs86Lp2I5pN1o_13intent_engine12cli_handlers5utils5testss_37test_print_task_context_with_children
FNDA:1,_RNvNtNtNtCs86Lp2I5pN1o_13intent_engine12cli_handlers5utils5testss_37test_print_task_context_with_siblings
FNDA:1,_RNvNtNtNtCs86Lp2I5pN1o_13intent_engine12cli_handlers5utils5testss_38test_print_task_context_with_ancestors
FNDA:1,_RNvNtNtNtCs86Lp2I5pN1o_13intent_engine12cli_handlers5utils5testss_41test_print_task_context_with_dependencies
FNDA:0,_RNvNtNtCs86Lp2I5pN1o_13intent_engine12cli_handlers5utils10read_stdin
FNDA:18,_RNvNtNtCs86Lp2I5pN1o_13intent_engine12cli_handlers5utils16get_status_badge
FNDA:6,_RNvNtNtCs86Lp2I5pN1o_13intent_engine12cli_handlers5utils18print_task_context
FNF:14
FNH:13
DA:10,0
DA:42,0
DA:43,0
DA:44,0
DA:46,0
DA:49,18
DA:50,18
DA:51,18
DA:52,16
DA:53,9
DA:54,3
DA:56,18
DA:59,6
DA:61,6
DA:62,6
DA:63,6
DA:65,6
DA:66,1
DA:67,3
DA:68,3
DA:69,3
DA:70,5
DA:73,6
DA:74,1
DA:75,1
DA:76,1
DA:77,1
DA:78,1
DA:79,1
DA:80,1
DA:81,1
DA:82,1
DA:83,5
DA:86,6
DA:87,1
DA:88,3
DA:89,2
DA:90,2
DA:91,2
DA:92,5
DA:95,6
DA:96,1
DA:97,2
DA:98,1
DA:99,1
DA:100,1
DA:101,5
DA:104,6
DA:105,1
DA:106,2
DA:107,1
DA:108,1
DA:109,1
DA:110,5
DA:113,6
DA:114,1
DA:115,2
DA:116,1
DA:117,1
DA:118,1
DA:119,5
DA:121,6
DA:122,6
DA:123,6
DA:131,12
DA:132,12
DA:133,12
DA:134,12
DA:135,12
DA:136,12
DA:137,12
DA:138,12
DA:139,12
DA:140,12
DA:141,12
DA:142,12
DA:143,12
DA:144,12
DA:145,12
DA:148,1
DA:149,1
DA:150,1
DA:153,1
DA:154,1
DA:155,1
DA:158,1
DA:159,1
DA:160,1
DA:163,1
DA:164,1
DA:165,1
DA:166,1
DA:167,1
DA:170,1
DA:171,1
DA:173,1
DA:174,1
DA:175,1
DA:176,1
DA:177,1
DA:178,1
DA:179,1
DA:180,1
DA:181,1
DA:182,1
DA:185,1
DA:186,1
DA:187,1
DA:190,1
DA:191,1
DA:192,1
DA:194,1
DA:195,1
DA:196,1
DA:197,1
DA:198,1
DA:199,1
DA:200,1
DA:201,1
DA:202,1
DA:203,1
DA:205,1
DA:206,1
DA:207,1
DA:210,1
DA:211,1
DA:212,1
DA:213,1
DA:215,1
DA:216,1
DA:217,1
DA:218,1
DA:219,1
DA:220,1
DA:221,1
DA:222,1
DA:223,1
DA:224,1
DA:226,1
DA:227,1
DA:228,1
DA:231,1
DA:232,1
DA:233,1
DA:235,1
DA:236,1
DA:237,1
DA:238,1
DA:239,1
DA:240,1
DA:241,1
DA:242,1
DA:243,1
DA:244,1
DA:246,1
DA:247,1
DA:248,1
DA:251,1
DA:252,1
DA:253,1
DA:254,1
DA:256,1
DA:257,1
DA:258,1
DA:259,1
DA:260,1
DA:261,1
DA:262,1
DA:263,1
DA:264,1
DA:265,1
DA:267,1
DA:268,1
DA:269,1
DA:272,1
DA:273,1
DA:274,1
DA:276,1
DA:277,1
DA:278,1
DA:279,1
DA:280,1
DA:281,1
DA:282,1
DA:283,1
DA:284,1
DA:285,1
DA:287,1
DA:288,1
DA:289,1
BRF:0
BRH:0
LF:190
LH:185
end_of_record
SF:/mnt/d/prj/intent-engine/src/dashboard/handlers.rs
FN:24,_RNCNCNvNtNtCsjp9E11WtBq9_13intent_engine9dashboard8handlers10list_tasks00B9_
FN:427,_RNCNCNvNtNtCsjp9E11WtBq9_13intent_engine9dashboard8handlers11list_events00B9_
FN:685,_RNCNCNvNtNtCsjp9E11WtBq9_13intent_engine9dashboard8handlers13list_projects00B9_
FN:769,_RNCNCNvNtNtCsjp9E11WtBq9_13intent_engine9dashboard8handlers14switch_project00B9_
FN:643,_RNCNCNvNtNtCsjp9E11WtBq9_13intent_engine9dashboard8handlers6search00B9_
FN:644,_RNCNCNvNtNtCsjp9E11WtBq9_13intent_engine9dashboard8handlers6search0s_0B9_
FN:19,_RNCNvNtNtCsjp9E11WtBq9_13intent_engine9dashboard8handlers10list_tasks0B7_
FN:250,_RNCNvNtNtCsjp9E11WtBq9_13intent_engine9dashboard8handlers10start_task0B7_
FN:99,_RNCNvNtNtCsjp9E11WtBq9_13intent_engine9dashboard8handlers11create_task0B7_
FN:214,_RNCNvNtNtCsjp9E11WtBq9_13intent_engine9dashboard8handlers11delete_task0B7_
FN:419,_RNCNvNtNtCsjp9E11WtBq9_13intent_engine9dashboard8handlers11list_events0B7_
FN:147,_RNCNvNtNtCsjp9E11WtBq9_13intent_engine9dashboard8handlers11update_task0B7_
FN:451,_RNCNvNtNtCsjp9E11WtBq9_13intent_engine9dashboard8handlers12create_event0B7_
FN:561,_RNCNvNtNtCsjp9E11WtBq9_13intent_engine9dashboard8handlers12delete_event0B7_
FN:499,_RNCNvNtNtCsjp9E11WtBq9_13intent_engine9dashboard8handlers12update_event0B7_
FN:663,_RNCNvNtNtCsjp9E11WtBq9_13intent_engine9dashboard8handlers13list_projects0B7_
FN:327,_RNCNvNtNtCsjp9E11WtBq9_13intent_engine9dashboard8handlers13spawn_subtask0B7_
FN:396,_RNCNvNtNtCsjp9E11WtBq9_13intent_engine9dashboard8handlers14pick_next_task0B7_
FN:712,_RNCNvNtNtCsjp9E11WtBq9_13intent_engine9dashboard8handlers14switch_project0B7_
FN:364,_RNCNvNtNtCsjp9E11WtBq9_13intent_engine9dashboard8handlers16get_current_task0B7_
FN:634,_RNCNvNtNtCsjp9E11WtBq9_13intent_engine9dashboard8handlers6search0B7_
FN:68,_RNCNvNtNtCsjp9E11WtBq9_13intent_engine9dashboard8handlers8get_task0B7_
FN:286,_RNCNvNtNtCsjp9E11WtBq9_13intent_engine9dashboard8handlers9done_task0B7_
FN:16,_RNvNtNtCsjp9E11WtBq9_13intent_engine9dashboard8handlers10list_tasks
FN:250,_RNvNtNtCsjp9E11WtBq9_13intent_engine9dashboard8handlers10start_task
FN:96,_RNvNtNtCsjp9E11WtBq9_13intent_engine9dashboard8handlers11create_task
FN:214,_RNvNtNtCsjp9E11WtBq9_13intent_engine9dashboard8handlers11delete_task
FN:415,_RNvNtNtCsjp9E11WtBq9_13intent_engine9dashboard8handlers11list_events
FN:143,_RNvNtNtCsjp9E11WtBq9_13intent_engine9dashboard8handlers11update_task
FN:447,_RNvNtNtCsjp9E11WtBq9_13intent_engine9dashboard8handlers12create_event
FN:558,_RNvNtNtCsjp9E11WtBq9_13intent_engine9dashboard8handlers12delete_event
FN:495,_RNvNtNtCsjp9E11WtBq9_13intent_engine9dashboard8handlers12update_event
FN:663,_RNvNtNtCsjp9E11WtBq9_13intent_engine9dashboard8handlers13list_projects
FN:323,_RNvNtNtCsjp9E11WtBq9_13intent_engine9dashboard8handlers13spawn_subtask
FN:396,_RNvNtNtCsjp9E11WtBq9_13intent_engine9dashboard8handlers14pick_next_task
FN:709,_RNvNtNtCsjp9E11WtBq9_13intent_engine9dashboard8handlers14switch_project
FN:364,_RNvNtNtCsjp9E11WtBq9_13intent_engine9dashboard8handlers16get_current_task
FN:631,_RNvNtNtCsjp9E11WtBq9_13intent_engine9dashboard8handlers6search
FN:68,_RNvNtNtCsjp9E11WtBq9_13intent_engine9dashboard8handlers8get_task
FN:286,_RNvNtNtCsjp9E11WtBq9_13intent_engine9dashboard8handlers9done_task
FN:24,_RNCNCNvNtNtCs86Lp2I5pN1o_13intent_engine9dashboard8handlers10list_tasks00B9_
FN:427,_RNCNCNvNtNtCs86Lp2I5pN1o_13intent_engine9dashboard8handlers11list_events00B9_
FN:685,_RNCNCNvNtNtCs86Lp2I5pN1o_13intent_engine9dashboard8handlers13list_projects00B9_
FN:769,_RNCNCNvNtNtCs86Lp2I5pN1o_13intent_engine9dashboard8handlers14switch_project00B9_
FN:643,_RNCNCNvNtNtCs86Lp2I5pN1o_13intent_engine9dashboard8handlers6search00B9_
FN:644,_RNCNCNvNtNtCs86Lp2I5pN1o_13intent_engine9dashboard8handlers6search0s_0B9_
FN:19,_RNCNvNtNtCs86Lp2I5pN1o_13intent_engine9dashboard8handlers10list_tasks0B7_
FN:250,_RNCNvNtNtCs86Lp2I5pN1o_13intent_engine9dashboard8handlers10start_task0B7_
FN:99,_RNCNvNtNtCs86Lp2I5pN1o_13intent_engine9dashboard8handlers11create_task0B7_
FN:214,_RNCNvNtNtCs86Lp2I5pN1o_13intent_engine9dashboard8handlers11delete_task0B7_
FN:419,_RNCNvNtNtCs86Lp2I5pN1o_13intent_engine9dashboard8handlers11list_events0B7_
FN:147,_RNCNvNtNtCs86Lp2I5pN1o_13intent_engine9dashboard8handlers11update_task0B7_
FN:451,_RNCNvNtNtCs86Lp2I5pN1o_13intent_engine9dashboard8handlers12create_event0B7_
FN:561,_RNCNvNtNtCs86Lp2I5pN1o_13intent_engine9dashboard8handlers12delete_event0B7_
FN:499,_RNCNvNtNtCs86Lp2I5pN1o_13intent_engine9dashboard8handlers12update_event0B7_
FN:663,_RNCNvNtNtCs86Lp2I5pN1o_13intent_engine9dashboard8handlers13list_projects0B7_
FN:327,_RNCNvNtNtCs86Lp2I5pN1o_13intent_engine9dashboard8handlers13spawn_subtask0B7_
FN:396,_RNCNvNtNtCs86Lp2I5pN1o_13intent_engine9dashboard8handlers14pick_next_task0B7_
FN:712,_RNCNvNtNtCs86Lp2I5pN1o_13intent_engine9dashboard8handlers14switch_project0B7_
FN:364,_RNCNvNtNtCs86Lp2I5pN1o_13intent_engine9dashboard8handlers16get_current_task0B7_
FN:634,_RNCNvNtNtCs86Lp2I5pN1o_13intent_engine9dashboard8handlers6search0B7_
FN:68,_RNCNvNtNtCs86Lp2I5pN1o_13intent_engine9dashboard8handlers8get_task0B7_
FN:286,_RNCNvNtNtCs86Lp2I5pN1o_13intent_engine9dashboard8handlers9done_task0B7_
FN:16,_RNvNtNtCs86Lp2I5pN1o_13intent_engine9dashboard8handlers10list_tasks
FN:250,_RNvNtNtCs86Lp2I5pN1o_13intent_engine9dashboard8handlers10start_task
FN:96,_RNvNtNtCs86Lp2I5pN1o_13intent_engine9dashboard8handlers11create_task
FN:214,_RNvNtNtCs86Lp2I5pN1o_13intent_engine9dashboard8handlers11delete_task
FN:415,_RNvNtNtCs86Lp2I5pN1o_13intent_engine9dashboard8handlers11list_events
FN:143,_RNvNtNtCs86Lp2I5pN1o_13intent_engine9dashboard8handlers11update_task
FN:447,_RNvNtNtCs86Lp2I5pN1o_13intent_engine9dashboard8handlers12create_event
FN:558,_RNvNtNtCs86Lp2I5pN1o_13intent_engine9dashboard8handlers12delete_event
FN:495,_RNvNtNtCs86Lp2I5pN1o_13intent_engine9dashboard8handlers12update_event
FN:663,_RNvNtNtCs86Lp2I5pN1o_13intent_engine9dashboard8handlers13list_projects
FN:323,_RNvNtNtCs86Lp2I5pN1o_13intent_engine9dashboard8handlers13spawn_subtask
FN:396,_RNvNtNtCs86Lp2I5pN1o_13intent_engine9dashboard8handlers14pick_next_task
FN:709,_RNvNtNtCs86Lp2I5pN1o_13intent_engine9dashboard8handlers14switch_project
FN:364,_RNvNtNtCs86Lp2I5pN1o_13intent_engine9dashboard8handlers16get_current_task
FN:631,_RNvNtNtCs86Lp2I5pN1o_13intent_engine9dashboard8handlers6search
FN:68,_RNvNtNtCs86Lp2I5pN1o_13intent_engine9dashboard8handlers8get_task
FN:286,_RNvNtNtCs86Lp2I5pN1o_13intent_engine9dashboard8handlers9done_task
FNDA:0,_RNCNCNvNtNtCsjp9E11WtBq9_13intent_engine9dashboard8handlers10list_tasks00B9_
FNDA:0,_RNCNCNvNtNtCsjp9E11WtBq9_13intent_engine9dashboard8handlers11list_events00B9_
FNDA:0,_RNCNCNvNtNtCsjp9E11WtBq9_13intent_engine9dashboard8handlers13list_projects00B9_
FNDA:0,_RNCNCNvNtNtCsjp9E11WtBq9_13intent_engine9dashboard8handlers14switch_project00B9_
FNDA:0,_RNCNCNvNtNtCsjp9E11WtBq9_13intent_engine9dashboard8handlers6search00B9_
FNDA:0,_RNCNCNvNtNtCsjp9E11WtBq9_13intent_engine9dashboard8handlers6search0s_0B9_
FNDA:0,_RNCNvNtNtCsjp9E11WtBq9_13intent_engine9dashboard8handlers10list_tasks0B7_
FNDA:0,_RNCNvNtNtCsjp9E11WtBq9_13intent_engine9dashboard8handlers10start_task0B7_
FNDA:0,_RNCNvNtNtCsjp9E11WtBq9_13intent_engine9dashboard8handlers11create_task0B7_
FNDA:0,_RNCNvNtNtCsjp9E11WtBq9_13intent_engine9dashboard8handlers11delete_task0B7_
FNDA:0,_RNCNvNtNtCsjp9E11WtBq9_13intent_engine9dashboard8handlers11list_events0B7_
FNDA:0,_RNCNvNtNtCsjp9E11WtBq9_13intent_engine9dashboard8handlers11update_task0B7_
FNDA:0,_RNCNvNtNtCsjp9E11WtBq9_13intent_engine9dashboard8handlers12create_event0B7_
FNDA:0,_RNCNvNtNtCsjp9E11WtBq9_13intent_engine9dashboard8handlers12delete_event0B7_
FNDA:0,_RNCNvNtNtCsjp9E11WtBq9_13intent_engine9dashboard8handlers12update_event0B7_
FNDA:0,_RNCNvNtNtCsjp9E11WtBq9_13intent_engine9dashboard8handlers13list_projects0B7_
FNDA:0,_RNCNvNtNtCsjp9E11WtBq9_13intent_engine9dashboard8handlers13spawn_subtask0B7_
FNDA:0,_RNCNvNtNtCsjp9E11WtBq9_13intent_engine9dashboard8handlers14pick_next_task0B7_
FNDA:0,_RNCNvNtNtCsjp9E11WtBq9_13intent_engine9dashboard8handlers14switch_project0B7_
FNDA:0,_RNCNvNtNtCsjp9E11WtBq9_13intent_engine9dashboard8handlers16get_current_task0B7_
FNDA:0,_RNCNvNtNtCsjp9E11WtBq9_13intent_engine9dashboard8handlers6search0B7_
FNDA:0,_RNCNvNtNtCsjp9E11WtBq9_13intent_engine9dashboard8handlers8get_task0B7_
FNDA:0,_RNCNvNtNtCsjp9E11WtBq9_13intent_engine9dashboard8handlers9done_task0B7_
FNDA:0,_RNvNtNtCsjp9E11WtBq9_13intent_engine9dashboard8handlers10list_tasks
FNDA:0,_RNvNtNtCsjp9E11WtBq9_13intent_engine9dashboard8handlers10start_task
FNDA:0,_RNvNtNtCsjp9E11WtBq9_13intent_engine9dashboard8handlers11create_task
FNDA:0,_RNvNtNtCsjp9E11WtBq9_13intent_engine9dashboard8handlers11delete_task
FNDA:0,_RNvNtNtCsjp9E11WtBq9_13intent_engine9dashboard8handlers11list_events
FNDA:0,_RNvNtNtCsjp9E11WtBq9_13intent_engine9dashboard8handlers11update_task
FNDA:0,_RNvNtNtCsjp9E11WtBq9_13intent_engine9dashboard8handlers12create_event
FNDA:0,_RNvNtNtCsjp9E11WtBq9_13intent_engine9dashboard8handlers12delete_event
FNDA:0,_RNvNtNtCsjp9E11WtBq9_13intent_engine9dashboard8handlers12update_event
FNDA:0,_RNvNtNtCsjp9E11WtBq9_13intent_engine9dashboard8handlers13list_projects
FNDA:0,_RNvNtNtCsjp9E11WtBq9_13intent_engine9dashboard8handlers13spawn_subtask
FNDA:0,_RNvNtNtCsjp9E11WtBq9_13intent_engine9dashboard8handlers14pick_next_task
FNDA:0,_RNvNtNtCsjp9E11WtBq9_13intent_engine9dashboard8handlers14switch_project
FNDA:0,_RNvNtNtCsjp9E11WtBq9_13intent_engine9dashboard8handlers16get_current_task
FNDA:0,_RNvNtNtCsjp9E11WtBq9_13intent_engine9dashboard8handlers6search
FNDA:0,_RNvNtNtCsjp9E11WtBq9_13intent_engine9dashboard8handlers8get_task
FNDA:0,_RNvNtNtCsjp9E11WtBq9_13intent_engine9dashboard8handlers9done_task
FNDA:0,_RNCNCNvNtNtCs86Lp2I5pN1o_13intent_engine9dashboard8handlers10list_tasks00B9_
FNDA:0,_RNCNCNvNtNtCs86Lp2I5pN1o_13intent_engine9dashboard8handlers11list_events00B9_
FNDA:0,_RNCNCNvNtNtCs86Lp2I5pN1o_13intent_engine9dashboard8handlers13list_projects00B9_
FNDA:0,_RNCNCNvNtNtCs86Lp2I5pN1o_13intent_engine9dashboard8handlers14switch_project00B9_
FNDA:0,_RNCNCNvNtNtCs86Lp2I5pN1o_13intent_engine9dashboard8handlers6search00B9_
FNDA:0,_RNCNCNvNtNtCs86Lp2I5pN1o_13intent_engine9dashboard8handlers6search0s_0B9_
FNDA:0,_RNCNvNtNtCs86Lp2I5pN1o_13intent_engine9dashboard8handlers10list_tasks0B7_
FNDA:0,_RNCNvNtNtCs86Lp2I5pN1o_13intent_engine9dashboard8handlers10start_task0B7_
FNDA:0,_RNCNvNtNtCs86Lp2I5pN1o_13intent_engine9dashboard8handlers11create_task0B7_
FNDA:0,_RNCNvNtNtCs86Lp2I5pN1o_13intent_engine9dashboard8handlers11delete_task0B7_
FNDA:0,_RNCNvNtNtCs86Lp2I5pN1o_13intent_engine9dashboard8handlers11list_events0B7_
FNDA:0,_RNCNvNtNtCs86Lp2I5pN1o_13intent_engine9dashboard8handlers11update_task0B7_
FNDA:0,_RNCNvNtNtCs86Lp2I5pN1o_13intent_engine9dashboard8handlers12create_event0B7_
FNDA:0,_RNCNvNtNtCs86Lp2I5pN1o_13intent_engine9dashboard8handlers12delete_event0B7_
FNDA:0,_RNCNvNtNtCs86Lp2I5pN1o_13intent_engine9dashboard8handlers12update_event0B7_
FNDA:0,_RNCNvNtNtCs86Lp2I5pN1o_13intent_engine9dashboard8handlers13list_projects0B7_
FNDA:0,_RNCNvNtNtCs86Lp2I5pN1o_13intent_engine9dashboard8handlers13spawn_subtask0B7_
FNDA:0,_RNCNvNtNtCs86Lp2I5pN1o_13intent_engine9dashboard8handlers14pick_next_task0B7_
FNDA:0,_RNCNvNtNtCs86Lp2I5pN1o_13intent_engine9dashboard8handlers14switch_project0B7_
FNDA:0,_RNCNvNtNtCs86Lp2I5pN1o_13intent_engine9dashboard8handlers16get_current_task0B7_
FNDA:0,_RNCNvNtNtCs86Lp2I5pN1o_13intent_engine9dashboard8handlers6search0B7_
FNDA:0,_RNCNvNtNtCs86Lp2I5pN1o_13intent_engine9dashboard8handlers8get_task0B7_
FNDA:0,_RNCNvNtNtCs86Lp2I5pN1o_13intent_engine9dashboard8handlers9done_task0B7_
FNDA:0,_RNvNtNtCs86Lp2I5pN1o_13intent_engine9dashboard8handlers10list_tasks
FNDA:0,_RNvNtNtCs86Lp2I5pN1o_13intent_engine9dashboard8handlers10start_task
FNDA:0,_RNvNtNtCs86Lp2I5pN1o_13intent_engine9dashboard8handlers11create_task
FNDA:0,_RNvNtNtCs86Lp2I5pN1o_13intent_engine9dashboard8handlers11delete_task
FNDA:0,_RNvNtNtCs86Lp2I5pN1o_13intent_engine9dashboard8handlers11list_events
FNDA:0,_RNvNtNtCs86Lp2I5pN1o_13intent_engine9dashboard8handlers11update_task
FNDA:0,_RNvNtNtCs86Lp2I5pN1o_13intent_engine9dashboard8handlers12create_event
FNDA:0,_RNvNtNtCs86Lp2I5pN1o_13intent_engine9dashboard8handlers12delete_event
FNDA:0,_RNvNtNtCs86Lp2I5pN1o_13intent_engine9dashboard8handlers12update_event
FNDA:0,_RNvNtNtCs86Lp2I5pN1o_13intent_engine9dashboard8handlers13list_projects
FNDA:0,_RNvNtNtCs86Lp2I5pN1o_13intent_engine9dashboard8handlers13spawn_subtask
FNDA:0,_RNvNtNtCs86Lp2I5pN1o_13intent_engine9dashboard8handlers14pick_next_task
FNDA:0,_RNvNtNtCs86Lp2I5pN1o_13intent_engine9dashboard8handlers14switch_project
FNDA:0,_RNvNtNtCs86Lp2I5pN1o_13intent_engine9dashboard8handlers16get_current_task
FNDA:0,_RNvNtNtCs86Lp2I5pN1o_13intent_engine9dashboard8handlers6search
FNDA:0,_RNvNtNtCs86Lp2I5pN1o_13intent_engine9dashboard8handlers8get_task
FNDA:0,_RNvNtNtCs86Lp2I5pN1o_13intent_engine9dashboard8handlers9done_task
FNF:40
FNH:0
DA:16,0
DA:17,0
DA:18,0
DA:19,0
DA:20,0
DA:21,0
DA:24,0
DA:25,0
DA:26,0
DA:28,0
DA:30,0
DA:33,0
DA:34,0
DA:35,0
DA:36,0
DA:37,0
DA:38,0
DA:41,0
DA:42,0
DA:43,0
DA:44,0
DA:45,0
DA:46,0
DA:47,0
DA:49,0
DA:51,0
DA:52,0
DA:53,0
DA:54,0
DA:55,0
DA:56,0
DA:57,0
DA:58,0
DA:59,0
DA:60,0
DA:61,0
DA:62,0
DA:65,0
DA:68,0
DA:69,0
DA:70,0
DA:72,0
DA:73,0
DA:74,0
DA:75,0
DA:76,0
DA:77,0
DA:78,0
DA:79,0
DA:80,0
DA:81,0
DA:82,0
DA:83,0
DA:84,0
DA:85,0
DA:86,0
DA:87,0
DA:88,0
DA:89,0
DA:90,0
DA:91,0
DA:93,0
DA:96,0
DA:97,0
DA:98,0
DA:99,0
DA:100,0
DA:101,0
DA:102,0
DA:103,0
DA:105,0
DA:106,0
DA:107,0
DA:108,0
DA:112,0
DA:113,0
DA:114,0
DA:116,0
DA:117,0
DA:119,0
DA:120,0
DA:121,0
DA:122,0
DA:123,0
DA:124,0
DA:125,0
DA:127,0
DA:128,0
DA:130,0
DA:131,0
DA:132,0
DA:133,0
DA:134,0
DA:135,0
DA:136,0
DA:137,0
DA:138,0
DA:140,0
DA:143,0
DA:144,0
DA:145,0
DA:146,0
DA:147,0
DA:148,0
DA:149,0
DA:150,0
DA:151,0
DA:153,0
DA:154,0
DA:155,0
DA:156,0
DA:160,0
DA:161,0
DA:162,0
DA:163,0
DA:164,0
DA:165,0
DA:166,0
DA:167,0
DA:168,0
DA:169,0
DA:170,0
DA:172,0
DA:173,0
DA:174,0
DA:175,0
DA:176,0
DA:177,0
DA:178,0
DA:179,0
DA:180,0
DA:181,0
DA:183,0
DA:188,0
DA:189,0
DA:190,0
DA:191,0
DA:192,0
DA:193,0
DA:194,0
DA:195,0
DA:196,0
DA:198,0
DA:200,0
DA:201,0
DA:202,0
DA:203,0
DA:204,0
DA:205,0
DA:206,0
DA:207,0
DA:208,0
DA:209,0
DA:211,0
DA:214,0
DA:215,0
DA:216,0
DA:217,0
DA:218,0
DA:220,0
DA:221,0
DA:222,0
DA:223,0
DA:226,0
DA:227,0
DA:228,0
DA:229,0
DA:230,0
DA:231,0
DA:232,0
DA:233,0
DA:234,0
DA:235,0
DA:236,0
DA:237,0
DA:238,0
DA:239,0
DA:240,0
DA:241,0
DA:242,0
DA:243,0
DA:244,0
DA:245,0
DA:247,0
DA:250,0
DA:251,0
DA:252,0
DA:253,0
DA:254,0
DA:256,0
DA:257,0
DA:258,0
DA:259,0
DA:262,0
DA:263,0
DA:264,0
DA:265,0
DA:266,0
DA:267,0
DA:268,0
DA:269,0
DA:270,0
DA:271,0
DA:272,0
DA:273,0
DA:274,0
DA:275,0
DA:276,0
DA:277,0
DA:278,0
DA:279,0
DA:280,0
DA:281,0
DA:283,0
DA:286,0
DA:287,0
DA:288,0
DA:289,0
DA:290,0
DA:292,0
DA:293,0
DA:294,0
DA:295,0
DA:298,0
DA:299,0
DA:300,0
DA:301,0
DA:302,0
DA:303,0
DA:304,0
DA:305,0
DA:306,0
DA:307,0
DA:308,0
DA:309,0
DA:310,0
DA:311,0
DA:312,0
DA:313,0
DA:314,0
DA:315,0
DA:316,0
DA:317,0
DA:319,0
DA:323,0
DA:324,0
DA:325,0
DA:326,0
DA:327,0
DA:328,0
DA:329,0
DA:330,0
DA:331,0
DA:333,0
DA:334,0
DA:335,0
DA:336,0
DA:340,0
DA:341,0
DA:342,0
DA:343,0
DA:344,0
DA:345,0
DA:346,0
DA:347,0
DA:348,0
DA:349,0
DA:350,0
DA:351,0
DA:352,0
DA:353,0
DA:354,0
DA:355,0
DA:356,0
DA:357,0
DA:358,0
DA:359,0
DA:361,0
DA:364,0
DA:365,0
DA:366,0
DA:368,0
DA:369,0
DA:370,0
DA:371,0
DA:373,0
DA:374,0
DA:375,0
DA:376,0
DA:377,0
DA:378,0
DA:379,0
DA:380,0
DA:383,0
DA:384,0
DA:385,0
DA:386,0
DA:387,0
DA:388,0
DA:389,0
DA:390,0
DA:391,0
DA:393,0
DA:396,0
DA:397,0
DA:398,0
DA:400,0
DA:401,0
DA:402,0
DA:403,0
DA:404,0
DA:405,0
DA:406,0
DA:407,0
DA:408,0
DA:409,0
DA:410,0
DA:412,0
DA:415,0
DA:416,0
DA:417,0
DA:418,0
DA:419,0
DA:420,0
DA:421,0
DA:424,0
DA:425,0
DA:426,0
DA:427,0
DA:428,0
DA:429,0
DA:431,0
DA:433,0
DA:434,0
DA:435,0
DA:436,0
DA:437,0
DA:438,0
DA:439,0
DA:440,0
DA:441,0
DA:442,0
DA:444,0
DA:447,0
DA:448,0
DA:449,0
DA:450,0
DA:451,0
DA:452,0
DA:453,0
DA:454,0
DA:455,0
DA:457,0
DA:458,0
DA:459,0
DA:460,0
DA:464,0
DA:465,0
DA:466,0
DA:467,0
DA:468,0
DA:469,0
DA:470,0
DA:471,0
DA:472,0
DA:473,0
DA:474,0
DA:477,0
DA:478,0
DA:479,0
DA:481,0
DA:482,0
DA:483,0
DA:484,0
DA:485,0
DA:486,0
DA:487,0
DA:488,0
DA:489,0
DA:490,0
DA:492,0
DA:495,0
DA:496,0
DA:497,0
DA:498,0
DA:499,0
DA:500,0
DA:501,0
DA:502,0
DA:503,0
DA:505,0
DA:506,0
DA:507,0
DA:508,0
DA:512,0
DA:513,0
DA:514,0
DA:515,0
DA:516,0
DA:517,0
DA:518,0
DA:519,0
DA:520,0
DA:521,0
DA:522,0
DA:523,0
DA:524,0
DA:526,0
DA:527,0
DA:528,0
DA:530,0
DA:532,0
DA:533,0
DA:534,0
DA:535,0
DA:536,0
DA:537,0
DA:538,0
DA:539,0
DA:540,0
DA:541,0
DA:542,0
DA:543,0
DA:545,0
DA:546,0
DA:547,0
DA:548,0
DA:549,0
DA:550,0
DA:551,0
DA:552,0
DA:553,0
DA:555,0
DA:558,0
DA:559,0
DA:560,0
DA:561,0
DA:562,0
DA:563,0
DA:564,0
DA:565,0
DA:567,0
DA:568,0
DA:569,0
DA:570,0
DA:574,0
DA:575,0
DA:576,0
DA:577,0
DA:579,0
DA:580,0
DA:581,0
DA:582,0
DA:583,0
DA:584,0
DA:585,0
DA:586,0
DA:587,0
DA:588,0
DA:589,0
DA:590,0
DA:593,0
DA:594,0
DA:595,0
DA:596,0
DA:597,0
DA:598,0
DA:599,0
DA:600,0
DA:601,0
DA:603,0
DA:604,0
DA:605,0
DA:606,0
DA:607,0
DA:608,0
DA:609,0
DA:610,0
DA:611,0
DA:612,0
DA:616,0
DA:617,0
DA:618,0
DA:619,0
DA:620,0
DA:621,0
DA:622,0
DA:623,0
DA:624,0
DA:625,0
DA:626,0
DA:628,0
DA:631,0
DA:632,0
DA:633,0
DA:634,0
DA:635,0
DA:636,0
DA:638,0
DA:639,0
DA:640,0
DA:641,0
DA:642,0
DA:643,0
DA:644,0
DA:647,0
DA:649,0
DA:650,0
DA:651,0
DA:652,0
DA:653,0
DA:654,0
DA:655,0
DA:656,0
DA:657,0
DA:658,0
DA:660,0
DA:663,0
DA:665,0
DA:666,0
DA:667,0
DA:668,0
DA:669,0
DA:670,0
DA:671,0
DA:672,0
DA:673,0
DA:674,0
DA:675,0
DA:676,0
DA:680,0
DA:681,0
DA:683,0
DA:684,0
DA:685,0
DA:686,0
DA:687,0
DA:688,0
DA:689,0
DA:690,0
DA:691,0
DA:692,0
DA:693,0
DA:694,0
DA:695,0
DA:696,0
DA:697,0
DA:699,0
DA:702,0
DA:703,0
DA:705,0
DA:706,0
DA:709,0
DA:710,0
DA:711,0
DA:712,0
DA:717,0
DA:719,0
DA:720,0
DA:721,0
DA:722,0
DA:723,0
DA:724,0
DA:725,0
DA:726,0
DA:727,0
DA:728,0
DA:729,0
DA:732,0
DA:734,0
DA:735,0
DA:736,0
DA:737,0
DA:738,0
DA:739,0
DA:740,0
DA:741,0
DA:742,0
DA:743,0
DA:744,0
DA:745,0
DA:746,0
DA:747,0
DA:751,0
DA:752,0
DA:753,0
DA:754,0
DA:755,0
DA:756,0
DA:757,0
DA:758,0
DA:759,0
DA:760,0
DA:761,0
DA:762,0
DA:767,0
DA:768,0
DA:769,0
DA:770,0
DA:771,0
DA:774,0
DA:775,0
DA:776,0
DA:777,0
DA:778,0
DA:779,0
DA:783,0
DA:784,0
DA:787,0
DA:788,0
DA:790,0
DA:793,0
DA:794,0
DA:795,0
DA:796,0
DA:797,0
DA:798,0
DA:799,0
DA:800,0
DA:801,0
DA:802,0
DA:803,0
DA:804,0
DA:805,0
BRF:0
BRH:0
LF:647
LH:0
end_of_record
SF:/mnt/d/prj/intent-engine/src/dashboard/models.rs
FN:115,_RNvNtNtCsjp9E11WtBq9_13intent_engine9dashboard6models12default_true
FN:115,_RNvNtNtCs86Lp2I5pN1o_13intent_engine9dashboard6models12default_true
FN:152,_RNvNtNtNtCs86Lp2I5pN1o_13intent_engine9dashboard6models5testss_26test_search_query_defaults
FN:228,_RNvNtNtNtCs86Lp2I5pN1o_13intent_engine9dashboard6models5testss_27test_api_error_with_details
FN:140,_RNvNtNtNtCs86Lp2I5pN1o_13intent_engine9dashboard6models5testss_28test_api_error_serialization
FN:133,_RNvNtNtNtCs86Lp2I5pN1o_13intent_engine9dashboard6models5testss_31test_api_response_serialization
FN:242,_RNvNtNtNtCs86Lp2I5pN1o_13intent_engine9dashboard6models5testss_32test_search_query_with_overrides
FN:194,_RNvNtNtNtCs86Lp2I5pN1o_13intent_engine9dashboard6models5testss_36test_task_list_query_deserialization
FN:202,_RNvNtNtNtCs86Lp2I5pN1o_13intent_engine9dashboard6models5testss_36test_task_list_query_with_pagination
FN:212,_RNvNtNtNtCs86Lp2I5pN1o_13intent_engine9dashboard6models5testss_37test_event_list_query_deserialization
FN:124,_RNvNtNtNtCs86Lp2I5pN1o_13intent_engine9dashboard6models5testss_40test_create_task_request_deserialization
FN:161,_RNvNtNtNtCs86Lp2I5pN1o_13intent_engine9dashboard6models5testss_40test_update_task_request_deserialization
FN:170,_RNvNtNtNtCs86Lp2I5pN1o_13intent_engine9dashboard6models5testss_41test_create_event_request_deserialization
FN:178,_RNvNtNtNtCs86Lp2I5pN1o_13intent_engine9dashboard6models5testss_41test_update_event_request_deserialization
FN:186,_RNvNtNtNtCs86Lp2I5pN1o_13intent_engine9dashboard6models5testss_42test_spawn_subtask_request_deserialization
FN:221,_RNvNtNtNtCs86Lp2I5pN1o_13intent_engine9dashboard6models5testss_43test_switch_project_request_deserialization
FNDA:0,_RNvNtNtCsjp9E11WtBq9_13intent_engine9dashboard6models12default_true
FNDA:2,_RNvNtNtCs86Lp2I5pN1o_13intent_engine9dashboard6models12default_true
FNDA:1,_RNvNtNtNtCs86Lp2I5pN1o_13intent_engine9dashboard6models5testss_26test_search_query_defaults
FNDA:1,_RNvNtNtNtCs86Lp2I5pN1o_13intent_engine9dashboard6models5testss_27test_api_error_with_details
FNDA:1,_RNvNtNtNtCs86Lp2I5pN1o_13intent_engine9dashboard6models5testss_28test_api_error_serialization
FNDA:1,_RNvNtNtNtCs86Lp2I5pN1o_13intent_engine9dashboard6models5testss_31test_api_response_serialization
FNDA:1,_RNvNtNtNtCs86Lp2I5pN1o_13intent_engine9dashboard6models5testss_32test_search_query_with_overrides
FNDA:1,_RNvNtNtNtCs86Lp2I5pN1o_13intent_engine9dashboard6models5testss_36test_task_list_query_deserialization
FNDA:1,_RNvNtNtNtCs86Lp2I5pN1o_13intent_engine9dashboard6models5testss_36test_task_list_query_with_pagination
FNDA:1,_RNvNtNtNtCs86Lp2I5pN1o_13intent_engine9dashboard6models5testss_37test_event_list_query_deserialization
FNDA:1,_RNvNtNtNtCs86Lp2I5pN1o_13intent_engine9dashboard6models5testss_40test_create_task_request_deserialization
FNDA:1,_RNvNtNtNtCs86Lp2I5pN1o_13intent_engine9dashboard6models5testss_40test_update_task_request_deserialization
FNDA:1,_RNvNtNtNtCs86Lp2I5pN1o_13intent_engine9dashboard6models5testss_41test_create_event_request_deserialization
FNDA:1,_RNvNtNtNtCs86Lp2I5pN1o_13intent_engine9dashboard6models5testss_41test_update_event_request_deserialization
FNDA:1,_RNvNtNtNtCs86Lp2I5pN1o_13intent_engine9dashboard6models5testss_42test_spawn_subtask_request_deserialization
FNDA:1,_RNvNtNtNtCs86Lp2I5pN1o_13intent_engine9dashboard6models5testss_43test_switch_project_request_deserialization
FNF:15
FNH:15
DA:115,2
DA:116,2
DA:117,2
DA:124,1
DA:125,1
DA:126,1
DA:127,1
DA:128,1
DA:129,1
DA:130,1
DA:133,1
DA:134,1
DA:135,1
DA:136,1
DA:137,1
DA:140,1
DA:141,1
DA:142,1
DA:143,1
DA:144,1
DA:145,1
DA:146,1
DA:147,1
DA:148,1
DA:149,1
DA:152,1
DA:153,1
DA:154,1
DA:155,1
DA:156,1
DA:157,1
DA:158,1
DA:161,1
DA:162,1
DA:163,1
DA:164,1
DA:165,1
DA:166,1
DA:167,1
DA:170,1
DA:171,1
DA:172,1
DA:173,1
DA:174,1
DA:175,1
DA:178,1
DA:179,1
DA:180,1
DA:181,1
DA:182,1
DA:183,1
DA:186,1
DA:187,1
DA:188,1
DA:189,1
DA:190,1
DA:191,1
DA:194,1
DA:195,1
DA:196,1
DA:197,1
DA:198,1
DA:199,1
DA:202,1
DA:203,1
DA:204,1
DA:205,1
DA:206,1
DA:207,1
DA:208,1
DA:209,1
DA:212,1
DA:213,1
DA:214,1
DA:215,1
DA:216,1
DA:217,1
DA:218,1
DA:221,1
DA:222,1
DA:223,1
DA:224,1
DA:225,1
DA:228,1
DA:229,1
DA:230,1
DA:231,1
DA:232,1
DA:233,1
DA:234,1
DA:235,1
DA:236,1
DA:237,1
DA:238,1
DA:239,1
DA:242,1
DA:243,1
DA:244,1
DA:245,1
DA:246,1
DA:247,1
DA:248,1
DA:249,1
BRF:0
BRH:0
LF:103
LH:103
end_of_record
SF:/mnt/d/prj/intent-engine/src/dashboard/routes.rs
FN:10,_RNvNtNtCsjp9E11WtBq9_13intent_engine9dashboard6routes10api_routes
FN:10,_RNvNtNtCs86Lp2I5pN1o_13intent_engine9dashboard6routes10api_routes
FN:46,_RNvNtNtNtCs86Lp2I5pN1o_13intent_engine9dashboard6routes5testss_24test_api_routes_creation
FNDA:0,_RNvNtNtCsjp9E11WtBq9_13intent_engine9dashboard6routes10api_routes
FNDA:1,_RNvNtNtCs86Lp2I5pN1o_13intent_engine9dashboard6routes10api_routes
FNDA:1,_RNvNtNtNtCs86Lp2I5pN1o_13intent_engine9dashboard6routes5testss_24test_api_routes_creation
FNF:2
FNH:2
DA:10,1
DA:11,1
DA:13,1
DA:14,1
DA:15,1
DA:16,1
DA:17,1
DA:18,1
DA:20,1
DA:21,1
DA:23,1
DA:25,1
DA:26,1
DA:27,1
DA:29,1
DA:30,1
DA:31,1
DA:34,1
DA:35,1
DA:36,1
DA:37,1
DA:38,1
DA:39,1
DA:46,1
DA:48,1
DA:49,1
BRF:0
BRH:0
LF:26
LH:26
end_of_record
SF:/mnt/d/prj/intent-engine/src/dashboard/server.rs
FN:77,_RNvMNtNtCsjp9E11WtBq9_13intent_engine9dashboard6serverNtB2_15DashboardServer3new
FN:101,_RNvMNtNtCsjp9E11WtBq9_13intent_engine9dashboard6serverNtB2_15DashboardServer3run
FN:23,_RNvMs_NtNtCsjp9E11WtBq9_13intent_engine9dashboard6serverNtB4_12StaticAssets3get
FN:206,_RNvNtNtCsjp9E11WtBq9_13intent_engine9dashboard6server11serve_index
FN:302,_RNvNtNtCsjp9E11WtBq9_13intent_engine9dashboard6server12info_handler
FN:258,_RNvNtNtCsjp9E11WtBq9_13intent_engine9dashboard6server12serve_assets
FN:228,_RNvNtNtCsjp9E11WtBq9_13intent_engine9dashboard6server12serve_static
FN:169,_RNvNtNtCsjp9E11WtBq9_13intent_engine9dashboard6server13create_router
FN:292,_RNvNtNtCsjp9E11WtBq9_13intent_engine9dashboard6server14health_handler
FN:331,_RNvNtNtCsjp9E11WtBq9_13intent_engine9dashboard6server17not_found_handler
FN:81,_RNCNCNvMNtNtCsjp9E11WtBq9_13intent_engine9dashboard6serverNtB6_15DashboardServer3new00Ba_
FN:143,_RNCNCNvMNtNtCsjp9E11WtBq9_13intent_engine9dashboard6serverNtB6_15DashboardServer3run00Ba_
FN:77,_RNCNvMNtNtCsjp9E11WtBq9_13intent_engine9dashboard6serverNtB4_15DashboardServer3new0B8_
FN:101,_RNCNvMNtNtCsjp9E11WtBq9_13intent_engine9dashboard6serverNtB4_15DashboardServer3run0B8_
FN:206,_RNCNvNtNtCsjp9E11WtBq9_13intent_engine9dashboard6server11serve_index0B7_
FN:302,_RNCNvNtNtCsjp9E11WtBq9_13intent_engine9dashboard6server12info_handler0B7_
FN:258,_RNCNvNtNtCsjp9E11WtBq9_13intent_engine9dashboard6server12serve_assets0B7_
FN:228,_RNCNvNtNtCsjp9E11WtBq9_13intent_engine9dashboard6server12serve_static0B7_
FN:292,_RNCNvNtNtCsjp9E11WtBq9_13intent_engine9dashboard6server14health_handler0B7_
FN:331,_RNCNvNtNtCsjp9E11WtBq9_13intent_engine9dashboard6server17not_found_handler0B7_
FN:77,_RNvMNtNtCs86Lp2I5pN1o_13intent_engine9dashboard6serverNtB2_15DashboardServer3new
FN:101,_RNvMNtNtCs86Lp2I5pN1o_13intent_engine9dashboard6serverNtB2_15DashboardServer3run
FN:23,_RNvMs_NtNtCs86Lp2I5pN1o_13intent_engine9dashboard6serverNtB4_12StaticAssets3get
FN:206,_RNvNtNtCs86Lp2I5pN1o_13intent_engine9dashboard6server11serve_index
FN:302,_RNvNtNtCs86Lp2I5pN1o_13intent_engine9dashboard6server12info_handler
FN:258,_RNvNtNtCs86Lp2I5pN1o_13intent_engine9dashboard6server12serve_assets
FN:228,_RNvNtNtCs86Lp2I5pN1o_13intent_engine9dashboard6server12serve_static
FN:169,_RNvNtNtCs86Lp2I5pN1o_13intent_engine9dashboard6server13create_router
FN:292,_RNvNtNtCs86Lp2I5pN1o_13intent_engine9dashboard6server14health_handler
FN:331,_RNvNtNtCs86Lp2I5pN1o_13intent_engine9dashboard6server17not_found_handler
FN:359,_RNvNtNtNtCs86Lp2I5pN1o_13intent_engine9dashboard6server5testss_31test_project_info_serialization
FN:346,_RNvNtNtNtCs86Lp2I5pN1o_13intent_engine9dashboard6server5testss_34test_health_response_serialization
FN:81,_RNCNCNvMNtNtCs86Lp2I5pN1o_13intent_engine9dashboard6serverNtB6_15DashboardServer3new00Ba_
FN:143,_RNCNCNvMNtNtCs86Lp2I5pN1o_13intent_engine9dashboard6serverNtB6_15DashboardServer3run00Ba_
FN:77,_RNCNvMNtNtCs86Lp2I5pN1o_13intent_engine9dashboard6serverNtB4_15DashboardServer3new0B8_
FN:101,_RNCNvMNtNtCs86Lp2I5pN1o_13intent_engine9dashboard6serverNtB4_15DashboardServer3run0B8_
FN:206,_RNCNvNtNtCs86Lp2I5pN1o_13intent_engine9dashboard6server11serve_index0B7_
FN:302,_RNCNvNtNtCs86Lp2I5pN1o_13intent_engine9dashboard6server12info_handler0B7_
FN:258,_RNCNvNtNtCs86Lp2I5pN1o_13intent_engine9dashboard6server12serve_assets0B7_
FN:228,_RNCNvNtNtCs86Lp2I5pN1o_13intent_engine9dashboard6server12serve_static0B7_
FN:292,_RNCNvNtNtCs86Lp2I5pN1o_13intent_engine9dashboard6server14health_handler0B7_
FN:331,_RNCNvNtNtCs86Lp2I5pN1o_13intent_engine9dashboard6server17not_found_handler0B7_
FNDA:0,_RNvMNtNtCsjp9E11WtBq9_13intent_engine9dashboard6serverNtB2_15DashboardServer3new
FNDA:0,_RNvMNtNtCsjp9E11WtBq9_13intent_engine9dashboard6serverNtB2_15DashboardServer3run
FNDA:0,_RNvMs_NtNtCsjp9E11WtBq9_13intent_engine9dashboard6serverNtB4_12StaticAssets3get
FNDA:0,_RNvNtNtCsjp9E11WtBq9_13intent_engine9dashboard6server11serve_index
FNDA:0,_RNvNtNtCsjp9E11WtBq9_13intent_engine9dashboard6server12info_handler
FNDA:0,_RNvNtNtCsjp9E11WtBq9_13intent_engine9dashboard6server12serve_assets
FNDA:0,_RNvNtNtCsjp9E11WtBq9_13intent_engine9dashboard6server12serve_static
FNDA:0,_RNvNtNtCsjp9E11WtBq9_13intent_engine9dashboard6server13create_router
FNDA:0,_RNvNtNtCsjp9E11WtBq9_13intent_engine9dashboard6server14health_handler
FNDA:0,_RNvNtNtCsjp9E11WtBq9_13intent_engine9dashboard6server17not_found_handler
FNDA:0,_RNCNCNvMNtNtCsjp9E11WtBq9_13intent_engine9dashboard6serverNtB6_15DashboardServer3new00Ba_
FNDA:0,_RNCNCNvMNtNtCsjp9E11WtBq9_13intent_engine9dashboard6serverNtB6_15DashboardServer3run00Ba_
FNDA:0,_RNCNvMNtNtCsjp9E11WtBq9_13intent_engine9dashboard6serverNtB4_15DashboardServer3new0B8_
FNDA:0,_RNCNvMNtNtCsjp9E11WtBq9_13intent_engine9dashboard6serverNtB4_15DashboardServer3run0B8_
FNDA:0,_RNCNvNtNtCsjp9E11WtBq9_13intent_engine9dashboard6server11serve_index0B7_
FNDA:0,_RNCNvNtNtCsjp9E11WtBq9_13intent_engine9dashboard6server12info_handler0B7_
FNDA:0,_RNCNvNtNtCsjp9E11WtBq9_13intent_engine9dashboard6server12serve_assets0B7_
FNDA:0,_RNCNvNtNtCsjp9E11WtBq9_13intent_engine9dashboard6server12serve_static0B7_
FNDA:0,_RNCNvNtNtCsjp9E11WtBq9_13intent_engine9dashboard6server14health_handler0B7_
FNDA:0,_RNCNvNtNtCsjp9E11WtBq9_13intent_engine9dashboard6server17not_found_handler0B7_
FNDA:0,_RNvMNtNtCs86Lp2I5pN1o_13intent_engine9dashboard6serverNtB2_15DashboardServer3new
FNDA:0,_RNvMNtNtCs86Lp2I5pN1o_13intent_engine9dashboard6serverNtB2_15DashboardServer3run
FNDA:0,_RNvMs_NtNtCs86Lp2I5pN1o_13intent_engine9dashboard6serverNtB4_12StaticAssets3get
FNDA:0,_RNvNtNtCs86Lp2I5pN1o_13intent_engine9dashboard6server11serve_index
FNDA:0,_RNvNtNtCs86Lp2I5pN1o_13intent_engine9dashboard6server12info_handler
FNDA:0,_RNvNtNtCs86Lp2I5pN1o_13intent_engine9dashboard6server12serve_assets
FNDA:0,_RNvNtNtCs86Lp2I5pN1o_13intent_engine9dashboard6server12serve_static
FNDA:0,_RNvNtNtCs86Lp2I5pN1o_13intent_engine9dashboard6server13create_router
FNDA:0,_RNvNtNtCs86Lp2I5pN1o_13intent_engine9dashboard6server14health_handler
FNDA:0,_RNvNtNtCs86Lp2I5pN1o_13intent_engine9dashboard6server17not_found_handler
FNDA:1,_RNvNtNtNtCs86Lp2I5pN1o_13intent_engine9dashboard6server5testss_31test_project_info_serialization
FNDA:1,_RNvNtNtNtCs86Lp2I5pN1o_13intent_engine9dashboard6server5testss_34test_health_response_serialization
FNDA:0,_RNCNCNvMNtNtCs86Lp2I5pN1o_13intent_engine9dashboard6serverNtB6_15DashboardServer3new00Ba_
FNDA:0,_RNCNCNvMNtNtCs86Lp2I5pN1o_13intent_engine9dashboard6serverNtB6_15DashboardServer3run00Ba_
FNDA:0,_RNCNvMNtNtCs86Lp2I5pN1o_13intent_engine9dashboard6serverNtB4_15DashboardServer3new0B8_
FNDA:0,_RNCNvMNtNtCs86Lp2I5pN1o_13intent_engine9dashboard6serverNtB4_15DashboardServer3run0B8_
FNDA:0,_RNCNvNtNtCs86Lp2I5pN1o_13intent_engine9dashboard6server11serve_index0B7_
FNDA:0,_RNCNvNtNtCs86Lp2I5pN1o_13intent_engine9dashboard6server12info_handler0B7_
FNDA:0,_RNCNvNtNtCs86Lp2I5pN1o_13intent_engine9dashboard6server12serve_assets0B7_
FNDA:0,_RNCNvNtNtCs86Lp2I5pN1o_13intent_engine9dashboard6server12serve_static0B7_
FNDA:0,_RNCNvNtNtCs86Lp2I5pN1o_13intent_engine9dashboard6server14health_handler0B7_
FNDA:0,_RNCNvNtNtCs86Lp2I5pN1o_13intent_engine9dashboard6server17not_found_handler0B7_
FNF:22
FNH:2
DA:23,0
DA:77,0
DA:79,0
DA:80,0
DA:81,0
DA:82,0
DA:83,0
DA:85,0
DA:86,0
DA:87,0
DA:88,0
DA:90,0
DA:92,0
DA:93,0
DA:94,0
DA:95,0
DA:96,0
DA:97,0
DA:98,0
DA:101,0
DA:103,0
DA:104,0
DA:105,0
DA:106,0
DA:109,0
DA:110,0
DA:111,0
DA:112,0
DA:113,0
DA:114,0
DA:117,0
DA:119,0
DA:120,0
DA:121,0
DA:122,0
DA:123,0
DA:124,0
DA:125,0
DA:126,0
DA:128,0
DA:129,0
DA:130,0
DA:131,0
DA:132,0
DA:133,0
DA:136,0
DA:140,0
DA:141,0
DA:142,0
DA:143,0
DA:145,0
DA:146,0
DA:147,0
DA:150,0
DA:151,0
DA:156,0
DA:157,0
DA:158,0
DA:162,0
DA:164,0
DA:165,0
DA:169,0
DA:173,0
DA:174,0
DA:175,0
DA:176,0
DA:179,0
DA:181,0
DA:183,0
DA:185,0
DA:187,0
DA:189,0
DA:190,0
DA:192,0
DA:194,0
DA:196,0
DA:197,0
DA:198,0
DA:199,0
DA:200,0
DA:202,0
DA:203,0
DA:206,0
DA:207,0
DA:208,0
DA:209,0
DA:210,0
DA:211,0
DA:212,0
DA:213,0
DA:214,0
DA:215,0
DA:216,0
DA:217,0
DA:219,0
DA:220,0
DA:221,0
DA:222,0
DA:223,0
DA:225,0
DA:228,0
DA:230,0
DA:232,0
DA:233,0
DA:234,0
DA:235,0
DA:236,0
DA:237,0
DA:238,0
DA:239,0
DA:240,0
DA:241,0
DA:242,0
DA:243,0
DA:245,0
DA:246,0
DA:247,0
DA:248,0
DA:249,0
DA:250,0
DA:251,0
DA:252,0
DA:253,0
DA:255,0
DA:258,0
DA:260,0
DA:264,0
DA:266,0
DA:267,0
DA:268,0
DA:269,0
DA:270,0
DA:271,0
DA:272,0
DA:273,0
DA:274,0
DA:275,0
DA:276,0
DA:277,0
DA:279,0
DA:280,0
DA:281,0
DA:282,0
DA:283,0
DA:284,0
DA:285,0
DA:286,0
DA:287,0
DA:289,0
DA:292,0
DA:293,0
DA:294,0
DA:295,0
DA:296,0
DA:297,0
DA:298,0
DA:302,0
DA:303,0
DA:306,0
DA:307,0
DA:308,0
DA:309,0
DA:310,0
DA:311,0
DA:312,0
DA:313,0
DA:314,0
DA:315,0
DA:318,0
DA:320,0
DA:321,0
DA:322,0
DA:323,0
DA:324,0
DA:325,0
DA:326,0
DA:327,0
DA:328,0
DA:331,0
DA:332,0
DA:333,0
DA:334,0
DA:335,0
DA:336,0
DA:337,0
DA:338,0
DA:339,0
DA:346,1
DA:347,1
DA:348,1
DA:349,1
DA:350,1
DA:351,1
DA:353,1
DA:354,1
DA:355,1
DA:356,1
DA:359,1
DA:360,1
DA:361,1
DA:362,1
DA:363,1
DA:364,1
DA:365,1
DA:366,1
DA:367,1
DA:369,1
DA:370,1
DA:371,1
DA:372,1
BRF:0
BRH:0
LF:220
LH:23
end_of_record
SF:/mnt/d/prj/intent-engine/src/dashboard/websocket.rs
FN:39,_RINvMNtNtCsjp9E11WtBq9_13intent_engine9dashboard9websocketINtB3_15ProtocolMessageNtB3_11InitPayloadE3newReEB7_
FN:39,_RINvMNtNtCsjp9E11WtBq9_13intent_engine9dashboard9websocketINtB3_15ProtocolMessageNtB3_12EmptyPayloadE3newReEB7_
FN:39,_RINvMNtNtCsjp9E11WtBq9_13intent_engine9dashboard9websocketINtB3_15ProtocolMessageNtB3_12ErrorPayloadE3newReEB7_
FN:39,_RINvMNtNtCsjp9E11WtBq9_13intent_engine9dashboard9websocketINtB3_15ProtocolMessageNtB3_14WelcomePayloadE3newReEB7_
FN:39,_RINvMNtNtCsjp9E11WtBq9_13intent_engine9dashboard9websocketINtB3_15ProtocolMessageNtB3_17RegisteredPayloadE3newReEB7_
FN:39,_RINvMNtNtCsjp9E11WtBq9_13intent_engine9dashboard9websocketINtB3_15ProtocolMessageNtB3_20ProjectOnlinePayloadE3newReEB7_
FN:39,_RINvMNtNtCsjp9E11WtBq9_13intent_engine9dashboard9websocketINtB3_15ProtocolMessageNtB3_21ProjectOfflinePayloadE3newReEB7_
FN:39,_RINvMNtNtCsjp9E11WtBq9_13intent_engine9dashboard9websocketINtB3_15ProtocolMessageNtB3_24DatabaseOperationPayloadE3newReEB7_
FN:344,_RINvMs2_NtNtCsjp9E11WtBq9_13intent_engine9dashboard9websocketNtB6_24DatabaseOperationPayload12task_createdNtNtCs456UZznmu7y_5alloc6string6StringEBa_
FN:374,_RINvMs2_NtNtCsjp9E11WtBq9_13intent_engine9dashboard9websocketNtB6_24DatabaseOperationPayload12task_deletedNtNtCs456UZznmu7y_5alloc6string6StringEBa_
FN:359,_RINvMs2_NtNtCsjp9E11WtBq9_13intent_engine9dashboard9websocketNtB6_24DatabaseOperationPayload12task_updatedNtNtCs456UZznmu7y_5alloc6string6StringEBa_
FN:384,_RINvMs2_NtNtCsjp9E11WtBq9_13intent_engine9dashboard9websocketNtB6_24DatabaseOperationPayload13event_createdNtNtCs456UZznmu7y_5alloc6string6StringEBa_
FN:414,_RINvMs2_NtNtCsjp9E11WtBq9_13intent_engine9dashboard9websocketNtB6_24DatabaseOperationPayload13event_deletedNtNtCs456UZznmu7y_5alloc6string6StringEBa_
FN:399,_RINvMs2_NtNtCsjp9E11WtBq9_13intent_engine9dashboard9websocketNtB6_24DatabaseOperationPayload13event_updatedNtNtCs456UZznmu7y_5alloc6string6StringEBa_
FN:327,_RINvMs2_NtNtCsjp9E11WtBq9_13intent_engine9dashboard9websocketNtB6_24DatabaseOperationPayload3newReB1w_NtNtCs456UZznmu7y_5alloc6string6StringEBa_
FN:424,_RINvNtNtCsjp9E11WtBq9_13intent_engine9dashboard9websocket21send_protocol_messageNtB2_11InitPayloadEB6_
FN:424,_RINvNtNtCsjp9E11WtBq9_13intent_engine9dashboard9websocket21send_protocol_messageNtB2_12EmptyPayloadEB6_
FN:424,_RINvNtNtCsjp9E11WtBq9_13intent_engine9dashboard9websocket21send_protocol_messageNtB2_12ErrorPayloadEB6_
FN:424,_RINvNtNtCsjp9E11WtBq9_13intent_engine9dashboard9websocket21send_protocol_messageNtB2_14WelcomePayloadEB6_
FN:424,_RINvNtNtCsjp9E11WtBq9_13intent_engine9dashboard9websocket21send_protocol_messageNtB2_17RegisteredPayloadEB6_
FN:432,_RNCINvNtNtCsjp9E11WtBq9_13intent_engine9dashboard9websocket21send_protocol_messageNtB4_11InitPayloadE0B8_
FN:435,_RNCINvNtNtCsjp9E11WtBq9_13intent_engine9dashboard9websocket21send_protocol_messageNtB4_11InitPayloadEs_0B8_
FN:432,_RNCINvNtNtCsjp9E11WtBq9_13intent_engine9dashboard9websocket21send_protocol_messageNtB4_12EmptyPayloadE0B8_
FN:435,_RNCINvNtNtCsjp9E11WtBq9_13intent_engine9dashboard9websocket21send_protocol_messageNtB4_12EmptyPayloadEs_0B8_
FN:432,_RNCINvNtNtCsjp9E11WtBq9_13intent_engine9dashboard9websocket21send_protocol_messageNtB4_12ErrorPayloadE0B8_
FN:435,_RNCINvNtNtCsjp9E11WtBq9_13intent_engine9dashboard9websocket21send_protocol_messageNtB4_12ErrorPayloadEs_0B8_
FN:432,_RNCINvNtNtCsjp9E11WtBq9_13intent_engine9dashboard9websocket21send_protocol_messageNtB4_14WelcomePayloadE0B8_
FN:435,_RNCINvNtNtCsjp9E11WtBq9_13intent_engine9dashboard9websocket21send_protocol_messageNtB4_14WelcomePayloadEs_0B8_
FN:432,_RNCINvNtNtCsjp9E11WtBq9_13intent_engine9dashboard9websocket21send_protocol_messageNtB4_17RegisteredPayloadE0B8_
FN:435,_RNCINvNtNtCsjp9E11WtBq9_13intent_engine9dashboard9websocket21send_protocol_messageNtB4_17RegisteredPayloadEs_0B8_
FN:575,_RNCNCNCNvNtNtCsjp9E11WtBq9_13intent_engine9dashboard9websocket17handle_mcp_socket0s0_00Bb_
FN:580,_RNCNCNCNvNtNtCsjp9E11WtBq9_13intent_engine9dashboard9websocket17handle_mcp_socket0s0_0s_0Bb_
FN:173,_RNCNCNvMs1_NtNtCsjp9E11WtBq9_13intent_engine9dashboard9websocketNtB9_14WebSocketState32get_online_projects_with_current00Bd_
FN:196,_RNCNCNvMs1_NtNtCsjp9E11WtBq9_13intent_engine9dashboard9websocketNtB9_14WebSocketState32get_online_projects_with_current0s_0Bd_
FN:731,_RNCNCNvNtNtCsjp9E11WtBq9_13intent_engine9dashboard9websocket16handle_ui_socket00B9_
FN:779,_RNCNCNvNtNtCsjp9E11WtBq9_13intent_engine9dashboard9websocket16handle_ui_socket0s0_0B9_
FN:763,_RNCNCNvNtNtCsjp9E11WtBq9_13intent_engine9dashboard9websocket16handle_ui_socket0s_0B9_
FN:451,_RNCNCNvNtNtCsjp9E11WtBq9_13intent_engine9dashboard9websocket17handle_mcp_socket00B9_
FN:487,_RNCNCNvNtNtCsjp9E11WtBq9_13intent_engine9dashboard9websocket17handle_mcp_socket0s0_0B9_
FN:470,_RNCNCNvNtNtCsjp9E11WtBq9_13intent_engine9dashboard9websocket17handle_mcp_socket0s_0B9_
FN:723,_RNCNCNvNtNtCsjp9E11WtBq9_13intent_engine9dashboard9websocket19handle_ui_websocket00B9_
FN:443,_RNCNCNvNtNtCsjp9E11WtBq9_13intent_engine9dashboard9websocket20handle_mcp_websocket00B9_
FN:131,_RNCNvMs1_NtNtCsjp9E11WtBq9_13intent_engine9dashboard9websocketNtB7_14WebSocketState15broadcast_to_ui0Bb_
FN:163,_RNCNvMs1_NtNtCsjp9E11WtBq9_13intent_engine9dashboard9websocketNtB7_14WebSocketState32get_online_projects_with_current0Bb_
FN:61,_RNCNvMs_NtNtCsjp9E11WtBq9_13intent_engine9dashboard9websocketINtB6_15ProtocolMessageNtNtCs3Jf4Gf7dOlE_10serde_json5value5ValueE9from_json0Ba_
FN:726,_RNCNvNtNtCsjp9E11WtBq9_13intent_engine9dashboard9websocket16handle_ui_socket0B7_
FN:446,_RNCNvNtNtCsjp9E11WtBq9_13intent_engine9dashboard9websocket17handle_mcp_socket0B7_
FN:722,_RNCNvNtNtCsjp9E11WtBq9_13intent_engine9dashboard9websocket19handle_ui_websocket0B7_
FN:442,_RNCNvNtNtCsjp9E11WtBq9_13intent_engine9dashboard9websocket20handle_mcp_websocket0B7_
FN:49,_RNvMNtNtCsjp9E11WtBq9_13intent_engine9dashboard9websocketINtB2_15ProtocolMessageNtB2_11InitPayloadE7to_jsonB6_
FN:49,_RNvMNtNtCsjp9E11WtBq9_13intent_engine9dashboard9websocketINtB2_15ProtocolMessageNtB2_12EmptyPayloadE7to_jsonB6_
FN:49,_RNvMNtNtCsjp9E11WtBq9_13intent_engine9dashboard9websocketINtB2_15ProtocolMessageNtB2_12ErrorPayloadE7to_jsonB6_
FN:49,_RNvMNtNtCsjp9E11WtBq9_13intent_engine9dashboard9websocketINtB2_15ProtocolMessageNtB2_14WelcomePayloadE7to_jsonB6_
FN:49,_RNvMNtNtCsjp9E11WtBq9_13intent_engine9dashboard9websocketINtB2_15ProtocolMessageNtB2_17RegisteredPayloadE7to_jsonB6_
FN:49,_RNvMNtNtCsjp9E11WtBq9_13intent_engine9dashboard9websocketINtB2_15ProtocolMessageNtB2_20ProjectOnlinePayloadE7to_jsonB6_
FN:49,_RNvMNtNtCsjp9E11WtBq9_13intent_engine9dashboard9websocketINtB2_15ProtocolMessageNtB2_21ProjectOfflinePayloadE7to_jsonB6_
FN:49,_RNvMNtNtCsjp9E11WtBq9_13intent_engine9dashboard9websocketINtB2_15ProtocolMessageNtB2_24DatabaseOperationPayloadE7to_jsonB6_
FN:59,_RNvMs_NtNtCsjp9E11WtBq9_13intent_engine9dashboard9websocketINtB4_15ProtocolMessageNtNtCs3Jf4Gf7dOlE_10serde_json5value5ValueE9from_jsonB8_
FN:379,_RINvMs2_NtNtCsjp9E11WtBq9_13intent_engine9dashboard9websocketNtB6_24DatabaseOperationPayload9task_readpEBa_
FN:145,_RNCNCNvMs1_NtNtCsjp9E11WtBq9_13intent_engine9dashboard9websocketNtB9_14WebSocketState19get_online_projects00Bd_
FN:139,_RNCNvMs1_NtNtCsjp9E11WtBq9_13intent_engine9dashboard9websocketNtB7_14WebSocketState19get_online_projects0Bb_
FN:131,_RNvMs1_NtNtCsjp9E11WtBq9_13intent_engine9dashboard9websocketNtB5_14WebSocketState15broadcast_to_ui
FN:139,_RNvMs1_NtNtCsjp9E11WtBq9_13intent_engine9dashboard9websocketNtB5_14WebSocketState19get_online_projects
FN:156,_RNvMs1_NtNtCsjp9E11WtBq9_13intent_engine9dashboard9websocketNtB5_14WebSocketState32get_online_projects_with_current
FN:123,_RNvMs1_NtNtCsjp9E11WtBq9_13intent_engine9dashboard9websocketNtB5_14WebSocketState3new
FN:726,_RNvNtNtCsjp9E11WtBq9_13intent_engine9dashboard9websocket16handle_ui_socket
FN:446,_RNvNtNtCsjp9E11WtBq9_13intent_engine9dashboard9websocket17handle_mcp_socket
FN:719,_RNvNtNtCsjp9E11WtBq9_13intent_engine9dashboard9websocket19handle_ui_websocket
FN:439,_RNvNtNtCsjp9E11WtBq9_13intent_engine9dashboard9websocket20handle_mcp_websocket
FN:117,_RNvXs0_NtNtCsjp9E11WtBq9_13intent_engine9dashboard9websocketNtB5_14WebSocketStateNtNtCs4Vq2ZLagKfv_4core7default7Default7default
FN:379,_RINvMs2_NtNtCs86Lp2I5pN1o_13intent_engine9dashboard9websocketNtB6_24DatabaseOperationPayload9task_readpEBa_
FN:145,_RNCNCNvMs1_NtNtCs86Lp2I5pN1o_13intent_engine9dashboard9websocketNtB9_14WebSocketState19get_online_projects00Bd_
FN:139,_RNCNvMs1_NtNtCs86Lp2I5pN1o_13intent_engine9dashboard9websocketNtB7_14WebSocketState19get_online_projects0Bb_
FN:139,_RNvMs1_NtNtCs86Lp2I5pN1o_13intent_engine9dashboard9websocketNtB5_14WebSocketState19get_online_projects
FN:117,_RNvXs0_NtNtCs86Lp2I5pN1o_13intent_engine9dashboard9websocketNtB5_14WebSocketStateNtNtCs4Vq2ZLagKfv_4core7default7Default7default
FN:131,_RNvMs1_NtNtCs86Lp2I5pN1o_13intent_engine9dashboard9websocketNtB5_14WebSocketState15broadcast_to_ui
FN:156,_RNvMs1_NtNtCs86Lp2I5pN1o_13intent_engine9dashboard9websocketNtB5_14WebSocketState32get_online_projects_with_current
FN:123,_RNvMs1_NtNtCs86Lp2I5pN1o_13intent_engine9dashboard9websocketNtB5_14WebSocketState3new
FN:726,_RNvNtNtCs86Lp2I5pN1o_13intent_engine9dashboard9websocket16handle_ui_socket
FN:446,_RNvNtNtCs86Lp2I5pN1o_13intent_engine9dashboard9websocket17handle_mcp_socket
FN:719,_RNvNtNtCs86Lp2I5pN1o_13intent_engine9dashboard9websocket19handle_ui_websocket
FN:439,_RNvNtNtCs86Lp2I5pN1o_13intent_engine9dashboard9websocket20handle_mcp_websocket
FN:39,_RINvMNtNtCs86Lp2I5pN1o_13intent_engine9dashboard9websocketINtB3_15ProtocolMessageNtB3_11InitPayloadE3newReEB7_
FN:39,_RINvMNtNtCs86Lp2I5pN1o_13intent_engine9dashboard9websocketINtB3_15ProtocolMessageNtB3_12EmptyPayloadE3newReEB7_
FN:39,_RINvMNtNtCs86Lp2I5pN1o_13intent_engine9dashboard9websocketINtB3_15ProtocolMessageNtB3_12ErrorPayloadE3newReEB7_
FN:39,_RINvMNtNtCs86Lp2I5pN1o_13intent_engine9dashboard9websocketINtB3_15ProtocolMessageNtB3_14WelcomePayloadE3newReEB7_
FN:39,_RINvMNtNtCs86Lp2I5pN1o_13intent_engine9dashboard9websocketINtB3_15ProtocolMessageNtB3_17RegisteredPayloadE3newReEB7_
FN:39,_RINvMNtNtCs86Lp2I5pN1o_13intent_engine9dashboard9websocketINtB3_15ProtocolMessageNtB3_20ProjectOnlinePayloadE3newReEB7_
FN:39,_RINvMNtNtCs86Lp2I5pN1o_13intent_engine9dashboard9websocketINtB3_15ProtocolMessageNtB3_21ProjectOfflinePayloadE3newReEB7_
FN:39,_RINvMNtNtCs86Lp2I5pN1o_13intent_engine9dashboard9websocketINtB3_15ProtocolMessageNtB3_24DatabaseOperationPayloadE3newReEB7_
FN:344,_RINvMs2_NtNtCs86Lp2I5pN1o_13intent_engine9dashboard9websocketNtB6_24DatabaseOperationPayload12task_createdNtNtCs456UZznmu7y_5alloc6string6StringEBa_
FN:374,_RINvMs2_NtNtCs86Lp2I5pN1o_13intent_engine9dashboard9websocketNtB6_24DatabaseOperationPayload12task_deletedNtNtCs456UZznmu7y_5alloc6string6StringEBa_
FN:359,_RINvMs2_NtNtCs86Lp2I5pN1o_13intent_engine9dashboard9websocketNtB6_24DatabaseOperationPayload12task_updatedNtNtCs456UZznmu7y_5alloc6string6StringEBa_
FN:384,_RINvMs2_NtNtCs86Lp2I5pN1o_13intent_engine9dashboard9websocketNtB6_24DatabaseOperationPayload13event_createdNtNtCs456UZznmu7y_5alloc6string6StringEBa_
FN:414,_RINvMs2_NtNtCs86Lp2I5pN1o_13intent_engine9dashboard9websocketNtB6_24DatabaseOperationPayload13event_deletedNtNtCs456UZznmu7y_5alloc6string6StringEBa_
FN:399,_RINvMs2_NtNtCs86Lp2I5pN1o_13intent_engine9dashboard9websocketNtB6_24DatabaseOperationPayload13event_updatedNtNtCs456UZznmu7y_5alloc6string6StringEBa_
FN:327,_RINvMs2_NtNtCs86Lp2I5pN1o_13intent_engine9dashboard9websocketNtB6_24DatabaseOperationPayload3newReB1w_NtNtCs456UZznmu7y_5alloc6string6StringEBa_
FN:424,_RINvNtNtCs86Lp2I5pN1o_13intent_engine9dashboard9websocket21send_protocol_messageNtB2_11InitPayloadEB6_
FN:424,_RINvNtNtCs86Lp2I5pN1o_13intent_engine9dashboard9websocket21send_protocol_messageNtB2_12EmptyPayloadEB6_
FN:424,_RINvNtNtCs86Lp2I5pN1o_13intent_engine9dashboard9websocket21send_protocol_messageNtB2_12ErrorPayloadEB6_
FN:424,_RINvNtNtCs86Lp2I5pN1o_13intent_engine9dashboard9websocket21send_protocol_messageNtB2_14WelcomePayloadEB6_
FN:424,_RINvNtNtCs86Lp2I5pN1o_13intent_engine9dashboard9websocket21send_protocol_messageNtB2_17RegisteredPayloadEB6_
FN:432,_RNCINvNtNtCs86Lp2I5pN1o_13intent_engine9dashboard9websocket21send_protocol_messageNtB4_11InitPayloadE0B8_
FN:435,_RNCINvNtNtCs86Lp2I5pN1o_13intent_engine9dashboard9websocket21send_protocol_messageNtB4_11InitPayloadEs_0B8_
FN:432,_RNCINvNtNtCs86Lp2I5pN1o_13intent_engine9dashboard9websocket21send_protocol_messageNtB4_12EmptyPayloadE0B8_
FN:435,_RNCINvNtNtCs86Lp2I5pN1o_13intent_engine9dashboard9websocket21send_protocol_messageNtB4_12EmptyPayloadEs_0B8_
FN:432,_RNCINvNtNtCs86Lp2I5pN1o_13intent_engine9dashboard9websocket21send_protocol_messageNtB4_12ErrorPayloadE0B8_
FN:435,_RNCINvNtNtCs86Lp2I5pN1o_13intent_engine9dashboard9websocket21send_protocol_messageNtB4_12ErrorPayloadEs_0B8_
FN:432,_RNCINvNtNtCs86Lp2I5pN1o_13intent_engine9dashboard9websocket21send_protocol_messageNtB4_14WelcomePayloadE0B8_
FN:435,_RNCINvNtNtCs86Lp2I5pN1o_13intent_engine9dashboard9websocket21send_protocol_messageNtB4_14WelcomePayloadEs_0B8_
FN:432,_RNCINvNtNtCs86Lp2I5pN1o_13intent_engine9dashboard9websocket21send_protocol_messageNtB4_17RegisteredPayloadE0B8_
FN:435,_RNCINvNtNtCs86Lp2I5pN1o_13intent_engine9dashboard9websocket21send_protocol_messageNtB4_17RegisteredPayloadEs_0B8_
FN:575,_RNCNCNCNvNtNtCs86Lp2I5pN1o_13intent_engine9dashboard9websocket17handle_mcp_socket0s0_00Bb_
FN:580,_RNCNCNCNvNtNtCs86Lp2I5pN1o_13intent_engine9dashboard9websocket17handle_mcp_socket0s0_0s_0Bb_
FN:173,_RNCNCNvMs1_NtNtCs86Lp2I5pN1o_13intent_engine9dashboard9websocketNtB9_14WebSocketState32get_online_projects_with_current00Bd_
FN:196,_RNCNCNvMs1_NtNtCs86Lp2I5pN1o_13intent_engine9dashboard9websocketNtB9_14WebSocketState32get_online_projects_with_current0s_0Bd_
FN:731,_RNCNCNvNtNtCs86Lp2I5pN1o_13intent_engine9dashboard9websocket16handle_ui_socket00B9_
FN:779,_RNCNCNvNtNtCs86Lp2I5pN1o_13intent_engine9dashboard9websocket16handle_ui_socket0s0_0B9_
FN:763,_RNCNCNvNtNtCs86Lp2I5pN1o_13intent_engine9dashboard9websocket16handle_ui_socket0s_0B9_
FN:451,_RNCNCNvNtNtCs86Lp2I5pN1o_13intent_engine9dashboard9websocket17handle_mcp_socket00B9_
FN:487,_RNCNCNvNtNtCs86Lp2I5pN1o_13intent_engine9dashboard9websocket17handle_mcp_socket0s0_0B9_
FN:470,_RNCNCNvNtNtCs86Lp2I5pN1o_13intent_engine9dashboard9websocket17handle_mcp_socket0s_0B9_
FN:723,_RNCNCNvNtNtCs86Lp2I5pN1o_13intent_engine9dashboard9websocket19handle_ui_websocket00B9_
FN:443,_RNCNCNvNtNtCs86Lp2I5pN1o_13intent_engine9dashboard9websocket20handle_mcp_websocket00B9_
FN:131,_RNCNvMs1_NtNtCs86Lp2I5pN1o_13intent_engine9dashboard9websocketNtB7_14WebSocketState15broadcast_to_ui0Bb_
FN:163,_RNCNvMs1_NtNtCs86Lp2I5pN1o_13intent_engine9dashboard9websocketNtB7_14WebSocketState32get_online_projects_with_current0Bb_
FN:61,_RNCNvMs_NtNtCs86Lp2I5pN1o_13intent_engine9dashboard9websocketINtB6_15ProtocolMessageNtNtCs3Jf4Gf7dOlE_10serde_json5value5ValueE9from_json0Ba_
FN:726,_RNCNvNtNtCs86Lp2I5pN1o_13intent_engine9dashboard9websocket16handle_ui_socket0B7_
[...]
DA:2133,1
DA:2136,1
DA:2137,1
DA:2138,1
DA:2140,1
DA:2142,1
DA:2143,1
DA:2145,1
DA:2146,1
DA:2147,1
DA:2150,1
DA:2151,1
DA:2152,1
DA:2154,1
DA:2157,1
DA:2158,1
DA:2159,1
DA:2162,1
DA:2163,1
DA:2164,1
DA:2166,1
DA:2167,1
DA:2170,1
DA:2171,1
DA:2172,1
DA:2177,1
DA:2178,1
DA:2179,1
DA:2182,1
DA:2184,1
DA:2187,1
DA:2188,1
DA:2191,1
DA:2194,1
DA:2197,1
DA:2198,1
DA:2201,1
DA:2202,1
DA:2203,1
DA:2206,1
DA:2207,1
DA:2208,1
DA:2210,1
DA:2213,1
DA:2216,1
DA:2219,1
DA:2220,1
DA:2221,1
DA:2222,1
DA:2223,1
DA:2226,1
DA:2227,1
DA:2230,1
DA:2231,1
DA:2232,1
DA:2235,1
DA:2236,1
DA:2237,1
DA:2238,1
DA:2239,1
DA:2241,1
DA:2244,1
DA:2245,1
DA:2248,1
DA:2249,1
DA:2250,1
DA:2253,1
DA:2256,1
DA:2257,1
DA:2260,1
DA:2261,1
DA:2262,1
DA:2265,1
DA:2266,1
DA:2267,1
DA:2268,1
DA:2269,1
DA:2270,1
DA:2271,1
DA:2272,1
DA:2273,1
DA:2274,1
DA:2275,1
DA:2276,1
DA:2277,1
DA:2279,1
DA:2282,1
DA:2285,1
DA:2288,1
DA:2291,1
DA:2292,1
DA:2293,1
DA:2294,1
DA:2295,1
DA:2296,1
DA:2299,1
DA:2300,1
DA:2301,1
DA:2304,1
DA:2305,1
DA:2306,1
DA:2307,1
DA:2308,1
DA:2309,1
DA:2310,1
DA:2311,1
DA:2312,1
DA:2314,1
DA:2317,1
DA:2320,1
DA:2321,1
DA:2322,1
DA:2323,1
DA:2324,1
DA:2327,1
DA:2330,1
DA:2331,1
DA:2334,1
DA:2335,1
DA:2336,1
DA:2345,1
DA:2346,1
DA:2347,1
DA:2348,1
DA:2349,1
DA:2350,1
DA:2351,1
DA:2352,1
DA:2353,1
DA:2354,1
DA:2355,1
DA:2356,1
DA:2357,1
DA:2358,1
DA:2359,1
DA:2360,1
DA:2361,1
DA:2364,1
DA:2367,1
DA:2370,1
DA:2371,1
DA:2372,1
DA:2375,1
DA:2376,1
DA:2379,1
DA:2382,1
DA:2383,1
DA:2384,1
DA:2385,1
DA:2386,1
DA:2387,1
DA:2388,1
DA:2391,1
DA:2392,1
DA:2393,1
DA:2396,1
DA:2399,1
DA:2400,1
DA:2401,1
DA:2402,1
DA:2403,1
DA:2404,1
DA:2405,1
DA:2406,1
DA:2408,1
DA:2409,1
DA:2410,1
DA:2411,1
DA:2412,1
DA:2413,1
DA:2414,1
DA:2415,1
DA:2417,1
DA:2418,1
DA:2419,1
DA:2420,1
DA:2421,1
DA:2422,1
DA:2423,1
DA:2424,1
DA:2426,1
DA:2429,1
DA:2430,1
DA:2431,1
DA:2432,1
DA:2433,1
DA:2436,1
DA:2437,1
DA:2438,1
DA:2440,1
DA:2441,1
DA:2442,1
DA:2443,1
DA:2446,1
DA:2447,1
DA:2448,1
DA:2451,1
DA:2452,1
DA:2453,1
DA:2454,1
DA:2455,1
DA:2457,1
DA:2460,1
DA:2461,1
DA:2462,1
DA:2463,1
DA:2464,1
DA:2466,1
DA:2469,1
DA:2471,1
DA:2472,1
DA:2474,1
DA:2475,1
DA:2476,1
DA:2479,1
DA:2480,1
DA:2481,1
DA:2484,1
DA:2485,1
DA:2486,1
DA:2487,1
DA:2488,1
DA:2489,1
DA:2490,1
DA:2491,1
DA:2493,1
DA:2494,1
DA:2495,1
DA:2496,1
DA:2497,1
DA:2499,1
DA:2500,1
DA:2501,1
DA:2502,1
DA:2503,1
DA:2505,1
DA:2506,1
DA:2507,1
DA:2508,1
DA:2509,1
DA:2512,1
DA:2514,1
DA:2515,1
DA:2516,1
DA:2517,1
DA:2518,1
DA:2519,1
DA:2522,1
DA:2523,1
DA:2524,1
DA:2525,1
DA:2528,1
DA:2529,1
DA:2530,1
DA:2531,1
DA:2532,1
DA:2533,1
DA:2536,1
DA:2537,1
DA:2538,1
DA:2539,1
DA:2540,1
DA:2542,1
DA:2544,1
DA:2545,1
DA:2546,1
DA:2547,1
DA:2550,1
DA:2552,1
DA:2553,1
DA:2554,1
DA:2555,1
DA:2556,1
DA:2557,1
DA:2558,1
DA:2559,1
DA:2560,1
DA:2561,1
DA:2564,1
DA:2565,1
DA:2566,1
DA:2567,1
DA:2570,1
DA:2571,1
DA:2572,1
DA:2575,1
DA:2576,1
DA:2579,1
DA:2580,1
DA:2581,1
DA:2584,1
DA:2585,1
DA:2588,1
DA:2589,1
DA:2591,0
DA:2595,1
DA:2596,1
DA:2597,1
DA:2598,1
DA:2599,1
DA:2600,1
DA:2601,1
DA:2603,1
DA:2604,1
DA:2605,1
DA:2606,1
BRF:0
BRH:0
LF:1953
LH:1849
end_of_record
SF:/mnt/d/prj/intent-engine/src/test_utils.rs
FN:13,_RNCNvMNtNtCs86Lp2I5pN1o_13intent_engine10test_utils12test_helpersNtB4_11TestContext3new0B8_
FN:35,_RNvMNtNtCs86Lp2I5pN1o_13intent_engine10test_utils12test_helpersNtB2_11TestContext12project_root
FN:13,_RNvMNtNtCs86Lp2I5pN1o_13intent_engine10test_utils12test_helpersNtB2_11TestContext3new
FN:31,_RNvMNtNtCs86Lp2I5pN1o_13intent_engine10test_utils12test_helpersNtB2_11TestContext4pool
FNDA:147,_RNCNvMNtNtCs86Lp2I5pN1o_13intent_engine10test_utils12test_helpersNtB4_11TestContext3new0B8_
FNDA:30,_RNvMNtNtCs86Lp2I5pN1o_13intent_engine10test_utils12test_helpersNtB2_11TestContext12project_root
FNDA:147,_RNvMNtNtCs86Lp2I5pN1o_13intent_engine10test_utils12test_helpersNtB2_11TestContext3new
FNDA:183,_RNvMNtNtCs86Lp2I5pN1o_13intent_engine10test_utils12test_helpersNtB2_11TestContext4pool
FNF:4
FNH:4
DA:13,147
DA:14,147
DA:17,147
DA:18,147
DA:20,147
DA:22,147
DA:23,147
DA:25,147
DA:26,147
DA:27,147
DA:28,147
DA:29,147
DA:31,183
DA:32,183
DA:33,183
DA:35,30
DA:36,30
DA:37,30
BRF:0
BRH:0
LF:19
LH:19
end_of_record
SF:/mnt/d/prj/intent-engine/src/time_utils.rs
FN:36,_RNvNtCsjp9E11WtBq9_13intent_engine10time_utils14parse_duration
FN:46,_RNCNvNtCsjp9E11WtBq9_13intent_engine10time_utils14parse_duration0B5_
FN:36,_RNvNtCs86Lp2I5pN1o_13intent_engine10time_utils14parse_duration
FN:46,_RNCNvNtCs86Lp2I5pN1o_13intent_engine10time_utils14parse_duration0B5_
FN:72,_RNvNtNtCs86Lp2I5pN1o_13intent_engine10time_utils5testss_24test_parse_duration_days
FN:149,_RNvNtNtCs86Lp2I5pN1o_13intent_engine10time_utils5testss_25test_parse_duration_empty
FN:82,_RNvNtNtCs86Lp2I5pN1o_13intent_engine10time_utils5testss_25test_parse_duration_hours
FN:109,_RNvNtNtCs86Lp2I5pN1o_13intent_engine10time_utils5testss_25test_parse_duration_weeks
FN:91,_RNvNtNtCs86Lp2I5pN1o_13intent_engine10time_utils5testss_27test_parse_duration_minutes
FN:100,_RNvNtNtCs86Lp2I5pN1o_13intent_engine10time_utils5testss_27test_parse_duration_seconds
FN:143,_RNvNtNtCs86Lp2I5pN1o_13intent_engine10time_utils5testss_29test_parse_duration_too_short
FN:133,_RNvNtNtCs86Lp2I5pN1o_13intent_engine10time_utils5testss_32test_parse_duration_invalid_unit
FN:127,_RNvNtNtCs86Lp2I5pN1o_13intent_engine10time_utils5testss_34test_parse_duration_invalid_number
FN:118,_RNvNtNtCs86Lp2I5pN1o_13intent_engine10time_utils5testss_35test_parse_duration_with_whitespace
FNDA:0,_RNvNtCsjp9E11WtBq9_13intent_engine10time_utils14parse_duration
FNDA:0,_RNCNvNtCsjp9E11WtBq9_13intent_engine10time_utils14parse_duration0B5_
FNDA:18,_RNvNtCs86Lp2I5pN1o_13intent_engine10time_utils14parse_duration
FNDA:2,_RNCNvNtCs86Lp2I5pN1o_13intent_engine10time_utils14parse_duration0B5_
FNDA:1,_RNvNtNtCs86Lp2I5pN1o_13intent_engine10time_utils5testss_24test_parse_duration_days
FNDA:1,_RNvNtNtCs86Lp2I5pN1o_13intent_engine10time_utils5testss_25test_parse_duration_empty
FNDA:1,_RNvNtNtCs86Lp2I5pN1o_13intent_engine10time_utils5testss_25test_parse_duration_hours
FNDA:1,_RNvNtNtCs86Lp2I5pN1o_13intent_engine10time_utils5testss_25test_parse_duration_weeks
FNDA:1,_RNvNtNtCs86Lp2I5pN1o_13intent_engine10time_utils5testss_27test_parse_duration_minutes
FNDA:1,_RNvNtNtCs86Lp2I5pN1o_13intent_engine10time_utils5testss_27test_parse_duration_seconds
FNDA:1,_RNvNtNtCs86Lp2I5pN1o_13intent_engine10time_utils5testss_29test_parse_duration_too_short
FNDA:1,_RNvNtNtCs86Lp2I5pN1o_13intent_engine10time_utils5testss_32test_parse_duration_invalid_unit
FNDA:1,_RNvNtNtCs86Lp2I5pN1o_13intent_engine10time_utils5testss_34test_parse_duration_invalid_number
FNDA:1,_RNvNtNtCs86Lp2I5pN1o_13intent_engine10time_utils5testss_35test_parse_duration_with_whitespace
FNF:12
FNH:12
DA:36,18
DA:37,18
DA:39,18
DA:40,2
DA:41,2
DA:42,2
DA:43,16
DA:45,16
DA:46,16
DA:47,2
DA:48,2
DA:50,14
DA:51,14
DA:52,8
DA:53,4
DA:54,3
DA:55,2
DA:57,1
DA:58,1
DA:59,1
DA:60,1
DA:64,13
DA:65,18
DA:72,1
DA:73,1
DA:74,1
DA:75,1
DA:78,1
DA:79,1
DA:82,1
DA:83,1
DA:84,1
DA:85,1
DA:87,1
DA:88,1
DA:91,1
DA:92,1
DA:93,1
DA:94,1
DA:96,1
DA:97,1
DA:100,1
DA:101,1
DA:102,1
DA:103,1
DA:105,1
DA:106,1
DA:109,1
DA:110,1
DA:111,1
DA:112,1
DA:114,1
DA:115,1
DA:118,1
DA:119,1
DA:120,1
DA:121,1
DA:123,1
DA:124,1
DA:127,1
DA:128,1
DA:129,1
DA:130,1
DA:133,1
DA:134,1
DA:135,1
DA:137,1
DA:138,1
DA:139,0
DA:140,1
DA:143,1
DA:144,1
DA:145,1
DA:146,1
DA:149,1
DA:150,1
DA:151,1
DA:152,1
BRF:0
BRH:0
LF:80
LH:79
end_of_record
SF:/mnt/d/prj/intent-engine/src/windows_console.rs
FN:180,_RNvNtCsjp9E11WtBq9_13intent_engine15windows_console14code_page_name
FN:100,_RNvNtCsjp9E11WtBq9_13intent_engine15windows_console15is_console_utf8
FN:146,_RNvNtCsjp9E11WtBq9_13intent_engine15windows_console21get_console_code_page
FN:125,_RNvNtCsjp9E11WtBq9_13intent_engine15windows_console21is_console_input_utf8
FN:75,_RNvNtCsjp9E11WtBq9_13intent_engine15windows_console21setup_windows_console
FN:167,_RNvNtCsjp9E11WtBq9_13intent_engine15windows_console27get_console_input_code_page
FN:125,_RNvNtCs86Lp2I5pN1o_13intent_engine15windows_console21is_console_input_utf8
FN:167,_RNvNtCs86Lp2I5pN1o_13intent_engine15windows_console27get_console_input_code_page
FN:231,_RNvNtNtCs86Lp2I5pN1o_13intent_engine15windows_console5testss_18test_get_code_page
FN:198,_RNvNtNtCs86Lp2I5pN1o_13intent_engine15windows_console5testss_18test_setup_console
FN:223,_RNvNtNtCs86Lp2I5pN1o_13intent_engine15windows_console5testss_20test_code_page_names
FN:205,_RNvNtNtCs86Lp2I5pN1o_13intent_engine15windows_console5testss_20test_is_console_utf8
FN:180,_RNvNtCs86Lp2I5pN1o_13intent_engine15windows_console14code_page_name
FN:100,_RNvNtCs86Lp2I5pN1o_13intent_engine15windows_console15is_console_utf8
FN:146,_RNvNtCs86Lp2I5pN1o_13intent_engine15windows_console21get_console_code_page
FN:75,_RNvNtCs86Lp2I5pN1o_13intent_engine15windows_console21setup_windows_console
FNDA:0,_RNvNtCsjp9E11WtBq9_13intent_engine15windows_console14code_page_name
FNDA:0,_RNvNtCsjp9E11WtBq9_13intent_engine15windows_console15is_console_utf8
FNDA:0,_RNvNtCsjp9E11WtBq9_13intent_engine15windows_console21get_console_code_page
FNDA:0,_RNvNtCsjp9E11WtBq9_13intent_engine15windows_console21is_console_input_utf8
FNDA:0,_RNvNtCsjp9E11WtBq9_13intent_engine15windows_console21setup_windows_console
FNDA:0,_RNvNtCsjp9E11WtBq9_13intent_engine15windows_console27get_console_input_code_page
FNDA:0,_RNvNtCs86Lp2I5pN1o_13intent_engine15windows_console21is_console_input_utf8
FNDA:0,_RNvNtCs86Lp2I5pN1o_13intent_engine15windows_console27get_console_input_code_page
FNDA:1,_RNvNtNtCs86Lp2I5pN1o_13intent_engine15windows_console5testss_18test_get_code_page
FNDA:1,_RNvNtNtCs86Lp2I5pN1o_13intent_engine15windows_console5testss_18test_setup_console
FNDA:1,_RNvNtNtCs86Lp2I5pN1o_13intent_engine15windows_console5testss_20test_code_page_names
FNDA:1,_RNvNtNtCs86Lp2I5pN1o_13intent_engine15windows_console5testss_20test_is_console_utf8
FNDA:4,_RNvNtCs86Lp2I5pN1o_13intent_engine15windows_console14code_page_name
FNDA:1,_RNvNtCs86Lp2I5pN1o_13intent_engine15windows_console15is_console_utf8
FNDA:1,_RNvNtCs86Lp2I5pN1o_13intent_engine15windows_console21get_console_code_page
FNDA:2,_RNvNtCs86Lp2I5pN1o_13intent_engine15windows_console21setup_windows_console
FNF:10
FNH:8
DA:75,2
DA:76,2
DA:77,2
DA:100,1
DA:101,1
DA:102,1
DA:125,0
DA:126,0
DA:127,0
DA:146,1
DA:147,1
DA:148,1
DA:167,0
DA:168,0
DA:169,0
DA:180,4
DA:181,4
DA:182,1
DA:183,1
DA:184,1
DA:185,0
DA:186,0
DA:187,0
DA:188,0
DA:189,1
DA:191,4
DA:198,1
DA:200,1
DA:201,1
DA:202,1
DA:205,1
DA:207,1
DA:218,1
DA:220,1
DA:223,1
DA:224,1
DA:225,1
DA:226,1
DA:227,1
DA:228,1
DA:231,1
DA:232,1
DA:244,1
DA:246,1
BRF:0
BRH:0
LF:44
LH:34
end_of_record
SF:/mnt/d/prj/intent-engine/src/workspace.rs
FN:29,_RNCNCNvMNtCsjp9E11WtBq9_13intent_engine9workspaceNtB6_16WorkspaceManager16get_current_task00B8_
FN:23,_RNCNvMNtCsjp9E11WtBq9_13intent_engine9workspaceNtB4_16WorkspaceManager16get_current_task0B6_
FN:53,_RNCNvMNtCsjp9E11WtBq9_13intent_engine9workspaceNtB4_16WorkspaceManager16set_current_task0B6_
FN:23,_RNvMNtCsjp9E11WtBq9_13intent_engine9workspaceNtB2_16WorkspaceManager16get_current_task
FN:53,_RNvMNtCsjp9E11WtBq9_13intent_engine9workspaceNtB2_16WorkspaceManager16set_current_task
FN:18,_RNvMNtCsjp9E11WtBq9_13intent_engine9workspaceNtB2_16WorkspaceManager3new
FN:23,_RNvMNtCs86Lp2I5pN1o_13intent_engine9workspaceNtB2_16WorkspaceManager16get_current_task
FN:53,_RNvMNtCs86Lp2I5pN1o_13intent_engine9workspaceNtB2_16WorkspaceManager16set_current_task
FN:18,_RNvMNtCs86Lp2I5pN1o_13intent_engine9workspaceNtB2_16WorkspaceManager3new
FN:97,_RNvNtNtCs86Lp2I5pN1o_13intent_engine9workspace5testss_21test_set_current_task
FN:121,_RNvNtNtCs86Lp2I5pN1o_13intent_engine9workspace5testss_24test_update_current_task
FN:86,_RNvNtNtCs86Lp2I5pN1o_13intent_engine9workspace5testss_26test_get_current_task_none
FN:140,_RNvNtNtCs86Lp2I5pN1o_13intent_engine9workspace5testss_31test_get_current_task_after_set
FN:112,_RNvNtNtCs86Lp2I5pN1o_13intent_engine9workspace5testss_33test_set_current_task_nonexistent
FN:244,_RNvNtNtCs86Lp2I5pN1o_13intent_engine9workspace5testss_33test_set_same_task_multiple_times
FN:260,_RNvNtNtCs86Lp2I5pN1o_13intent_engine9workspace5testss_38test_workspace_state_insert_or_replace
FN:204,_RNvNtNtCs86Lp2I5pN1o_13intent_engine9workspace5testss_39test_get_current_task_with_deleted_task
FN:155,_RNvNtNtCs86Lp2I5pN1o_13intent_engine9workspace5testss_40test_current_task_response_serialization
FN:283,_RNvNtNtCs86Lp2I5pN1o_13intent_engine9workspace5testss_41test_get_current_task_with_changed_status
FN:184,_RNvNtNtCs86Lp2I5pN1o_13intent_engine9workspace5testss_43test_get_current_task_with_invalid_id_in_db
FN:223,_RNvNtNtCs86Lp2I5pN1o_13intent_engine9workspace5testss_43test_set_current_task_returns_complete_task
FN:170,_RNvNtNtCs86Lp2I5pN1o_13intent_engine9workspace5testss_45test_current_task_response_none_serialization
FN:97,_RNCNvNtNtCs86Lp2I5pN1o_13intent_engine9workspace5testss_21test_set_current_task0B7_
FN:121,_RNCNvNtNtCs86Lp2I5pN1o_13intent_engine9workspace5testss_24test_update_current_task0B7_
FN:86,_RNCNvNtNtCs86Lp2I5pN1o_13intent_engine9workspace5testss_26test_get_current_task_none0B7_
FN:140,_RNCNvNtNtCs86Lp2I5pN1o_13intent_engine9workspace5testss_31test_get_current_task_after_set0B7_
FN:112,_RNCNvNtNtCs86Lp2I5pN1o_13intent_engine9workspace5testss_33test_set_current_task_nonexistent0B7_
FN:244,_RNCNvNtNtCs86Lp2I5pN1o_13intent_engine9workspace5testss_33test_set_same_task_multiple_times0B7_
FN:260,_RNCNvNtNtCs86Lp2I5pN1o_13intent_engine9workspace5testss_38test_workspace_state_insert_or_replace0B7_
FN:204,_RNCNvNtNtCs86Lp2I5pN1o_13intent_engine9workspace5testss_39test_get_current_task_with_deleted_task0B7_
FN:155,_RNCNvNtNtCs86Lp2I5pN1o_13intent_engine9workspace5testss_40test_current_task_response_serialization0B7_
FN:283,_RNCNvNtNtCs86Lp2I5pN1o_13intent_engine9workspace5testss_41test_get_current_task_with_changed_status0B7_
FN:184,_RNCNvNtNtCs86Lp2I5pN1o_13intent_engine9workspace5testss_43test_get_current_task_with_invalid_id_in_db0B7_
FN:223,_RNCNvNtNtCs86Lp2I5pN1o_13intent_engine9workspace5testss_43test_set_current_task_returns_complete_task0B7_
FN:170,_RNCNvNtNtCs86Lp2I5pN1o_13intent_engine9workspace5testss_45test_current_task_response_none_serialization0B7_
FN:29,_RNCNCNvMNtCs86Lp2I5pN1o_13intent_engine9workspaceNtB6_16WorkspaceManager16get_current_task00B8_
FN:23,_RNCNvMNtCs86Lp2I5pN1o_13intent_engine9workspaceNtB4_16WorkspaceManager16get_current_task0B6_
FN:53,_RNCNvMNtCs86Lp2I5pN1o_13intent_engine9workspaceNtB4_16WorkspaceManager16set_current_task0B6_
FNDA:0,_RNCNCNvMNtCsjp9E11WtBq9_13intent_engine9workspaceNtB6_16WorkspaceManager16get_current_task00B8_
FNDA:0,_RNCNvMNtCsjp9E11WtBq9_13intent_engine9workspaceNtB4_16WorkspaceManager16get_current_task0B6_
FNDA:0,_RNCNvMNtCsjp9E11WtBq9_13intent_engine9workspaceNtB4_16WorkspaceManager16set_current_task0B6_
FNDA:0,_RNvMNtCsjp9E11WtBq9_13intent_engine9workspaceNtB2_16WorkspaceManager16get_current_task
FNDA:0,_RNvMNtCsjp9E11WtBq9_13intent_engine9workspaceNtB2_16WorkspaceManager16set_current_task
FNDA:0,_RNvMNtCsjp9E11WtBq9_13intent_engine9workspaceNtB2_16WorkspaceManager3new
FNDA:37,_RNvMNtCs86Lp2I5pN1o_13intent_engine9workspaceNtB2_16WorkspaceManager16get_current_task
FNDA:22,_RNvMNtCs86Lp2I5pN1o_13intent_engine9workspaceNtB2_16WorkspaceManager16set_current_task
FNDA:29,_RNvMNtCs86Lp2I5pN1o_13intent_engine9workspaceNtB2_16WorkspaceManager3new
FNDA:1,_RNvNtNtCs86Lp2I5pN1o_13intent_engine9workspace5testss_21test_set_current_task
FNDA:1,_RNvNtNtCs86Lp2I5pN1o_13intent_engine9workspace5testss_24test_update_current_task
FNDA:1,_RNvNtNtCs86Lp2I5pN1o_13intent_engine9workspace5testss_26test_get_current_task_none
FNDA:1,_RNvNtNtCs86Lp2I5pN1o_13intent_engine9workspace5testss_31test_get_current_task_after_set
FNDA:1,_RNvNtNtCs86Lp2I5pN1o_13intent_engine9workspace5testss_33test_set_current_task_nonexistent
FNDA:1,_RNvNtNtCs86Lp2I5pN1o_13intent_engine9workspace5testss_33test_set_same_task_multiple_times
FNDA:1,_RNvNtNtCs86Lp2I5pN1o_13intent_engine9workspace5testss_38test_workspace_state_insert_or_replace
FNDA:1,_RNvNtNtCs86Lp2I5pN1o_13intent_engine9workspace5testss_39test_get_current_task_with_deleted_task
FNDA:1,_RNvNtNtCs86Lp2I5pN1o_13intent_engine9workspace5testss_40test_current_task_response_serialization
FNDA:1,_RNvNtNtCs86Lp2I5pN1o_13intent_engine9workspace5testss_41test_get_current_task_with_changed_status
FNDA:1,_RNvNtNtCs86Lp2I5pN1o_13intent_engine9workspace5testss_43test_get_current_task_with_invalid_id_in_db
FNDA:1,_RNvNtNtCs86Lp2I5pN1o_13intent_engine9workspace5testss_43test_set_current_task_returns_complete_task
FNDA:1,_RNvNtNtCs86Lp2I5pN1o_13intent_engine9workspace5testss_45test_current_task_response_none_serialization
FNDA:1,_RNCNvNtNtCs86Lp2I5pN1o_13intent_engine9workspace5testss_21test_set_current_task0B7_
FNDA:1,_RNCNvNtNtCs86Lp2I5pN1o_13intent_engine9workspace5testss_24test_update_current_task0B7_
FNDA:1,_RNCNvNtNtCs86Lp2I5pN1o_13intent_engine9workspace5testss_26test_get_current_task_none0B7_
FNDA:1,_RNCNvNtNtCs86Lp2I5pN1o_13intent_engine9workspace5testss_31test_get_current_task_after_set0B7_
FNDA:1,_RNCNvNtNtCs86Lp2I5pN1o_13intent_engine9workspace5testss_33test_set_current_task_nonexistent0B7_
FNDA:1,_RNCNvNtNtCs86Lp2I5pN1o_13intent_engine9workspace5testss_33test_set_same_task_multiple_times0B7_
FNDA:1,_RNCNvNtNtCs86Lp2I5pN1o_13intent_engine9workspace5testss_38test_workspace_state_insert_or_replace0B7_
FNDA:1,_RNCNvNtNtCs86Lp2I5pN1o_13intent_engine9workspace5testss_39test_get_current_task_with_deleted_task0B7_
FNDA:1,_RNCNvNtNtCs86Lp2I5pN1o_13intent_engine9workspace5testss_40test_current_task_response_serialization0B7_
FNDA:1,_RNCNvNtNtCs86Lp2I5pN1o_13intent_engine9workspace5testss_41test_get_current_task_with_changed_status0B7_
FNDA:1,_RNCNvNtNtCs86Lp2I5pN1o_13intent_engine9workspace5testss_43test_get_current_task_with_invalid_id_in_db0B7_
FNDA:1,_RNCNvNtNtCs86Lp2I5pN1o_13intent_engine9workspace5testss_43test_set_current_task_returns_complete_task0B7_
FNDA:1,_RNCNvNtNtCs86Lp2I5pN1o_13intent_engine9workspace5testss_45test_current_task_response_none_serialization0B7_
FNDA:33,_RNCNCNvMNtCs86Lp2I5pN1o_13intent_engine9workspaceNtB6_16WorkspaceManager16get_current_task00B8_
FNDA:37,_RNCNvMNtCs86Lp2I5pN1o_13intent_engine9workspaceNtB4_16WorkspaceManager16get_current_task0B6_
FNDA:22,_RNCNvMNtCs86Lp2I5pN1o_13intent_engine9workspaceNtB4_16WorkspaceManager16set_current_task0B6_
FNF:32
FNH:32
DA:18,29
DA:19,29
DA:20,29
DA:23,37
DA:24,37
DA:25,37
DA:26,37
DA:27,37
DA:29,37
DA:31,37
DA:32,32
DA:33,32
DA:34,32
DA:35,32
DA:36,32
DA:37,32
DA:38,32
DA:39,32
DA:40,32
DA:41,32
DA:43,5
DA:46,37
DA:47,37
DA:48,37
DA:49,37
DA:50,37
DA:53,22
DA:55,22
DA:56,22
DA:57,22
DA:58,22
DA:60,22
DA:61,1
DA:62,21
DA:65,21
DA:66,21
DA:67,21
DA:68,21
DA:69,21
DA:70,21
DA:71,21
DA:72,21
DA:73,21
DA:75,21
DA:76,22
DA:86,1
DA:87,1
DA:88,1
DA:90,1
DA:92,1
DA:93,1
DA:94,1
DA:97,1
DA:98,1
DA:99,1
DA:100,1
DA:102,1
DA:104,1
DA:106,1
DA:107,1
DA:108,1
DA:109,1
DA:112,1
DA:113,1
DA:114,1
DA:116,1
DA:117,1
DA:118,1
DA:121,1
DA:122,1
DA:123,1
DA:124,1
DA:126,1
DA:127,1
DA:130,1
DA:133,1
DA:135,1
DA:136,1
DA:137,1
DA:140,1
DA:141,1
DA:142,1
DA:143,1
DA:145,1
DA:146,1
DA:148,1
DA:150,1
DA:151,1
DA:152,1
DA:155,1
DA:156,1
DA:157,1
DA:158,1
DA:160,1
DA:161,1
DA:164,1
DA:165,1
DA:166,1
DA:167,1
DA:170,1
DA:171,1
DA:172,1
DA:174,1
DA:177,1
DA:178,1
DA:180,1
DA:181,1
DA:184,1
DA:185,1
DA:188,1
DA:189,1
DA:190,1
DA:191,1
DA:192,1
DA:193,1
DA:195,1
DA:196,1
DA:199,1
DA:200,1
DA:201,1
DA:204,1
DA:205,1
DA:206,1
DA:207,1
DA:209,1
DA:210,1
DA:213,1
DA:215,1
DA:218,1
DA:219,1
DA:220,1
DA:223,1
DA:224,1
DA:225,1
DA:226,1
DA:228,1
DA:229,1
DA:230,1
DA:231,1
DA:233,1
DA:236,1
DA:237,1
DA:238,1
DA:239,1
DA:240,1
DA:241,1
DA:244,1
DA:245,1
DA:246,1
DA:247,1
DA:249,1
DA:252,1
DA:253,1
DA:254,1
DA:256,1
DA:257,1
DA:260,1
DA:261,1
DA:262,1
DA:263,1
DA:265,1
DA:266,1
DA:268,1
DA:269,1
DA:272,1
DA:273,1
DA:274,1
DA:275,1
DA:276,1
DA:277,1
DA:279,1
DA:280,1
DA:283,1
DA:284,1
DA:285,1
DA:286,1
DA:288,1
DA:289,1
DA:292,1
DA:294,1
DA:297,1
DA:298,1
BRF:0
BRH:0
LF:211
LH:211
end_of_record