SF:/mnt/d/prj/intent-engine/src/dashboard/daemon.rs
FN:120,_RNvNtNtCsOaxdXngaqw_13intent_engine9dashboard6daemon12open_browser
FN:78,_RNvNtNtCsOaxdXngaqw_13intent_engine9dashboard6daemon12stop_process
FN:152,_RNvNtNtCsOaxdXngaqw_13intent_engine9dashboard6daemon9daemonize
FN:6,_RNvNtNtCsOaxdXngaqw_13intent_engine9dashboard6daemon13pid_file_path
FN:21,_RNvNtNtCsOaxdXngaqw_13intent_engine9dashboard6daemon13read_pid_file
FN:13,_RNvNtNtCsOaxdXngaqw_13intent_engine9dashboard6daemon14write_pid_file
FN:40,_RNvNtNtCsOaxdXngaqw_13intent_engine9dashboard6daemon15delete_pid_file
FN:53,_RNvNtNtCsOaxdXngaqw_13intent_engine9dashboard6daemon18is_process_running
FN:29,_RNCNvNtNtCsOaxdXngaqw_13intent_engine9dashboard6daemon13read_pid_file0B7_
FN:16,_RNCNvNtNtCsOaxdXngaqw_13intent_engine9dashboard6daemon14write_pid_file0B7_
FN:45,_RNCNvNtNtCsOaxdXngaqw_13intent_engine9dashboard6daemon15delete_pid_file0B7_
FN:60,_RNCNvNtNtCsOaxdXngaqw_13intent_engine9dashboard6daemon18is_process_running0B7_
FN:190,_RNvNtNtNtCsOaxdXngaqw_13intent_engine9dashboard6daemon5testss_23test_is_process_running
FN:170,_RNvNtNtNtCsOaxdXngaqw_13intent_engine9dashboard6daemon5testss_24test_pid_file_operations
FNDA:0,_RNvNtNtCsOaxdXngaqw_13intent_engine9dashboard6daemon12open_browser
FNDA:0,_RNvNtNtCsOaxdXngaqw_13intent_engine9dashboard6daemon12stop_process
FNDA:0,_RNvNtNtCsOaxdXngaqw_13intent_engine9dashboard6daemon9daemonize
FNDA:4,_RNvNtNtCsOaxdXngaqw_13intent_engine9dashboard6daemon13pid_file_path
FNDA:2,_RNvNtNtCsOaxdXngaqw_13intent_engine9dashboard6daemon13read_pid_file
FNDA:1,_RNvNtNtCsOaxdXngaqw_13intent_engine9dashboard6daemon14write_pid_file
FNDA:1,_RNvNtNtCsOaxdXngaqw_13intent_engine9dashboard6daemon15delete_pid_file
FNDA:2,_RNvNtNtCsOaxdXngaqw_13intent_engine9dashboard6daemon18is_process_running
FNDA:0,_RNCNvNtNtCsOaxdXngaqw_13intent_engine9dashboard6daemon13read_pid_file0B7_
FNDA:0,_RNCNvNtNtCsOaxdXngaqw_13intent_engine9dashboard6daemon14write_pid_file0B7_
FNDA:0,_RNCNvNtNtCsOaxdXngaqw_13intent_engine9dashboard6daemon15delete_pid_file0B7_
FNDA:2,_RNCNvNtNtCsOaxdXngaqw_13intent_engine9dashboard6daemon18is_process_running0B7_
FNDA:1,_RNvNtNtNtCsOaxdXngaqw_13intent_engine9dashboard6daemon5testss_23test_is_process_running
FNDA:1,_RNvNtNtNtCsOaxdXngaqw_13intent_engine9dashboard6daemon5testss_24test_pid_file_operations
FNF:14
FNH:8
DA:6,4
DA:8,4
DA:9,4
DA:10,4
DA:13,1
DA:14,1
DA:15,1
DA:16,1
DA:17,1
DA:18,1
DA:21,2
DA:22,2
DA:24,2
DA:25,1
DA:26,1
DA:28,1
DA:29,1
DA:31,1
DA:32,1
DA:33,1
DA:34,1
DA:36,1
DA:37,2
DA:40,1
DA:41,1
DA:43,1
DA:44,1
DA:45,1
DA:46,0
DA:48,1
DA:49,1
DA:53,2
DA:57,2
DA:58,2
DA:59,2
DA:60,2
DA:61,2
DA:62,2
DA:78,0
DA:82,0
DA:83,0
DA:84,0
DA:85,0
DA:87,0
DA:88,0
DA:89,0
DA:91,0
DA:93,0
DA:95,0
DA:96,0
DA:120,0
DA:139,0
DA:140,0
DA:141,0
DA:142,0
DA:145,0
DA:146,0
DA:152,0
DA:155,0
DA:156,0
DA:170,1
DA:171,1
DA:172,1
DA:175,1
DA:178,1
DA:179,1
DA:182,1
DA:185,1
DA:186,1
DA:187,1
DA:190,1
DA:191,1
DA:194,1
DA:197,1
DA:198,1
BRF:0
BRH:0
LF:79
LH:53
end_of_record
SF:/mnt/d/prj/intent-engine/src/dashboard/handlers.rs
FN:15,_RNvNtNtCsOaxdXngaqw_13intent_engine9dashboard8handlers10list_tasks
FN:207,_RNvNtNtCsOaxdXngaqw_13intent_engine9dashboard8handlers10start_task
FN:77,_RNvNtNtCsOaxdXngaqw_13intent_engine9dashboard8handlers11create_task
FN:179,_RNvNtNtCsOaxdXngaqw_13intent_engine9dashboard8handlers11delete_task
FN:376,_RNvNtNtCsOaxdXngaqw_13intent_engine9dashboard8handlers11list_events
FN:263,_RNvNtNtCsOaxdXngaqw_13intent_engine9dashboard8handlers11switch_task
FN:116,_RNvNtNtCsOaxdXngaqw_13intent_engine9dashboard8handlers11update_task
FN:408,_RNvNtNtCsOaxdXngaqw_13intent_engine9dashboard8handlers12create_event
FN:478,_RNvNtNtCsOaxdXngaqw_13intent_engine9dashboard8handlers13list_projects
FN:292,_RNvNtNtCsOaxdXngaqw_13intent_engine9dashboard8handlers13spawn_subtask
FN:357,_RNvNtNtCsOaxdXngaqw_13intent_engine9dashboard8handlers14pick_next_task
FN:520,_RNvNtNtCsOaxdXngaqw_13intent_engine9dashboard8handlers14switch_project
FN:325,_RNvNtNtCsOaxdXngaqw_13intent_engine9dashboard8handlers16get_current_task
FN:448,_RNvNtNtCsOaxdXngaqw_13intent_engine9dashboard8handlers6search
FN:49,_RNvNtNtCsOaxdXngaqw_13intent_engine9dashboard8handlers8get_task
FN:235,_RNvNtNtCsOaxdXngaqw_13intent_engine9dashboard8handlers9done_task
FN:23,_RNCNCNvNtNtCsOaxdXngaqw_13intent_engine9dashboard8handlers10list_tasks00B9_
FN:388,_RNCNCNvNtNtCsOaxdXngaqw_13intent_engine9dashboard8handlers11list_events00B9_
FN:490,_RNCNCNvNtNtCsOaxdXngaqw_13intent_engine9dashboard8handlers13list_projects00B9_
FN:581,_RNCNCNvNtNtCsOaxdXngaqw_13intent_engine9dashboard8handlers14switch_project00B9_
FN:460,_RNCNCNvNtNtCsOaxdXngaqw_13intent_engine9dashboard8handlers6search00B9_
FN:18,_RNCNvNtNtCsOaxdXngaqw_13intent_engine9dashboard8handlers10list_tasks0B7_
FN:207,_RNCNvNtNtCsOaxdXngaqw_13intent_engine9dashboard8handlers10start_task0B7_
FN:80,_RNCNvNtNtCsOaxdXngaqw_13intent_engine9dashboard8handlers11create_task0B7_
FN:179,_RNCNvNtNtCsOaxdXngaqw_13intent_engine9dashboard8handlers11delete_task0B7_
FN:380,_RNCNvNtNtCsOaxdXngaqw_13intent_engine9dashboard8handlers11list_events0B7_
FN:263,_RNCNvNtNtCsOaxdXngaqw_13intent_engine9dashboard8handlers11switch_task0B7_
FN:120,_RNCNvNtNtCsOaxdXngaqw_13intent_engine9dashboard8handlers11update_task0B7_
FN:412,_RNCNvNtNtCsOaxdXngaqw_13intent_engine9dashboard8handlers12create_event0B7_
FN:478,_RNCNvNtNtCsOaxdXngaqw_13intent_engine9dashboard8handlers13list_projects0B7_
FN:296,_RNCNvNtNtCsOaxdXngaqw_13intent_engine9dashboard8handlers13spawn_subtask0B7_
FN:357,_RNCNvNtNtCsOaxdXngaqw_13intent_engine9dashboard8handlers14pick_next_task0B7_
FN:523,_RNCNvNtNtCsOaxdXngaqw_13intent_engine9dashboard8handlers14switch_project0B7_
FN:325,_RNCNvNtNtCsOaxdXngaqw_13intent_engine9dashboard8handlers16get_current_task0B7_
FN:451,_RNCNvNtNtCsOaxdXngaqw_13intent_engine9dashboard8handlers6search0B7_
FN:49,_RNCNvNtNtCsOaxdXngaqw_13intent_engine9dashboard8handlers8get_task0B7_
FN:235,_RNCNvNtNtCsOaxdXngaqw_13intent_engine9dashboard8handlers9done_task0B7_
FNDA:0,_RNvNtNtCsOaxdXngaqw_13intent_engine9dashboard8handlers10list_tasks
FNDA:0,_RNvNtNtCsOaxdXngaqw_13intent_engine9dashboard8handlers10start_task
FNDA:0,_RNvNtNtCsOaxdXngaqw_13intent_engine9dashboard8handlers11create_task
FNDA:0,_RNvNtNtCsOaxdXngaqw_13intent_engine9dashboard8handlers11delete_task
FNDA:0,_RNvNtNtCsOaxdXngaqw_13intent_engine9dashboard8handlers11list_events
FNDA:0,_RNvNtNtCsOaxdXngaqw_13intent_engine9dashboard8handlers11switch_task
FNDA:0,_RNvNtNtCsOaxdXngaqw_13intent_engine9dashboard8handlers11update_task
FNDA:0,_RNvNtNtCsOaxdXngaqw_13intent_engine9dashboard8handlers12create_event
FNDA:0,_RNvNtNtCsOaxdXngaqw_13intent_engine9dashboard8handlers13list_projects
FNDA:0,_RNvNtNtCsOaxdXngaqw_13intent_engine9dashboard8handlers13spawn_subtask
FNDA:0,_RNvNtNtCsOaxdXngaqw_13intent_engine9dashboard8handlers14pick_next_task
FNDA:0,_RNvNtNtCsOaxdXngaqw_13intent_engine9dashboard8handlers14switch_project
FNDA:0,_RNvNtNtCsOaxdXngaqw_13intent_engine9dashboard8handlers16get_current_task
FNDA:0,_RNvNtNtCsOaxdXngaqw_13intent_engine9dashboard8handlers6search
FNDA:0,_RNvNtNtCsOaxdXngaqw_13intent_engine9dashboard8handlers8get_task
FNDA:0,_RNvNtNtCsOaxdXngaqw_13intent_engine9dashboard8handlers9done_task
FNDA:0,_RNCNCNvNtNtCsOaxdXngaqw_13intent_engine9dashboard8handlers10list_tasks00B9_
FNDA:0,_RNCNCNvNtNtCsOaxdXngaqw_13intent_engine9dashboard8handlers11list_events00B9_
FNDA:0,_RNCNCNvNtNtCsOaxdXngaqw_13intent_engine9dashboard8handlers13list_projects00B9_
FNDA:0,_RNCNCNvNtNtCsOaxdXngaqw_13intent_engine9dashboard8handlers14switch_project00B9_
FNDA:0,_RNCNCNvNtNtCsOaxdXngaqw_13intent_engine9dashboard8handlers6search00B9_
FNDA:0,_RNCNvNtNtCsOaxdXngaqw_13intent_engine9dashboard8handlers10list_tasks0B7_
FNDA:0,_RNCNvNtNtCsOaxdXngaqw_13intent_engine9dashboard8handlers10start_task0B7_
FNDA:0,_RNCNvNtNtCsOaxdXngaqw_13intent_engine9dashboard8handlers11create_task0B7_
FNDA:0,_RNCNvNtNtCsOaxdXngaqw_13intent_engine9dashboard8handlers11delete_task0B7_
FNDA:0,_RNCNvNtNtCsOaxdXngaqw_13intent_engine9dashboard8handlers11list_events0B7_
FNDA:0,_RNCNvNtNtCsOaxdXngaqw_13intent_engine9dashboard8handlers11switch_task0B7_
FNDA:0,_RNCNvNtNtCsOaxdXngaqw_13intent_engine9dashboard8handlers11update_task0B7_
FNDA:0,_RNCNvNtNtCsOaxdXngaqw_13intent_engine9dashboard8handlers12create_event0B7_
FNDA:0,_RNCNvNtNtCsOaxdXngaqw_13intent_engine9dashboard8handlers13list_projects0B7_
FNDA:0,_RNCNvNtNtCsOaxdXngaqw_13intent_engine9dashboard8handlers13spawn_subtask0B7_
FNDA:0,_RNCNvNtNtCsOaxdXngaqw_13intent_engine9dashboard8handlers14pick_next_task0B7_
FNDA:0,_RNCNvNtNtCsOaxdXngaqw_13intent_engine9dashboard8handlers14switch_project0B7_
FNDA:0,_RNCNvNtNtCsOaxdXngaqw_13intent_engine9dashboard8handlers16get_current_task0B7_
FNDA:0,_RNCNvNtNtCsOaxdXngaqw_13intent_engine9dashboard8handlers6search0B7_
FNDA:0,_RNCNvNtNtCsOaxdXngaqw_13intent_engine9dashboard8handlers8get_task0B7_
FNDA:0,_RNCNvNtNtCsOaxdXngaqw_13intent_engine9dashboard8handlers9done_task0B7_
FNF:37
FNH:0
DA:15,0
DA:16,0
DA:17,0
DA:18,0
DA:19,0
DA:20,0
DA:23,0
DA:24,0
DA:25,0
DA:27,0
DA:29,0
DA:31,0
DA:32,0
DA:33,0
DA:35,0
DA:36,0
DA:37,0
DA:38,0
DA:39,0
DA:40,0
DA:41,0
DA:42,0
DA:43,0
DA:44,0
DA:46,0
DA:49,0
DA:50,0
DA:51,0
DA:53,0
DA:54,0
DA:55,0
DA:56,0
DA:57,0
DA:58,0
DA:59,0
DA:60,0
DA:61,0
DA:62,0
DA:63,0
DA:64,0
DA:65,0
DA:66,0
DA:67,0
DA:68,0
DA:69,0
DA:70,0
DA:71,0
DA:72,0
DA:74,0
DA:77,0
DA:78,0
DA:79,0
DA:80,0
DA:81,0
DA:82,0
DA:85,0
DA:86,0
DA:87,0
DA:89,0
DA:90,0
DA:92,0
DA:93,0
DA:94,0
DA:95,0
DA:96,0
DA:97,0
DA:98,0
DA:100,0
DA:101,0
DA:103,0
DA:104,0
DA:105,0
DA:106,0
DA:107,0
DA:108,0
DA:109,0
DA:110,0
DA:111,0
DA:113,0
DA:116,0
DA:117,0
DA:118,0
DA:119,0
DA:120,0
DA:121,0
DA:122,0
DA:125,0
DA:126,0
DA:127,0
DA:128,0
DA:129,0
DA:130,0
DA:131,0
DA:132,0
DA:133,0
DA:134,0
DA:135,0
DA:137,0
DA:138,0
DA:139,0
DA:140,0
DA:141,0
DA:142,0
DA:143,0
DA:144,0
DA:145,0
DA:146,0
DA:148,0
DA:153,0
DA:154,0
DA:155,0
DA:156,0
DA:157,0
DA:158,0
DA:159,0
DA:160,0
DA:161,0
DA:163,0
DA:165,0
DA:166,0
DA:167,0
DA:168,0
DA:169,0
DA:170,0
DA:171,0
DA:172,0
DA:173,0
DA:174,0
DA:176,0
DA:179,0
DA:180,0
DA:181,0
DA:183,0
DA:184,0
DA:185,0
DA:186,0
DA:187,0
DA:188,0
DA:189,0
DA:190,0
DA:191,0
DA:192,0
DA:193,0
DA:194,0
DA:195,0
DA:196,0
DA:197,0
DA:198,0
DA:199,0
DA:200,0
DA:201,0
DA:202,0
DA:204,0
DA:207,0
DA:208,0
DA:209,0
DA:211,0
DA:212,0
DA:213,0
DA:214,0
DA:215,0
DA:216,0
DA:217,0
DA:218,0
DA:219,0
DA:220,0
DA:221,0
DA:222,0
DA:223,0
DA:224,0
DA:225,0
DA:226,0
DA:227,0
DA:228,0
DA:229,0
DA:230,0
DA:232,0
DA:235,0
DA:236,0
DA:237,0
DA:239,0
DA:240,0
DA:241,0
DA:242,0
DA:243,0
DA:244,0
DA:245,0
DA:246,0
DA:247,0
DA:248,0
DA:249,0
DA:250,0
DA:251,0
DA:252,0
DA:253,0
DA:254,0
DA:255,0
DA:256,0
DA:257,0
DA:258,0
DA:260,0
DA:263,0
DA:264,0
DA:265,0
DA:267,0
DA:268,0
DA:269,0
DA:270,0
DA:271,0
DA:272,0
DA:273,0
DA:274,0
DA:275,0
DA:276,0
DA:277,0
DA:278,0
DA:279,0
DA:280,0
DA:281,0
DA:282,0
DA:283,0
DA:284,0
DA:285,0
DA:286,0
DA:288,0
DA:292,0
DA:293,0
DA:294,0
DA:295,0
DA:296,0
DA:297,0
DA:298,0
DA:301,0
DA:302,0
DA:303,0
DA:304,0
DA:305,0
DA:306,0
DA:307,0
DA:308,0
DA:309,0
DA:310,0
DA:311,0
DA:312,0
DA:313,0
DA:314,0
DA:315,0
DA:316,0
DA:317,0
DA:318,0
DA:319,0
DA:320,0
DA:322,0
DA:325,0
DA:326,0
DA:327,0
DA:329,0
DA:330,0
DA:331,0
DA:332,0
DA:334,0
DA:335,0
DA:336,0
DA:337,0
DA:338,0
DA:339,0
DA:340,0
DA:341,0
DA:344,0
DA:345,0
DA:346,0
DA:347,0
DA:348,0
DA:349,0
DA:350,0
DA:351,0
DA:352,0
DA:354,0
DA:357,0
DA:358,0
DA:359,0
DA:361,0
DA:362,0
DA:363,0
DA:364,0
DA:365,0
DA:366,0
DA:367,0
DA:368,0
DA:369,0
DA:370,0
DA:371,0
DA:373,0
DA:376,0
DA:377,0
DA:378,0
DA:379,0
DA:380,0
DA:381,0
DA:382,0
DA:385,0
DA:386,0
DA:387,0
DA:388,0
DA:389,0
DA:390,0
DA:392,0
DA:394,0
DA:395,0
DA:396,0
DA:397,0
DA:398,0
DA:399,0
DA:400,0
DA:401,0
DA:402,0
DA:403,0
DA:405,0
DA:408,0
DA:409,0
DA:410,0
DA:411,0
DA:412,0
DA:413,0
DA:414,0
DA:417,0
DA:418,0
DA:419,0
DA:420,0
DA:421,0
DA:422,0
DA:423,0
DA:424,0
DA:425,0
DA:426,0
DA:427,0
DA:430,0
DA:431,0
DA:432,0
DA:434,0
DA:435,0
DA:436,0
DA:437,0
DA:438,0
DA:439,0
DA:440,0
DA:441,0
DA:442,0
DA:443,0
DA:445,0
DA:448,0
DA:449,0
DA:450,0
DA:451,0
DA:452,0
DA:453,0
DA:455,0
DA:456,0
DA:457,0
DA:458,0
DA:459,0
DA:460,0
DA:462,0
DA:464,0
DA:465,0
DA:466,0
DA:467,0
DA:468,0
DA:469,0
DA:470,0
DA:471,0
DA:472,0
DA:473,0
DA:475,0
DA:478,0
DA:479,0
DA:480,0
DA:482,0
DA:483,0
DA:484,0
DA:485,0
DA:487,0
DA:488,0
DA:489,0
DA:490,0
DA:491,0
DA:492,0
DA:493,0
DA:494,0
DA:495,0
DA:496,0
DA:497,0
DA:498,0
DA:499,0
DA:500,0
DA:502,0
DA:503,0
DA:505,0
DA:507,0
DA:508,0
DA:509,0
DA:510,0
DA:511,0
DA:512,0
DA:513,0
DA:514,0
DA:515,0
DA:517,0
DA:520,0
DA:521,0
DA:522,0
DA:523,0
DA:529,0
DA:531,0
DA:532,0
DA:533,0
DA:534,0
DA:535,0
DA:536,0
DA:537,0
DA:538,0
DA:539,0
DA:540,0
DA:541,0
DA:544,0
DA:546,0
DA:547,0
DA:548,0
DA:549,0
DA:550,0
DA:551,0
DA:552,0
DA:553,0
DA:554,0
DA:555,0
DA:556,0
DA:557,0
DA:558,0
DA:559,0
DA:562,0
DA:563,0
DA:564,0
DA:565,0
DA:566,0
DA:567,0
DA:568,0
DA:569,0
DA:570,0
DA:571,0
DA:572,0
DA:573,0
DA:574,0
DA:579,0
DA:580,0
DA:581,0
DA:582,0
DA:583,0
DA:586,0
DA:587,0
DA:588,0
DA:589,0
DA:590,0
DA:591,0
DA:595,0
DA:596,0
DA:599,0
DA:600,0
DA:602,0
DA:605,0
DA:606,0
DA:607,0
DA:608,0
DA:609,0
DA:610,0
DA:611,0
DA:612,0
DA:613,0
DA:614,0
DA:615,0
DA:616,0
DA:617,0
BRF:0
BRH:0
LF:502
LH:0
end_of_record
SF:/mnt/d/prj/intent-engine/src/dashboard/models.rs
FN:135,_RNvNtNtNtCsOaxdXngaqw_13intent_engine9dashboard6models5testss_26test_search_query_defaults
FN:123,_RNvNtNtNtCsOaxdXngaqw_13intent_engine9dashboard6models5testss_28test_api_error_serialization
FN:116,_RNvNtNtNtCsOaxdXngaqw_13intent_engine9dashboard6models5testss_31test_api_response_serialization
FN:107,_RNvNtNtNtCsOaxdXngaqw_13intent_engine9dashboard6models5testss_40test_create_task_request_deserialization
FN:98,_RNvNtNtCsOaxdXngaqw_13intent_engine9dashboard6models12default_true
FNDA:1,_RNvNtNtNtCsOaxdXngaqw_13intent_engine9dashboard6models5testss_26test_search_query_defaults
FNDA:1,_RNvNtNtNtCsOaxdXngaqw_13intent_engine9dashboard6models5testss_28test_api_error_serialization
FNDA:1,_RNvNtNtNtCsOaxdXngaqw_13intent_engine9dashboard6models5testss_31test_api_response_serialization
FNDA:1,_RNvNtNtNtCsOaxdXngaqw_13intent_engine9dashboard6models5testss_40test_create_task_request_deserialization
FNDA:2,_RNvNtNtCsOaxdXngaqw_13intent_engine9dashboard6models12default_true
FNF:5
FNH:5
DA:98,2
DA:99,2
DA:100,2
DA:107,1
DA:108,1
DA:109,1
DA:110,1
DA:111,1
DA:112,1
DA:113,1
DA:116,1
DA:117,1
DA:118,1
DA:119,1
DA:120,1
DA:123,1
DA:124,1
DA:125,1
DA:126,1
DA:127,1
DA:128,1
DA:129,1
DA:130,1
DA:131,1
DA:132,1
DA:135,1
DA:136,1
DA:137,1
DA:138,1
DA:139,1
DA:140,1
DA:141,1
BRF:0
BRH:0
LF:32
LH:32
end_of_record
SF:/mnt/d/prj/intent-engine/src/dashboard/registry.rs
FN:434,_RNvNtNtNtCsOaxdXngaqw_13intent_engine9dashboard8registry5testss_15test_fixed_port
FN:340,_RNvNtNtNtCsOaxdXngaqw_13intent_engine9dashboard8registry5testss_15test_unregister
FN:276,_RNvNtNtNtCsOaxdXngaqw_13intent_engine9dashboard8registry5testss_17test_new_registry
FN:283,_RNvNtNtNtCsOaxdXngaqw_13intent_engine9dashboard8registry5testss_18test_allocate_port
FN:401,_RNvNtNtNtCsOaxdXngaqw_13intent_engine9dashboard8registry5testss_18test_save_and_load
FN:310,_RNvNtNtNtCsOaxdXngaqw_13intent_engine9dashboard8registry5testss_22test_register_and_find
FN:363,_RNvNtNtNtCsOaxdXngaqw_13intent_engine9dashboard8registry5testss_28test_duplicate_path_replaces
FN:128,_RNCNvMNtNtCsOaxdXngaqw_13intent_engine9dashboard8registryNtB4_15ProjectRegistry16find_by_path_mut0B8_
FN:249,_RNCNvMNtNtCsOaxdXngaqw_13intent_engine9dashboard8registryNtB4_15ProjectRegistry16is_process_alive0B8_
FN:210,_RNCNvMNtNtCsOaxdXngaqw_13intent_engine9dashboard8registryNtB4_15ProjectRegistry22cleanup_dead_processes0B8_
FN:160,_RNCNvMNtNtCsOaxdXngaqw_13intent_engine9dashboard8registryNtB4_15ProjectRegistry23register_mcp_connection0B8_
FN:127,_RNvMNtNtCsOaxdXngaqw_13intent_engine9dashboard8registryNtB2_15ProjectRegistry16find_by_path_mut
FN:244,_RNvMNtNtCsOaxdXngaqw_13intent_engine9dashboard8registryNtB2_15ProjectRegistry16is_process_alive
FN:185,_RNvMNtNtCsOaxdXngaqw_13intent_engine9dashboard8registryNtB2_15ProjectRegistry20update_mcp_heartbeat
FN:209,_RNvMNtNtCsOaxdXngaqw_13intent_engine9dashboard8registryNtB2_15ProjectRegistry22cleanup_dead_processes
FN:143,_RNvMNtNtCsOaxdXngaqw_13intent_engine9dashboard8registryNtB2_15ProjectRegistry23register_mcp_connection
FN:195,_RNvMNtNtCsOaxdXngaqw_13intent_engine9dashboard8registryNtB2_15ProjectRegistry25unregister_mcp_connection
FN:137,_RNvMNtNtCsOaxdXngaqw_13intent_engine9dashboard8registryNtB2_15ProjectRegistry8list_all
FN:265,_RNvXs_NtNtCsOaxdXngaqw_13intent_engine9dashboard8registryNtB4_15ProjectRegistryNtNtCs5GmCzIpY9Qj_4core7default7Default7default
FN:118,_RNCNvMNtNtCsOaxdXngaqw_13intent_engine9dashboard8registryNtB4_15ProjectRegistry10unregister0B8_
FN:123,_RNCNvMNtNtCsOaxdXngaqw_13intent_engine9dashboard8registryNtB4_15ProjectRegistry12find_by_path0B8_
FN:133,_RNCNvMNtNtCsOaxdXngaqw_13intent_engine9dashboard8registryNtB4_15ProjectRegistry12find_by_port0B8_
FN:239,_RNCNvMNtNtCsOaxdXngaqw_13intent_engine9dashboard8registryNtB4_15ProjectRegistry29cleanup_stale_mcp_connections0B8_
FN:117,_RNvMNtNtCsOaxdXngaqw_13intent_engine9dashboard8registryNtB2_15ProjectRegistry10unregister
FN:122,_RNvMNtNtCsOaxdXngaqw_13intent_engine9dashboard8registryNtB2_15ProjectRegistry12find_by_path
FN:132,_RNvMNtNtCsOaxdXngaqw_13intent_engine9dashboard8registryNtB2_15ProjectRegistry12find_by_port
FN:88,_RNvMNtNtCsOaxdXngaqw_13intent_engine9dashboard8registryNtB2_15ProjectRegistry13allocate_port
FN:46,_RNvMNtNtCsOaxdXngaqw_13intent_engine9dashboard8registryNtB2_15ProjectRegistry13registry_path
FN:104,_RNvMNtNtCsOaxdXngaqw_13intent_engine9dashboard8registryNtB2_15ProjectRegistry17is_port_available
FN:220,_RNvMNtNtCsOaxdXngaqw_13intent_engine9dashboard8registryNtB2_15ProjectRegistry29cleanup_stale_mcp_connections
FN:38,_RNvMNtNtCsOaxdXngaqw_13intent_engine9dashboard8registryNtB2_15ProjectRegistry3new
FN:52,_RNvMNtNtCsOaxdXngaqw_13intent_engine9dashboard8registryNtB2_15ProjectRegistry4load
FN:72,_RNvMNtNtCsOaxdXngaqw_13intent_engine9dashboard8registryNtB2_15ProjectRegistry4save
FN:110,_RNvMNtNtCsOaxdXngaqw_13intent_engine9dashboard8registryNtB2_15ProjectRegistry8register
FNDA:1,_RNvNtNtNtCsOaxdXngaqw_13intent_engine9dashboard8registry5testss_15test_fixed_port
FNDA:1,_RNvNtNtNtCsOaxdXngaqw_13intent_engine9dashboard8registry5testss_15test_unregister
FNDA:1,_RNvNtNtNtCsOaxdXngaqw_13intent_engine9dashboard8registry5testss_17test_new_registry
FNDA:1,_RNvNtNtNtCsOaxdXngaqw_13intent_engine9dashboard8registry5testss_18test_allocate_port
FNDA:1,_RNvNtNtNtCsOaxdXngaqw_13intent_engine9dashboard8registry5testss_18test_save_and_load
FNDA:1,_RNvNtNtNtCsOaxdXngaqw_13intent_engine9dashboard8registry5testss_22test_register_and_find
FNDA:1,_RNvNtNtNtCsOaxdXngaqw_13intent_engine9dashboard8registry5testss_28test_duplicate_path_replaces
FNDA:0,_RNCNvMNtNtCsOaxdXngaqw_13intent_engine9dashboard8registryNtB4_15ProjectRegistry16find_by_path_mut0B8_
FNDA:0,_RNCNvMNtNtCsOaxdXngaqw_13intent_engine9dashboard8registryNtB4_15ProjectRegistry16is_process_alive0B8_
FNDA:0,_RNCNvMNtNtCsOaxdXngaqw_13intent_engine9dashboard8registryNtB4_15ProjectRegistry22cleanup_dead_processes0B8_
FNDA:0,_RNCNvMNtNtCsOaxdXngaqw_13intent_engine9dashboard8registryNtB4_15ProjectRegistry23register_mcp_connection0B8_
FNDA:0,_RNvMNtNtCsOaxdXngaqw_13intent_engine9dashboard8registryNtB2_15ProjectRegistry16find_by_path_mut
FNDA:0,_RNvMNtNtCsOaxdXngaqw_13intent_engine9dashboard8registryNtB2_15ProjectRegistry16is_process_alive
FNDA:0,_RNvMNtNtCsOaxdXngaqw_13intent_engine9dashboard8registryNtB2_15ProjectRegistry20update_mcp_heartbeat
FNDA:0,_RNvMNtNtCsOaxdXngaqw_13intent_engine9dashboard8registryNtB2_15ProjectRegistry22cleanup_dead_processes
FNDA:0,_RNvMNtNtCsOaxdXngaqw_13intent_engine9dashboard8registryNtB2_15ProjectRegistry23register_mcp_connection
FNDA:0,_RNvMNtNtCsOaxdXngaqw_13intent_engine9dashboard8registryNtB2_15ProjectRegistry25unregister_mcp_connection
FNDA:0,_RNvMNtNtCsOaxdXngaqw_13intent_engine9dashboard8registryNtB2_15ProjectRegistry8list_all
FNDA:0,_RNvXs_NtNtCsOaxdXngaqw_13intent_engine9dashboard8registryNtB4_15ProjectRegistryNtNtCs5GmCzIpY9Qj_4core7default7Default7default
FNDA:2,_RNCNvMNtNtCsOaxdXngaqw_13intent_engine9dashboard8registryNtB4_15ProjectRegistry10unregister0B8_
FNDA:2,_RNCNvMNtNtCsOaxdXngaqw_13intent_engine9dashboard8registryNtB4_15ProjectRegistry12find_by_path0B8_
FNDA:1,_RNCNvMNtNtCsOaxdXngaqw_13intent_engine9dashboard8registryNtB4_15ProjectRegistry12find_by_port0B8_
FNDA:0,_RNCNvMNtNtCsOaxdXngaqw_13intent_engine9dashboard8registryNtB4_15ProjectRegistry29cleanup_stale_mcp_connections0B8_
FNDA:7,_RNvMNtNtCsOaxdXngaqw_13intent_engine9dashboard8registryNtB2_15ProjectRegistry10unregister
FNDA:2,_RNvMNtNtCsOaxdXngaqw_13intent_engine9dashboard8registryNtB2_15ProjectRegistry12find_by_path
FNDA:1,_RNvMNtNtCsOaxdXngaqw_13intent_engine9dashboard8registryNtB2_15ProjectRegistry12find_by_port
FNDA:3,_RNvMNtNtCsOaxdXngaqw_13intent_engine9dashboard8registryNtB2_15ProjectRegistry13allocate_port
FNDA:0,_RNvMNtNtCsOaxdXngaqw_13intent_engine9dashboard8registryNtB2_15ProjectRegistry13registry_path
FNDA:3,_RNvMNtNtCsOaxdXngaqw_13intent_engine9dashboard8registryNtB2_15ProjectRegistry17is_port_available
FNDA:0,_RNvMNtNtCsOaxdXngaqw_13intent_engine9dashboard8registryNtB2_15ProjectRegistry29cleanup_stale_mcp_connections
FNDA:7,_RNvMNtNtCsOaxdXngaqw_13intent_engine9dashboard8registryNtB2_15ProjectRegistry3new
FNDA:0,_RNvMNtNtCsOaxdXngaqw_13intent_engine9dashboard8registryNtB2_15ProjectRegistry4load
FNDA:0,_RNvMNtNtCsOaxdXngaqw_13intent_engine9dashboard8registryNtB2_15ProjectRegistry4save
FNDA:6,_RNvMNtNtCsOaxdXngaqw_13intent_engine9dashboard8registryNtB2_15ProjectRegistry8register
FNF:34
FNH:17
DA:38,7
DA:39,7
DA:40,7
DA:41,7
DA:42,7
DA:43,7
DA:46,0
DA:47,0
DA:48,0
DA:49,0
DA:52,0
DA:53,0
DA:55,0
DA:57,0
DA:58,0
DA:59,0
DA:60,0
DA:61,0
DA:63,0
DA:65,0
DA:66,0
DA:68,0
DA:69,0
DA:72,0
DA:73,0
DA:76,0
DA:77,0
DA:78,0
DA:80,0
DA:82,0
DA:84,0
DA:85,0
DA:88,3
DA:90,3
DA:93,3
DA:94,3
DA:96,0
DA:97,0
DA:101,3
DA:104,3
DA:106,3
DA:107,3
DA:110,6
DA:112,6
DA:113,6
DA:114,6
DA:117,7
DA:118,7
DA:119,7
DA:122,2
DA:123,2
DA:124,2
DA:127,0
DA:128,0
DA:129,0
DA:132,1
DA:133,1
DA:134,1
DA:137,0
DA:138,0
DA:139,0
DA:143,0
DA:144,0
DA:145,0
DA:146,0
DA:147,0
DA:148,0
DA:151,0
DA:152,0
DA:153,0
DA:154,0
DA:155,0
DA:156,0
DA:158,0
DA:159,0
DA:160,0
DA:161,0
DA:162,0
DA:164,0
DA:166,0
DA:167,0
DA:168,0
DA:169,0
DA:170,0
DA:171,0
DA:172,0
DA:173,0
DA:174,0
DA:175,0
DA:176,0
DA:178,0
DA:181,0
DA:182,0
DA:185,0
DA:186,0
DA:187,0
DA:188,0
DA:189,0
DA:190,0
DA:191,0
DA:192,0
DA:195,0
DA:196,0
DA:197,0
DA:198,0
DA:199,0
DA:203,0
DA:204,0
DA:205,0
DA:206,0
DA:209,0
DA:210,0
DA:211,0
DA:212,0
DA:214,0
DA:216,0
DA:217,0
DA:220,0
DA:222,0
DA:225,0
DA:226,0
DA:227,0
DA:228,0
DA:229,0
DA:230,0
DA:231,0
DA:232,0
DA:233,0
DA:234,0
DA:235,0
DA:239,0
DA:240,0
DA:244,0
DA:246,0
DA:247,0
DA:248,0
DA:249,0
DA:250,0
DA:251,0
DA:265,0
DA:266,0
DA:267,0
DA:276,1
DA:277,1
DA:278,1
DA:279,1
DA:280,1
DA:283,1
DA:284,1
DA:287,1
DA:288,1
DA:291,1
DA:292,1
DA:293,1
DA:294,1
DA:295,1
DA:296,1
DA:297,1
DA:298,1
DA:299,1
DA:300,1
DA:301,1
DA:305,1
DA:306,1
DA:307,1
DA:310,1
DA:311,1
DA:313,1
DA:314,1
DA:315,1
DA:316,1
DA:317,1
DA:318,1
DA:319,1
DA:320,1
DA:321,1
DA:322,1
DA:323,1
DA:325,1
DA:326,1
DA:329,1
DA:330,1
DA:331,1
DA:334,1
DA:335,1
DA:336,1
DA:337,1
DA:340,1
DA:341,1
DA:343,1
DA:344,1
DA:345,1
DA:346,1
DA:347,1
DA:348,1
DA:349,1
DA:350,1
DA:351,1
DA:352,1
DA:353,1
DA:355,1
DA:356,1
DA:358,1
DA:359,1
DA:360,1
DA:363,1
DA:364,1
DA:366,1
DA:367,1
DA:368,1
DA:369,1
DA:370,1
DA:371,1
DA:372,1
DA:373,1
DA:374,1
DA:375,1
DA:376,1
DA:378,1
DA:379,1
DA:380,1
DA:381,1
DA:382,1
DA:383,1
DA:384,1
DA:385,1
DA:386,1
DA:387,1
DA:388,1
DA:390,1
DA:391,1
DA:393,1
DA:394,1
DA:396,1
DA:397,1
DA:398,1
DA:401,1
DA:402,1
DA:405,1
DA:407,1
DA:408,1
DA:409,1
DA:410,1
DA:411,1
DA:412,1
DA:413,1
DA:414,1
DA:415,1
DA:416,1
DA:417,1
DA:419,1
DA:422,1
DA:423,1
DA:424,1
DA:427,1
DA:428,1
DA:429,1
DA:430,1
DA:431,1
DA:434,1
DA:435,1
DA:438,1
DA:439,1
DA:440,1
BRF:0
BRH:0
LF:272
LH:152
end_of_record
SF:/mnt/d/prj/intent-engine/src/dashboard/routes.rs
FN:43,_RNvNtNtNtCsOaxdXngaqw_13intent_engine9dashboard6routes5testss_24test_api_routes_creation
FN:10,_RNvNtNtCsOaxdXngaqw_13intent_engine9dashboard6routes10api_routes
FNDA:1,_RNvNtNtNtCsOaxdXngaqw_13intent_engine9dashboard6routes5testss_24test_api_routes_creation
FNDA:1,_RNvNtNtCsOaxdXngaqw_13intent_engine9dashboard6routes10api_routes
FNF:2
FNH:2
DA:10,1
DA:11,1
DA:13,1
DA:14,1
DA:15,1
DA:16,1
DA:17,1
DA:18,1
DA:20,1
DA:21,1
DA:22,1
DA:24,1
DA:26,1
DA:27,1
DA:28,1
DA:31,1
DA:32,1
DA:33,1
DA:34,1
DA:35,1
DA:36,1
DA:43,1
DA:45,1
DA:46,1
BRF:0
BRH:0
LF:24
LH:24
end_of_record
SF:/mnt/d/prj/intent-engine/src/dashboard/server.rs
FN:73,_RNCNCNvMNtNtCsOaxdXngaqw_13intent_engine9dashboard6serverNtB6_15DashboardServer3new00Ba_
FN:121,_RNCNCNvMNtNtCsOaxdXngaqw_13intent_engine9dashboard6serverNtB6_15DashboardServer3run00Ba_
FN:69,_RNCNvMNtNtCsOaxdXngaqw_13intent_engine9dashboard6serverNtB4_15DashboardServer3new0B8_
FN:93,_RNCNvMNtNtCsOaxdXngaqw_13intent_engine9dashboard6serverNtB4_15DashboardServer3run0B8_
FN:175,_RNCNvNtNtCsOaxdXngaqw_13intent_engine9dashboard6server11serve_index0B7_
FN:357,_RNCNvNtNtCsOaxdXngaqw_13intent_engine9dashboard6server12info_handler0B7_
FN:194,_RNCNvNtNtCsOaxdXngaqw_13intent_engine9dashboard6server12serve_static0B7_
FN:222,_RNCNvNtNtCsOaxdXngaqw_13intent_engine9dashboard6server13index_handler0B7_
FN:348,_RNCNvNtNtCsOaxdXngaqw_13intent_engine9dashboard6server14health_handler0B7_
FN:368,_RNCNvNtNtCsOaxdXngaqw_13intent_engine9dashboard6server17not_found_handler0B7_
FN:69,_RNvMNtNtCsOaxdXngaqw_13intent_engine9dashboard6serverNtB2_15DashboardServer3new
FN:93,_RNvMNtNtCsOaxdXngaqw_13intent_engine9dashboard6serverNtB2_15DashboardServer3run
FN:21,_RNvMs_NtNtCsOaxdXngaqw_13intent_engine9dashboard6serverNtB4_12StaticAssets3get
FN:175,_RNvNtNtCsOaxdXngaqw_13intent_engine9dashboard6server11serve_index
FN:357,_RNvNtNtCsOaxdXngaqw_13intent_engine9dashboard6server12info_handler
FN:194,_RNvNtNtCsOaxdXngaqw_13intent_engine9dashboard6server12serve_static
FN:143,_RNvNtNtCsOaxdXngaqw_13intent_engine9dashboard6server13create_router
FN:222,_RNvNtNtCsOaxdXngaqw_13intent_engine9dashboard6server13index_handler
FN:348,_RNvNtNtCsOaxdXngaqw_13intent_engine9dashboard6server14health_handler
FN:368,_RNvNtNtCsOaxdXngaqw_13intent_engine9dashboard6server17not_found_handler
FN:396,_RNvNtNtNtCsOaxdXngaqw_13intent_engine9dashboard6server5testss_31test_project_info_serialization
FN:383,_RNvNtNtNtCsOaxdXngaqw_13intent_engine9dashboard6server5testss_34test_health_response_serialization
FNDA:0,_RNCNCNvMNtNtCsOaxdXngaqw_13intent_engine9dashboard6serverNtB6_15DashboardServer3new00Ba_
FNDA:0,_RNCNCNvMNtNtCsOaxdXngaqw_13intent_engine9dashboard6serverNtB6_15DashboardServer3run00Ba_
FNDA:0,_RNCNvMNtNtCsOaxdXngaqw_13intent_engine9dashboard6serverNtB4_15DashboardServer3new0B8_
FNDA:0,_RNCNvMNtNtCsOaxdXngaqw_13intent_engine9dashboard6serverNtB4_15DashboardServer3run0B8_
FNDA:0,_RNCNvNtNtCsOaxdXngaqw_13intent_engine9dashboard6server11serve_index0B7_
FNDA:0,_RNCNvNtNtCsOaxdXngaqw_13intent_engine9dashboard6server12info_handler0B7_
FNDA:0,_RNCNvNtNtCsOaxdXngaqw_13intent_engine9dashboard6server12serve_static0B7_
FNDA:0,_RNCNvNtNtCsOaxdXngaqw_13intent_engine9dashboard6server13index_handler0B7_
FNDA:0,_RNCNvNtNtCsOaxdXngaqw_13intent_engine9dashboard6server14health_handler0B7_
FNDA:0,_RNCNvNtNtCsOaxdXngaqw_13intent_engine9dashboard6server17not_found_handler0B7_
FNDA:0,_RNvMNtNtCsOaxdXngaqw_13intent_engine9dashboard6serverNtB2_15DashboardServer3new
FNDA:0,_RNvMNtNtCsOaxdXngaqw_13intent_engine9dashboard6serverNtB2_15DashboardServer3run
FNDA:0,_RNvMs_NtNtCsOaxdXngaqw_13intent_engine9dashboard6serverNtB4_12StaticAssets3get
FNDA:0,_RNvNtNtCsOaxdXngaqw_13intent_engine9dashboard6server11serve_index
FNDA:0,_RNvNtNtCsOaxdXngaqw_13intent_engine9dashboard6server12info_handler
FNDA:0,_RNvNtNtCsOaxdXngaqw_13intent_engine9dashboard6server12serve_static
FNDA:0,_RNvNtNtCsOaxdXngaqw_13intent_engine9dashboard6server13create_router
FNDA:0,_RNvNtNtCsOaxdXngaqw_13intent_engine9dashboard6server13index_handler
FNDA:0,_RNvNtNtCsOaxdXngaqw_13intent_engine9dashboard6server14health_handler
FNDA:0,_RNvNtNtCsOaxdXngaqw_13intent_engine9dashboard6server17not_found_handler
FNDA:1,_RNvNtNtNtCsOaxdXngaqw_13intent_engine9dashboard6server5testss_31test_project_info_serialization
FNDA:1,_RNvNtNtNtCsOaxdXngaqw_13intent_engine9dashboard6server5testss_34test_health_response_serialization
FNF:22
FNH:2
DA:21,0
DA:69,0
DA:71,0
DA:72,0
DA:73,0
DA:74,0
DA:75,0
DA:77,0
DA:78,0
DA:79,0
DA:80,0
DA:82,0
DA:84,0
DA:85,0
DA:86,0
DA:87,0
DA:88,0
DA:89,0
DA:90,0
DA:93,0
DA:95,0
DA:96,0
DA:97,0
DA:98,0
DA:101,0
DA:102,0
DA:103,0
DA:104,0
DA:105,0
DA:106,0
DA:109,0
DA:110,0
DA:111,0
DA:112,0
DA:115,0
DA:118,0
DA:119,0
DA:120,0
DA:121,0
DA:123,0
DA:124,0
DA:125,0
DA:130,0
DA:131,0
DA:132,0
DA:136,0
DA:138,0
DA:139,0
DA:143,0
DA:147,0
DA:148,0
DA:149,0
DA:150,0
DA:153,0
DA:155,0
DA:157,0
DA:159,0
DA:161,0
DA:163,0
DA:165,0
DA:166,0
DA:167,0
DA:168,0
DA:169,0
DA:171,0
DA:172,0
DA:175,0
DA:176,0
DA:177,0
DA:178,0
DA:179,0
DA:180,0
DA:181,0
DA:182,0
DA:183,0
DA:185,0
DA:186,0
DA:187,0
DA:188,0
DA:189,0
DA:191,0
DA:194,0
DA:196,0
DA:198,0
DA:199,0
DA:200,0
DA:201,0
DA:202,0
DA:203,0
DA:204,0
DA:205,0
DA:206,0
DA:208,0
DA:209,0
DA:210,0
DA:211,0
DA:212,0
DA:213,0
DA:214,0
DA:215,0
DA:216,0
DA:218,0
DA:222,0
DA:223,0
DA:224,0
DA:225,0
DA:226,0
DA:227,0
DA:228,0
DA:229,0
DA:230,0
DA:231,0
DA:232,0
DA:233,0
DA:234,0
DA:235,0
DA:236,0
DA:237,0
DA:238,0
DA:239,0
DA:240,0
DA:241,0
DA:242,0
DA:243,0
DA:244,0
DA:245,0
DA:246,0
DA:247,0
DA:248,0
DA:249,0
DA:250,0
DA:251,0
DA:252,0
DA:253,0
DA:254,0
DA:255,0
DA:256,0
DA:257,0
DA:258,0
DA:259,0
DA:260,0
DA:261,0
DA:262,0
DA:263,0
DA:264,0
DA:265,0
DA:266,0
DA:267,0
DA:268,0
DA:269,0
DA:270,0
DA:271,0
DA:272,0
DA:273,0
DA:274,0
DA:275,0
DA:276,0
DA:277,0
DA:278,0
DA:279,0
DA:280,0
DA:281,0
DA:282,0
DA:283,0
DA:284,0
DA:285,0
DA:286,0
DA:287,0
DA:288,0
DA:289,0
DA:290,0
DA:291,0
DA:292,0
DA:293,0
DA:294,0
DA:295,0
DA:296,0
DA:297,0
DA:298,0
DA:299,0
DA:300,0
DA:301,0
DA:302,0
DA:303,0
DA:304,0
DA:305,0
DA:306,0
DA:307,0
DA:308,0
DA:309,0
DA:310,0
DA:311,0
DA:312,0
DA:313,0
DA:314,0
DA:315,0
DA:316,0
DA:317,0
DA:318,0
DA:319,0
DA:320,0
DA:321,0
DA:322,0
DA:323,0
DA:324,0
DA:325,0
DA:326,0
DA:327,0
DA:328,0
DA:329,0
DA:330,0
DA:331,0
DA:332,0
DA:333,0
DA:334,0
DA:335,0
DA:336,0
DA:337,0
DA:338,0
DA:339,0
DA:344,0
DA:345,0
DA:348,0
DA:349,0
DA:350,0
DA:351,0
DA:352,0
DA:353,0
DA:354,0
DA:357,0
DA:358,0
DA:359,0
DA:360,0
DA:361,0
DA:362,0
DA:363,0
DA:364,0
DA:365,0
DA:368,0
DA:369,0
DA:370,0
DA:371,0
DA:372,0
DA:373,0
DA:374,0
DA:375,0
DA:376,0
DA:383,1
DA:384,1
DA:385,1
DA:386,1
DA:387,1
DA:388,1
DA:390,1
DA:391,1
DA:392,1
DA:393,1
DA:396,1
DA:397,1
DA:398,1
DA:399,1
DA:400,1
DA:401,1
DA:402,1
DA:404,1
DA:405,1
DA:406,1
DA:407,1
BRF:0
BRH:0
LF:278
LH:21
end_of_record
SF:/mnt/d/prj/intent-engine/src/db/mod.rs
FN:372,_RNCNvNtNtCsOaxdXngaqw_13intent_engine2db5testss_22test_fts_triggers_work0B7_
FN:273,_RNCNvNtNtCsOaxdXngaqw_13intent_engine2db5testss_24test_create_pool_success0B7_
FN:422,_RNCNvNtNtCsOaxdXngaqw_13intent_engine2db5testss_27test_task_status_constraint0B7_
FN:591,_RNCNvNtNtCsOaxdXngaqw_13intent_engine2db5testss_28test_schema_version_tracking0B7_
FN:352,_RNCNvNtNtCsOaxdXngaqw_13intent_engine2db5testss_30test_run_migrations_idempotent0B7_
FN:442,_RNCNvNtNtCsOaxdXngaqw_13intent_engine2db5testss_31test_dependencies_table_created0B7_
FN:544,_RNCNvNtNtCsOaxdXngaqw_13intent_engine2db5testss_32test_dependencies_cascade_delete0B7_
FN:460,_RNCNvNtNtCsOaxdXngaqw_13intent_engine2db5testss_33test_dependencies_indexes_created0B7_
FN:608,_RNCNvNtNtCsOaxdXngaqw_13intent_engine2db5testss_33test_migration_idempotency_v0_2_00B7_
FN:289,_RNCNvNtNtCsOaxdXngaqw_13intent_engine2db5testss_34test_run_migrations_creates_tables0B7_
FN:507,_RNCNvNtNtCsOaxdXngaqw_13intent_engine2db5testss_35test_dependencies_unique_constraint0B7_
FN:329,_RNCNvNtNtCsOaxdXngaqw_13intent_engine2db5testss_36test_run_migrations_creates_triggers0B7_
FN:398,_RNCNvNtNtCsOaxdXngaqw_13intent_engine2db5testss_36test_workspace_state_table_structure0B7_
FN:309,_RNCNvNtNtCsOaxdXngaqw_13intent_engine2db5testss_38test_run_migrations_creates_fts_tables0B7_
FN:480,_RNCNvNtNtCsOaxdXngaqw_13intent_engine2db5testss_44test_dependencies_self_dependency_constraint0B7_
FN:7,_RNCNvNtCsOaxdXngaqw_13intent_engine2db11create_pool0B5_
FN:22,_RNCNvNtCsOaxdXngaqw_13intent_engine2db14run_migrations0B5_
FN:372,_RNvNtNtCsOaxdXngaqw_13intent_engine2db5testss_22test_fts_triggers_work
FN:273,_RNvNtNtCsOaxdXngaqw_13intent_engine2db5testss_24test_create_pool_success
FN:422,_RNvNtNtCsOaxdXngaqw_13intent_engine2db5testss_27test_task_status_constraint
FN:591,_RNvNtNtCsOaxdXngaqw_13intent_engine2db5testss_28test_schema_version_tracking
FN:352,_RNvNtNtCsOaxdXngaqw_13intent_engine2db5testss_30test_run_migrations_idempotent
FN:442,_RNvNtNtCsOaxdXngaqw_13intent_engine2db5testss_31test_dependencies_table_created
FN:544,_RNvNtNtCsOaxdXngaqw_13intent_engine2db5testss_32test_dependencies_cascade_delete
FN:460,_RNvNtNtCsOaxdXngaqw_13intent_engine2db5testss_33test_dependencies_indexes_created
FN:608,_RNvNtNtCsOaxdXngaqw_13intent_engine2db5testss_33test_migration_idempotency_v0_2_0
FN:289,_RNvNtNtCsOaxdXngaqw_13intent_engine2db5testss_34test_run_migrations_creates_tables
FN:507,_RNvNtNtCsOaxdXngaqw_13intent_engine2db5testss_35test_dependencies_unique_constraint
FN:329,_RNvNtNtCsOaxdXngaqw_13intent_engine2db5testss_36test_run_migrations_creates_triggers
FN:398,_RNvNtNtCsOaxdXngaqw_13intent_engine2db5testss_36test_workspace_state_table_structure
FN:309,_RNvNtNtCsOaxdXngaqw_13intent_engine2db5testss_38test_run_migrations_creates_fts_tables
FN:480,_RNvNtNtCsOaxdXngaqw_13intent_engine2db5testss_44test_dependencies_self_dependency_constraint
FN:7,_RNvNtCsOaxdXngaqw_13intent_engine2db11create_pool
FN:22,_RNvNtCsOaxdXngaqw_13intent_engine2db14run_migrations
FNDA:1,_RNCNvNtNtCsOaxdXngaqw_13intent_engine2db5testss_22test_fts_triggers_work0B7_
FNDA:1,_RNCNvNtNtCsOaxdXngaqw_13intent_engine2db5testss_24test_create_pool_success0B7_
FNDA:1,_RNCNvNtNtCsOaxdXngaqw_13intent_engine2db5testss_27test_task_status_constraint0B7_
FNDA:1,_RNCNvNtNtCsOaxdXngaqw_13intent_engine2db5testss_28test_schema_version_tracking0B7_
FNDA:1,_RNCNvNtNtCsOaxdXngaqw_13intent_engine2db5testss_30test_run_migrations_idempotent0B7_
FNDA:1,_RNCNvNtNtCsOaxdXngaqw_13intent_engine2db5testss_31test_dependencies_table_created0B7_
FNDA:1,_RNCNvNtNtCsOaxdXngaqw_13intent_engine2db5testss_32test_dependencies_cascade_delete0B7_
FNDA:1,_RNCNvNtNtCsOaxdXngaqw_13intent_engine2db5testss_33test_dependencies_indexes_created0B7_
FNDA:1,_RNCNvNtNtCsOaxdXngaqw_13intent_engine2db5testss_33test_migration_idempotency_v0_2_00B7_
FNDA:1,_RNCNvNtNtCsOaxdXngaqw_13intent_engine2db5testss_34test_run_migrations_creates_tables0B7_
FNDA:1,_RNCNvNtNtCsOaxdXngaqw_13intent_engine2db5testss_35test_dependencies_unique_constraint0B7_
FNDA:1,_RNCNvNtNtCsOaxdXngaqw_13intent_engine2db5testss_36test_run_migrations_creates_triggers0B7_
FNDA:1,_RNCNvNtNtCsOaxdXngaqw_13intent_engine2db5testss_36test_workspace_state_table_structure0B7_
FNDA:1,_RNCNvNtNtCsOaxdXngaqw_13intent_engine2db5testss_38test_run_migrations_creates_fts_tables0B7_
FNDA:1,_RNCNvNtNtCsOaxdXngaqw_13intent_engine2db5testss_44test_dependencies_self_dependency_constraint0B7_
FNDA:178,_RNCNvNtCsOaxdXngaqw_13intent_engine2db11create_pool0B5_
FNDA:148,_RNCNvNtCsOaxdXngaqw_13intent_engine2db14run_migrations0B5_
FNDA:1,_RNvNtNtCsOaxdXngaqw_13intent_engine2db5testss_22test_fts_triggers_work
FNDA:1,_RNvNtNtCsOaxdXngaqw_13intent_engine2db5testss_24test_create_pool_success
FNDA:1,_RNvNtNtCsOaxdXngaqw_13intent_engine2db5testss_27test_task_status_constraint
FNDA:1,_RNvNtNtCsOaxdXngaqw_13intent_engine2db5testss_28test_schema_version_tracking
FNDA:1,_RNvNtNtCsOaxdXngaqw_13intent_engine2db5testss_30test_run_migrations_idempotent
FNDA:1,_RNvNtNtCsOaxdXngaqw_13intent_engine2db5testss_31test_dependencies_table_created
FNDA:1,_RNvNtNtCsOaxdXngaqw_13intent_engine2db5testss_32test_dependencies_cascade_delete
FNDA:1,_RNvNtNtCsOaxdXngaqw_13intent_engine2db5testss_33test_dependencies_indexes_created
FNDA:1,_RNvNtNtCsOaxdXngaqw_13intent_engine2db5testss_33test_migration_idempotency_v0_2_0
FNDA:1,_RNvNtNtCsOaxdXngaqw_13intent_engine2db5testss_34test_run_migrations_creates_tables
FNDA:1,_RNvNtNtCsOaxdXngaqw_13intent_engine2db5testss_35test_dependencies_unique_constraint
FNDA:1,_RNvNtNtCsOaxdXngaqw_13intent_engine2db5testss_36test_run_migrations_creates_triggers
FNDA:1,_RNvNtNtCsOaxdXngaqw_13intent_engine2db5testss_36test_workspace_state_table_structure
FNDA:1,_RNvNtNtCsOaxdXngaqw_13intent_engine2db5testss_38test_run_migrations_creates_fts_tables
FNDA:1,_RNvNtNtCsOaxdXngaqw_13intent_engine2db5testss_44test_dependencies_self_dependency_constraint
FNDA:178,_RNvNtCsOaxdXngaqw_13intent_engine2db11create_pool
FNDA:148,_RNvNtCsOaxdXngaqw_13intent_engine2db14run_migrations
FNF:34
FNH:34
DA:7,178
DA:8,178
DA:9,178
DA:10,178
DA:11,178
DA:12,178
DA:14,178
DA:15,178
DA:16,178
DA:17,178
DA:19,178
DA:20,178
DA:22,148
DA:24,148
DA:25,148
DA:26,148
DA:29,148
DA:30,148
DA:31,148
DA:32,148
DA:33,148
DA:34,148
DA:35,148
DA:36,148
DA:37,148
DA:38,148
DA:39,148
DA:40,148
DA:41,148
DA:42,148
DA:43,148
DA:44,148
DA:45,148
DA:46,148
DA:47,148
DA:48,148
DA:52,148
DA:53,148
DA:54,148
DA:56,148
DA:57,148
DA:58,148
DA:59,148
DA:60,148
DA:61,148
DA:62,148
DA:63,148
DA:64,148
DA:65,148
DA:66,148
DA:67,148
DA:68,148
DA:71,148
DA:72,148
DA:73,148
DA:74,148
DA:75,148
DA:76,148
DA:77,148
DA:78,148
DA:79,148
DA:81,148
DA:82,148
DA:83,148
DA:84,148
DA:85,148
DA:86,148
DA:87,148
DA:88,148
DA:89,148
DA:94,148
DA:95,148
DA:96,148
DA:98,148
DA:99,148
DA:100,148
DA:101,148
DA:102,148
DA:103,148
DA:104,148
DA:105,148
DA:106,148
DA:107,148
DA:110,148
DA:111,148
DA:112,148
DA:113,148
DA:114,148
DA:115,148
DA:116,148
DA:117,148
DA:120,148
DA:121,148
DA:122,148
DA:123,148
DA:124,148
DA:125,148
DA:126,148
DA:127,148
DA:128,148
DA:129,148
DA:130,148
DA:131,148
DA:132,148
DA:133,148
DA:136,148
DA:137,148
DA:138,148
DA:139,148
DA:140,148
DA:141,148
DA:142,148
DA:145,148
DA:146,148
DA:147,148
DA:148,148
DA:149,148
DA:150,148
DA:151,148
DA:152,148
DA:153,148
DA:154,148
DA:155,148
DA:158,148
DA:159,148
DA:160,148
DA:161,148
DA:162,148
DA:163,148
DA:164,148
DA:165,148
DA:166,148
DA:168,148
DA:169,148
DA:170,148
DA:171,148
DA:172,148
DA:173,148
DA:174,148
DA:175,148
DA:176,148
DA:179,148
DA:180,148
DA:181,148
DA:183,148
DA:184,148
DA:185,148
DA:186,148
DA:187,148
DA:188,148
DA:189,148
DA:190,148
DA:191,148
DA:192,148
DA:195,148
DA:196,148
DA:197,148
DA:198,148
DA:199,148
DA:200,148
DA:201,148
DA:202,148
DA:203,148
DA:204,148
DA:207,148
DA:208,148
DA:209,148
DA:210,148
DA:211,148
DA:212,148
DA:213,148
DA:214,148
DA:215,148
DA:216,148
DA:217,148
DA:218,148
DA:219,148
DA:220,148
DA:221,148
DA:222,148
DA:225,148
DA:226,148
DA:227,148
DA:228,148
DA:229,148
DA:230,148
DA:231,148
DA:232,148
DA:234,148
DA:235,148
DA:236,148
DA:237,148
DA:238,148
DA:239,148
DA:240,148
DA:241,148
DA:244,148
DA:245,148
DA:246,148
DA:247,148
DA:248,148
DA:249,148
DA:250,148
DA:251,148
DA:254,148
DA:255,148
DA:256,148
DA:257,148
DA:258,148
DA:259,148
DA:260,148
DA:261,148
DA:262,148
DA:264,148
DA:265,148
DA:273,1
DA:274,1
DA:275,1
DA:277,1
DA:280,1
DA:281,1
DA:282,1
DA:283,1
DA:285,1
DA:286,1
DA:289,1
DA:290,1
DA:291,1
DA:292,1
DA:294,1
DA:297,1
DA:298,1
DA:299,1
DA:300,1
DA:301,1
DA:303,1
DA:304,1
DA:305,1
DA:306,1
DA:309,1
DA:310,1
DA:311,1
DA:312,1
DA:314,1
DA:317,1
DA:318,1
DA:319,1
DA:320,1
DA:321,1
DA:322,1
DA:324,1
DA:325,1
DA:326,1
DA:329,1
DA:330,1
DA:331,1
DA:332,1
DA:334,1
DA:337,1
DA:338,1
DA:339,1
DA:340,1
DA:341,1
DA:343,1
DA:344,1
DA:345,1
DA:346,1
DA:347,1
DA:348,1
DA:349,1
DA:352,1
DA:353,1
DA:354,1
DA:355,1
DA:358,1
DA:359,1
DA:362,1
DA:363,1
DA:364,1
DA:365,1
DA:366,1
DA:368,1
DA:369,1
DA:372,1
DA:373,1
DA:374,1
DA:375,1
DA:376,1
DA:379,1
DA:380,1
DA:381,1
DA:382,1
DA:383,1
DA:384,1
DA:385,1
DA:388,1
DA:389,1
DA:390,1
DA:391,1
DA:392,1
DA:394,1
DA:395,1
DA:398,1
DA:399,1
DA:400,1
DA:401,1
DA:402,1
DA:405,1
DA:406,1
DA:407,1
DA:408,1
DA:409,1
DA:410,1
DA:412,1
DA:413,1
DA:414,1
DA:415,1
DA:416,1
DA:418,1
DA:419,1
DA:422,1
DA:423,1
DA:424,1
DA:425,1
DA:426,1
DA:429,1
DA:430,1
DA:431,1
DA:432,1
DA:433,1
DA:436,1
DA:437,1
DA:442,1
DA:443,1
DA:444,1
DA:445,1
DA:446,1
DA:449,1
DA:450,1
DA:451,1
DA:452,1
DA:453,1
DA:454,1
DA:456,1
DA:457,1
DA:460,1
DA:461,1
DA:462,1
DA:463,1
DA:464,1
DA:467,1
DA:468,1
DA:469,1
DA:470,1
DA:471,1
DA:472,1
DA:474,1
DA:475,1
DA:476,1
DA:477,1
DA:480,1
DA:481,1
DA:482,1
DA:483,1
DA:484,1
DA:487,1
DA:488,1
DA:489,1
DA:490,1
DA:491,1
DA:492,1
DA:495,1
DA:496,1
DA:497,1
DA:498,1
DA:499,1
DA:500,1
DA:501,1
DA:503,1
DA:504,1
DA:507,1
DA:508,1
DA:509,1
DA:510,1
DA:511,1
DA:514,3
DA:515,2
DA:516,2
DA:517,2
DA:518,2
DA:519,2
DA:520,2
DA:524,1
DA:525,1
DA:526,1
DA:527,1
DA:528,1
DA:529,1
DA:532,1
DA:533,1
DA:534,1
DA:535,1
DA:536,1
DA:537,1
DA:538,1
DA:540,1
DA:541,1
DA:544,1
DA:545,1
DA:546,1
DA:547,1
DA:548,1
DA:551,3
DA:552,2
DA:553,2
DA:554,2
DA:555,2
DA:556,2
DA:557,2
DA:561,1
DA:562,1
DA:563,1
DA:564,1
DA:565,1
DA:566,1
DA:569,1
DA:570,1
DA:571,1
DA:572,1
DA:573,1
DA:576,1
DA:577,1
DA:578,1
DA:579,1
DA:580,1
DA:583,1
DA:584,1
DA:585,1
DA:586,1
DA:587,1
DA:588,1
DA:591,1
DA:592,1
DA:593,1
DA:594,1
DA:595,1
DA:598,1
DA:599,1
DA:600,1
DA:601,1
DA:602,1
DA:604,1
DA:605,1
DA:608,1
DA:609,1
DA:610,1
DA:611,1
DA:614,1
DA:615,1
DA:616,1
DA:619,1
DA:620,1
DA:621,1
DA:622,1
DA:623,1
DA:624,1
DA:626,1
DA:629,1
DA:630,1
DA:631,1
DA:632,1
DA:633,1
DA:635,1
DA:636,1
BRF:0
BRH:0
LF:506
LH:506
end_of_record
SF:/mnt/d/prj/intent-engine/src/db/models.rs
FN:292,_RNvMNtNtCsOaxdXngaqw_13intent_engine2db6modelsNtB2_16PickNextResponse14format_as_text
FN:250,_RNvMNtNtCsOaxdXngaqw_13intent_engine2db6modelsNtB2_16PickNextResponse14top_level_task
FN:240,_RNvMNtNtCsOaxdXngaqw_13intent_engine2db6modelsNtB2_16PickNextResponse15focused_subtask
FN:282,_RNvMNtNtCsOaxdXngaqw_13intent_engine2db6modelsNtB2_16PickNextResponse18no_available_todos
FN:272,_RNvMNtNtCsOaxdXngaqw_13intent_engine2db6modelsNtB2_16PickNextResponse19all_tasks_completed
FN:260,_RNvMNtNtCsOaxdXngaqw_13intent_engine2db6modelsNtB2_16PickNextResponse19no_tasks_in_project
FN:355,_RNvNtNtNtCsOaxdXngaqw_13intent_engine2db6models5tests16create_test_task
FN:485,_RNvNtNtNtCsOaxdXngaqw_13intent_engine2db6models5testss_33test_error_response_serialization
FN:440,_RNvNtNtNtCsOaxdXngaqw_13intent_engine2db6models5testss_34test_format_as_text_top_level_task
FN:427,_RNvNtNtNtCsOaxdXngaqw_13intent_engine2db6models5testss_35test_format_as_text_focused_subtask
FN:524,_RNvNtNtNtCsOaxdXngaqw_13intent_engine2db6models5testss_35test_report_summary_with_date_range
FN:509,_RNvNtNtNtCsOaxdXngaqw_13intent_engine2db6models5testss_35test_task_with_events_serialization
FN:474,_RNvNtNtNtCsOaxdXngaqw_13intent_engine2db6models5testss_38test_format_as_text_no_available_todos
FN:383,_RNvNtNtNtCsOaxdXngaqw_13intent_engine2db6models5testss_38test_pick_next_response_top_level_task
FN:464,_RNvNtNtNtCsOaxdXngaqw_13intent_engine2db6models5testss_39test_format_as_text_all_tasks_completed
FN:453,_RNvNtNtNtCsOaxdXngaqw_13intent_engine2db6models5testss_39test_format_as_text_no_tasks_in_project
FN:496,_RNvNtNtNtCsOaxdXngaqw_13intent_engine2db6models5testss_39test_next_step_suggestion_serialization
FN:371,_RNvNtNtNtCsOaxdXngaqw_13intent_engine2db6models5testss_39test_pick_next_response_focused_subtask
FN:417,_RNvNtNtNtCsOaxdXngaqw_13intent_engine2db6models5testss_42test_pick_next_response_no_available_todos
FN:406,_RNvNtNtNtCsOaxdXngaqw_13intent_engine2db6models5testss_43test_pick_next_response_all_tasks_completed
FN:395,_RNvNtNtNtCsOaxdXngaqw_13intent_engine2db6models5testss_43test_pick_next_response_no_tasks_in_project
FNDA:5,_RNvMNtNtCsOaxdXngaqw_13intent_engine2db6modelsNtB2_16PickNextResponse14format_as_text
FNDA:5,_RNvMNtNtCsOaxdXngaqw_13intent_engine2db6modelsNtB2_16PickNextResponse14top_level_task
FNDA:4,_RNvMNtNtCsOaxdXngaqw_13intent_engine2db6modelsNtB2_16PickNextResponse15focused_subtask
FNDA:3,_RNvMNtNtCsOaxdXngaqw_13intent_engine2db6modelsNtB2_16PickNextResponse18no_available_todos
FNDA:3,_RNvMNtNtCsOaxdXngaqw_13intent_engine2db6modelsNtB2_16PickNextResponse19all_tasks_completed
FNDA:3,_RNvMNtNtCsOaxdXngaqw_13intent_engine2db6modelsNtB2_16PickNextResponse19no_tasks_in_project
FNDA:5,_RNvNtNtNtCsOaxdXngaqw_13intent_engine2db6models5tests16create_test_task
FNDA:1,_RNvNtNtNtCsOaxdXngaqw_13intent_engine2db6models5testss_33test_error_response_serialization
FNDA:1,_RNvNtNtNtCsOaxdXngaqw_13intent_engine2db6models5testss_34test_format_as_text_top_level_task
FNDA:1,_RNvNtNtNtCsOaxdXngaqw_13intent_engine2db6models5testss_35test_format_as_text_focused_subtask
FNDA:1,_RNvNtNtNtCsOaxdXngaqw_13intent_engine2db6models5testss_35test_report_summary_with_date_range
FNDA:1,_RNvNtNtNtCsOaxdXngaqw_13intent_engine2db6models5testss_35test_task_with_events_serialization
FNDA:1,_RNvNtNtNtCsOaxdXngaqw_13intent_engine2db6models5testss_38test_format_as_text_no_available_todos
FNDA:1,_RNvNtNtNtCsOaxdXngaqw_13intent_engine2db6models5testss_38test_pick_next_response_top_level_task
FNDA:1,_RNvNtNtNtCsOaxdXngaqw_13intent_engine2db6models5testss_39test_format_as_text_all_tasks_completed
FNDA:1,_RNvNtNtNtCsOaxdXngaqw_13intent_engine2db6models5testss_39test_format_as_text_no_tasks_in_project
FNDA:1,_RNvNtNtNtCsOaxdXngaqw_13intent_engine2db6models5testss_39test_next_step_suggestion_serialization
FNDA:1,_RNvNtNtNtCsOaxdXngaqw_13intent_engine2db6models5testss_39test_pick_next_response_focused_subtask
FNDA:1,_RNvNtNtNtCsOaxdXngaqw_13intent_engine2db6models5testss_42test_pick_next_response_no_available_todos
FNDA:1,_RNvNtNtNtCsOaxdXngaqw_13intent_engine2db6models5testss_43test_pick_next_response_all_tasks_completed
FNDA:1,_RNvNtNtNtCsOaxdXngaqw_13intent_engine2db6models5testss_43test_pick_next_response_no_tasks_in_project
FNF:21
FNH:21
DA:240,4
DA:241,4
DA:242,4
DA:243,4
DA:244,4
DA:245,4
DA:246,4
DA:247,4
DA:250,5
DA:251,5
DA:252,5
DA:253,5
DA:254,5
DA:255,5
DA:256,5
DA:257,5
DA:260,3
DA:261,3
DA:262,3
DA:263,3
DA:264,3
DA:265,3
DA:266,3
DA:267,3
DA:268,3
DA:269,3
DA:272,3
DA:273,3
DA:274,3
DA:275,3
DA:276,3
DA:277,3
DA:278,3
DA:279,3
DA:282,3
DA:283,3
DA:284,3
DA:285,3
DA:286,3
DA:287,3
DA:288,3
DA:289,3
DA:292,5
DA:293,5
DA:294,5
DA:295,2
DA:296,2
DA:297,2
DA:298,2
DA:299,2
DA:300,2
DA:302,2
DA:308,0
DA:311,3
DA:312,3
DA:313,3
DA:315,3
DA:316,3
DA:317,1
DA:318,1
DA:319,1
DA:320,1
DA:324,2
DA:325,1
DA:326,1
DA:327,1
DA:328,1
DA:332,1
DA:333,1
DA:334,1
DA:335,1
DA:336,1
DA:337,1
DA:338,1
DA:339,1
DA:343,0
DA:346,0
DA:348,5
DA:355,5
DA:356,5
DA:357,5
DA:358,5
DA:359,5
DA:360,5
DA:361,5
DA:362,5
DA:363,5
DA:364,5
DA:365,5
DA:366,5
DA:367,5
DA:368,5
DA:371,1
DA:372,1
DA:373,1
DA:375,1
DA:376,1
DA:377,1
DA:378,1
DA:379,1
DA:380,1
DA:383,1
DA:384,1
DA:385,1
DA:387,1
DA:388,1
DA:389,1
DA:390,1
DA:391,1
DA:392,1
DA:395,1
DA:396,1
DA:398,1
DA:399,1
DA:400,1
DA:401,1
DA:402,1
DA:403,1
DA:406,1
DA:407,1
DA:409,1
DA:410,1
DA:411,1
DA:412,1
DA:413,1
DA:414,1
DA:417,1
DA:418,1
DA:420,1
DA:421,1
DA:422,1
DA:423,1
DA:424,1
DA:427,1
DA:428,1
DA:429,1
DA:430,1
DA:432,1
DA:433,1
DA:434,1
DA:435,1
DA:436,1
DA:437,1
DA:440,1
DA:441,1
DA:442,1
DA:443,1
DA:445,1
DA:446,1
DA:447,1
DA:448,1
DA:449,1
DA:450,1
DA:453,1
DA:454,1
DA:455,1
DA:457,1
DA:458,1
DA:459,1
DA:460,1
DA:461,1
DA:464,1
DA:465,1
DA:466,1
DA:468,1
DA:469,1
DA:470,1
DA:471,1
DA:474,1
DA:475,1
DA:476,1
DA:478,1
DA:479,1
DA:480,1
DA:481,1
DA:482,1
DA:485,1
DA:488,1
DA:489,1
DA:491,1
DA:492,1
DA:493,1
DA:496,1
DA:497,1
DA:498,1
DA:499,1
DA:500,1
DA:501,1
DA:503,1
DA:504,1
DA:505,1
DA:506,1
DA:509,1
DA:510,1
DA:511,1
DA:512,1
DA:513,1
DA:514,1
DA:516,1
DA:517,1
DA:518,1
DA:520,1
DA:521,1
DA:524,1
DA:525,1
DA:526,1
DA:528,1
DA:529,1
DA:530,1
DA:531,1
DA:532,1
DA:533,1
DA:534,1
DA:535,1
DA:536,1
DA:537,1
DA:539,1
DA:540,1
DA:541,1
DA:542,1
DA:543,1
BRF:0
BRH:0
LF:221
LH:218
end_of_record
SF:/mnt/d/prj/intent-engine/src/dependencies.rs
FN:101,_RNvNtCsOaxdXngaqw_13intent_engine12dependencies14add_dependency
FN:193,_RNvNtCsOaxdXngaqw_13intent_engine12dependencies17get_blocked_tasks
FN:168,_RNvNtCsOaxdXngaqw_13intent_engine12dependencies18get_blocking_tasks
FN:44,_RNvNtCsOaxdXngaqw_13intent_engine12dependencies25check_circular_dependency
FN:221,_RNvNtCsOaxdXngaqw_13intent_engine12dependencies29get_incomplete_blocking_tasks
FN:105,_RNCNvNtCsOaxdXngaqw_13intent_engine12dependencies14add_dependency0B5_
FN:193,_RNCNvNtCsOaxdXngaqw_13intent_engine12dependencies17get_blocked_tasks0B5_
FN:168,_RNCNvNtCsOaxdXngaqw_13intent_engine12dependencies18get_blocking_tasks0B5_
FN:48,_RNCNvNtCsOaxdXngaqw_13intent_engine12dependencies25check_circular_dependency0B5_
FN:224,_RNCNvNtCsOaxdXngaqw_13intent_engine12dependencies29get_incomplete_blocking_tasks0B5_
FN:251,_RNCNvNtNtCsOaxdXngaqw_13intent_engine12dependencies5tests13setup_test_db0B7_
FN:259,_RNCNvNtNtCsOaxdXngaqw_13intent_engine12dependencies5tests16create_test_task0B7_
FN:455,_RNCNvNtNtCsOaxdXngaqw_13intent_engine12dependencies5testss_22test_get_blocked_tasks0B7_
FN:438,_RNCNvNtNtCsOaxdXngaqw_13intent_engine12dependencies5testss_23test_get_blocking_tasks0B7_
FN:399,_RNCNvNtNtCsOaxdXngaqw_13intent_engine12dependencies5testss_27test_add_dependency_success0B7_
FN:411,_RNCNvNtNtCsOaxdXngaqw_13intent_engine12dependencies5testss_34test_add_dependency_circular_error0B7_
FN:428,_RNCNvNtNtCsOaxdXngaqw_13intent_engine12dependencies5testss_34test_add_dependency_task_not_found0B7_
FN:269,_RNCNvNtNtCsOaxdXngaqw_13intent_engine12dependencies5testss_35test_check_circular_dependency_self0B7_
FN:332,_RNCNvNtNtCsOaxdXngaqw_13intent_engine12dependencies5testss_39test_check_circular_dependency_no_cycle0B7_
FN:354,_RNCNvNtNtCsOaxdXngaqw_13intent_engine12dependencies5testss_41test_check_circular_dependency_deep_chain0B7_
FN:472,_RNCNvNtNtCsOaxdXngaqw_13intent_engine12dependencies5testss_42test_get_incomplete_blocking_tasks_blocked0B7_
FN:281,_RNCNvNtNtCsOaxdXngaqw_13intent_engine12dependencies5testss_43test_check_circular_dependency_direct_cycle0B7_
FN:486,_RNCNvNtNtCsOaxdXngaqw_13intent_engine12dependencies5testss_46test_get_incomplete_blocking_tasks_not_blocked0B7_
FN:303,_RNCNvNtNtCsOaxdXngaqw_13intent_engine12dependencies5testss_47test_check_circular_dependency_transitive_cycle0B7_
FN:251,_RNvNtNtCsOaxdXngaqw_13intent_engine12dependencies5tests13setup_test_db
FN:259,_RNvNtNtCsOaxdXngaqw_13intent_engine12dependencies5tests16create_test_task
FN:455,_RNvNtNtCsOaxdXngaqw_13intent_engine12dependencies5testss_22test_get_blocked_tasks
FN:438,_RNvNtNtCsOaxdXngaqw_13intent_engine12dependencies5testss_23test_get_blocking_tasks
FN:399,_RNvNtNtCsOaxdXngaqw_13intent_engine12dependencies5testss_27test_add_dependency_success
FN:411,_RNvNtNtCsOaxdXngaqw_13intent_engine12dependencies5testss_34test_add_dependency_circular_error
FN:428,_RNvNtNtCsOaxdXngaqw_13intent_engine12dependencies5testss_34test_add_dependency_task_not_found
FN:269,_RNvNtNtCsOaxdXngaqw_13intent_engine12dependencies5testss_35test_check_circular_dependency_self
FN:332,_RNvNtNtCsOaxdXngaqw_13intent_engine12dependencies5testss_39test_check_circular_dependency_no_cycle
FN:354,_RNvNtNtCsOaxdXngaqw_13intent_engine12dependencies5testss_41test_check_circular_dependency_deep_chain
FN:472,_RNvNtNtCsOaxdXngaqw_13intent_engine12dependencies5testss_42test_get_incomplete_blocking_tasks_blocked
FN:281,_RNvNtNtCsOaxdXngaqw_13intent_engine12dependencies5testss_43test_check_circular_dependency_direct_cycle
FN:486,_RNvNtNtCsOaxdXngaqw_13intent_engine12dependencies5testss_46test_get_incomplete_blocking_tasks_not_blocked
FN:303,_RNvNtNtCsOaxdXngaqw_13intent_engine12dependencies5testss_47test_check_circular_dependency_transitive_cycle
FNDA:11,_RNvNtCsOaxdXngaqw_13intent_engine12dependencies14add_dependency
FNDA:1,_RNvNtCsOaxdXngaqw_13intent_engine12dependencies17get_blocked_tasks
FNDA:1,_RNvNtCsOaxdXngaqw_13intent_engine12dependencies18get_blocking_tasks
FNDA:15,_RNvNtCsOaxdXngaqw_13intent_engine12dependencies25check_circular_dependency
FNDA:37,_RNvNtCsOaxdXngaqw_13intent_engine12dependencies29get_incomplete_blocking_tasks
FNDA:11,_RNCNvNtCsOaxdXngaqw_13intent_engine12dependencies14add_dependency0B5_
FNDA:1,_RNCNvNtCsOaxdXngaqw_13intent_engine12dependencies17get_blocked_tasks0B5_
FNDA:1,_RNCNvNtCsOaxdXngaqw_13intent_engine12dependencies18get_blocking_tasks0B5_
FNDA:15,_RNCNvNtCsOaxdXngaqw_13intent_engine12dependencies25check_circular_dependency0B5_
FNDA:37,_RNCNvNtCsOaxdXngaqw_13intent_engine12dependencies29get_incomplete_blocking_tasks0B5_
FNDA:12,_RNCNvNtNtCsOaxdXngaqw_13intent_engine12dependencies5tests13setup_test_db0B7_
FNDA:29,_RNCNvNtNtCsOaxdXngaqw_13intent_engine12dependencies5tests16create_test_task0B7_
FNDA:1,_RNCNvNtNtCsOaxdXngaqw_13intent_engine12dependencies5testss_22test_get_blocked_tasks0B7_
FNDA:1,_RNCNvNtNtCsOaxdXngaqw_13intent_engine12dependencies5testss_23test_get_blocking_tasks0B7_
FNDA:1,_RNCNvNtNtCsOaxdXngaqw_13intent_engine12dependencies5testss_27test_add_dependency_success0B7_
FNDA:1,_RNCNvNtNtCsOaxdXngaqw_13intent_engine12dependencies5testss_34test_add_dependency_circular_error0B7_
FNDA:1,_RNCNvNtNtCsOaxdXngaqw_13intent_engine12dependencies5testss_34test_add_dependency_task_not_found0B7_
FNDA:1,_RNCNvNtNtCsOaxdXngaqw_13intent_engine12dependencies5testss_35test_check_circular_dependency_self0B7_
FNDA:1,_RNCNvNtNtCsOaxdXngaqw_13intent_engine12dependencies5testss_39test_check_circular_dependency_no_cycle0B7_
FNDA:1,_RNCNvNtNtCsOaxdXngaqw_13intent_engine12dependencies5testss_41test_check_circular_dependency_deep_chain0B7_
FNDA:1,_RNCNvNtNtCsOaxdXngaqw_13intent_engine12dependencies5testss_42test_get_incomplete_blocking_tasks_blocked0B7_
FNDA:1,_RNCNvNtNtCsOaxdXngaqw_13intent_engine12dependencies5testss_43test_check_circular_dependency_direct_cycle0B7_
FNDA:1,_RNCNvNtNtCsOaxdXngaqw_13intent_engine12dependencies5testss_46test_get_incomplete_blocking_tasks_not_blocked0B7_
FNDA:1,_RNCNvNtNtCsOaxdXngaqw_13intent_engine12dependencies5testss_47test_check_circular_dependency_transitive_cycle0B7_
FNDA:12,_RNvNtNtCsOaxdXngaqw_13intent_engine12dependencies5tests13setup_test_db
FNDA:29,_RNvNtNtCsOaxdXngaqw_13intent_engine12dependencies5tests16create_test_task
FNDA:1,_RNvNtNtCsOaxdXngaqw_13intent_engine12dependencies5testss_22test_get_blocked_tasks
FNDA:1,_RNvNtNtCsOaxdXngaqw_13intent_engine12dependencies5testss_23test_get_blocking_tasks
FNDA:1,_RNvNtNtCsOaxdXngaqw_13intent_engine12dependencies5testss_27test_add_dependency_success
FNDA:1,_RNvNtNtCsOaxdXngaqw_13intent_engine12dependencies5testss_34test_add_dependency_circular_error
FNDA:1,_RNvNtNtCsOaxdXngaqw_13intent_engine12dependencies5testss_34test_add_dependency_task_not_found
FNDA:1,_RNvNtNtCsOaxdXngaqw_13intent_engine12dependencies5testss_35test_check_circular_dependency_self
FNDA:1,_RNvNtNtCsOaxdXngaqw_13intent_engine12dependencies5testss_39test_check_circular_dependency_no_cycle
FNDA:1,_RNvNtNtCsOaxdXngaqw_13intent_engine12dependencies5testss_41test_check_circular_dependency_deep_chain
FNDA:1,_RNvNtNtCsOaxdXngaqw_13intent_engine12dependencies5testss_42test_get_incomplete_blocking_tasks_blocked
FNDA:1,_RNvNtNtCsOaxdXngaqw_13intent_engine12dependencies5testss_43test_check_circular_dependency_direct_cycle
FNDA:1,_RNvNtNtCsOaxdXngaqw_13intent_engine12dependencies5testss_46test_get_incomplete_blocking_tasks_not_blocked
FNDA:1,_RNvNtNtCsOaxdXngaqw_13intent_engine12dependencies5testss_47test_check_circular_dependency_transitive_cycle
FNF:38
FNH:38
DA:44,15
DA:45,15
DA:46,15
DA:47,15
DA:48,15
DA:50,15
DA:51,1
DA:52,14
DA:56,14
DA:57,14
DA:58,14
DA:59,14
DA:60,14
DA:61,14
DA:62,14
DA:63,14
DA:64,14
DA:65,14
DA:66,14
DA:67,14
DA:68,14
DA:69,14
DA:70,14
DA:71,14
DA:72,14
DA:73,14
DA:74,14
DA:75,14
DA:76,14
DA:77,14
DA:78,14
DA:80,14
DA:81,15
DA:101,11
DA:102,11
DA:103,11
DA:104,11
DA:105,11
DA:107,11
DA:108,11
DA:109,11
DA:110,11
DA:112,11
DA:113,1
DA:114,10
DA:116,10
DA:117,10
DA:118,10
DA:119,10
DA:121,10
DA:122,0
DA:123,10
DA:126,10
DA:127,1
DA:128,1
DA:129,1
DA:130,1
DA:131,9
DA:134,9
DA:135,9
DA:136,9
DA:137,9
DA:138,9
DA:139,9
DA:140,9
DA:141,9
DA:142,9
DA:143,9
DA:145,9
DA:148,9
DA:149,9
DA:150,9
DA:151,9
DA:152,9
DA:153,9
DA:155,9
DA:156,11
DA:168,1
DA:169,1
DA:170,1
DA:171,1
DA:172,1
DA:173,1
DA:174,1
DA:175,1
DA:176,1
DA:177,1
DA:178,1
DA:180,1
DA:181,1
DA:193,1
DA:194,1
DA:195,1
DA:196,1
DA:197,1
DA:198,1
DA:199,1
DA:200,1
DA:201,1
DA:202,1
DA:203,1
DA:205,1
DA:206,1
DA:221,37
DA:222,37
DA:223,37
DA:224,37
DA:225,37
DA:226,37
DA:227,37
DA:228,37
DA:229,37
DA:230,37
DA:231,37
DA:232,37
DA:233,37
DA:234,37
DA:235,37
DA:236,37
DA:238,37
DA:239,36
DA:241,1
DA:243,37
DA:251,12
DA:252,12
DA:253,12
DA:254,12
DA:255,12
DA:256,12
DA:257,12
DA:259,29
DA:260,29
DA:261,29
DA:262,29
DA:263,29
DA:264,29
DA:265,29
DA:266,29
DA:269,1
DA:270,1
DA:271,1
DA:274,1
DA:275,1
DA:276,1
DA:277,1
DA:278,1
DA:281,1
DA:282,1
DA:283,1
DA:284,1
DA:287,1
DA:288,1
DA:289,1
DA:290,1
DA:291,1
DA:292,1
DA:296,1
DA:297,1
DA:298,1
DA:299,1
DA:300,1
DA:303,1
DA:304,1
DA:305,1
DA:306,1
DA:307,1
DA:310,1
DA:311,1
DA:312,1
DA:313,1
DA:314,1
DA:315,1
DA:317,1
DA:318,1
DA:319,1
DA:320,1
DA:321,1
DA:322,1
DA:325,1
DA:326,1
DA:327,1
DA:328,1
DA:329,1
DA:332,1
DA:333,1
DA:334,1
DA:335,1
DA:336,1
DA:339,1
DA:340,1
DA:341,1
DA:342,1
DA:343,1
DA:344,1
DA:347,1
DA:348,1
DA:349,1
DA:350,1
DA:351,1
DA:354,1
DA:355,1
DA:356,1
DA:357,1
DA:358,1
DA:359,1
DA:360,1
DA:363,1
DA:364,1
DA:365,1
DA:366,1
DA:367,1
DA:368,1
DA:370,1
DA:371,1
DA:372,1
DA:373,1
DA:374,1
DA:375,1
DA:377,1
DA:378,1
DA:379,1
DA:380,1
DA:381,1
DA:382,1
DA:384,1
DA:385,1
DA:386,1
DA:387,1
DA:388,1
DA:389,1
DA:392,1
DA:393,1
DA:394,1
DA:395,1
DA:396,1
DA:399,1
DA:400,1
DA:401,1
DA:402,1
DA:404,1
DA:406,1
DA:407,1
DA:408,1
DA:411,1
DA:412,1
DA:413,1
DA:414,1
DA:417,1
DA:420,1
DA:421,1
DA:422,1
DA:423,1
DA:424,1
DA:425,1
DA:428,1
DA:429,1
DA:430,1
DA:433,1
DA:434,1
DA:435,1
DA:438,1
DA:439,1
DA:440,1
DA:441,1
DA:442,1
DA:445,1
DA:446,1
DA:448,1
DA:449,1
DA:450,1
DA:451,1
DA:452,1
DA:455,1
DA:456,1
DA:457,1
DA:458,1
DA:459,1
DA:462,1
DA:463,1
DA:465,1
DA:466,1
DA:467,1
DA:468,1
DA:469,1
DA:472,1
DA:473,1
DA:474,1
DA:475,1
DA:478,1
DA:480,1
DA:481,1
DA:482,1
DA:483,1
DA:486,1
DA:487,1
DA:488,1
DA:489,1
DA:492,1
DA:493,1
DA:494,1
DA:495,1
DA:496,1
DA:497,1
DA:499,1
DA:500,1
DA:501,1
BRF:0
BRH:0
LF:338
LH:337
end_of_record
SF:/mnt/d/prj/intent-engine/src/error.rs
FN:166,_RNvNtNtCsOaxdXngaqw_13intent_engine5error5testss_24test_database_error_code
FN:89,_RNvNtNtCsOaxdXngaqw_13intent_engine5error5testss_24test_invalid_input_error
FN:132,_RNvNtNtCsOaxdXngaqw_13intent_engine5error5testss_24test_io_error_conversion
FN:122,_RNvNtNtCsOaxdXngaqw_13intent_engine5error5testss_24test_not_a_project_error
FN:82,_RNvNtNtCsOaxdXngaqw_13intent_engine5error5testss_25test_task_not_found_error
FN:139,_RNvNtNtCsOaxdXngaqw_13intent_engine5error5testss_26test_json_error_conversion
FN:175,_RNvNtNtCsOaxdXngaqw_13intent_engine5error5testss_28test_internal_error_fallback
FN:108,_RNvNtNtCsOaxdXngaqw_13intent_engine5error5testss_29test_action_not_allowed_error
FN:147,_RNvNtNtCsOaxdXngaqw_13intent_engine5error5testss_29test_error_response_structure
FN:96,_RNvNtNtCsOaxdXngaqw_13intent_engine5error5testss_30test_circular_dependency_error
FN:115,_RNvNtNtCsOaxdXngaqw_13intent_engine5error5testss_31test_uncompleted_children_error
FN:156,_RNvNtNtCsOaxdXngaqw_13intent_engine5error5testss_33test_error_response_serialization
FN:53,_RNvMNtCsOaxdXngaqw_13intent_engine5errorNtB2_11IntentError13to_error_code
FN:67,_RNvMNtCsOaxdXngaqw_13intent_engine5errorNtB2_11IntentError17to_error_response
FNDA:1,_RNvNtNtCsOaxdXngaqw_13intent_engine5error5testss_24test_database_error_code
FNDA:1,_RNvNtNtCsOaxdXngaqw_13intent_engine5error5testss_24test_invalid_input_error
FNDA:1,_RNvNtNtCsOaxdXngaqw_13intent_engine5error5testss_24test_io_error_conversion
FNDA:1,_RNvNtNtCsOaxdXngaqw_13intent_engine5error5testss_24test_not_a_project_error
FNDA:1,_RNvNtNtCsOaxdXngaqw_13intent_engine5error5testss_25test_task_not_found_error
FNDA:1,_RNvNtNtCsOaxdXngaqw_13intent_engine5error5testss_26test_json_error_conversion
FNDA:1,_RNvNtNtCsOaxdXngaqw_13intent_engine5error5testss_28test_internal_error_fallback
FNDA:1,_RNvNtNtCsOaxdXngaqw_13intent_engine5error5testss_29test_action_not_allowed_error
FNDA:1,_RNvNtNtCsOaxdXngaqw_13intent_engine5error5testss_29test_error_response_structure
FNDA:1,_RNvNtNtCsOaxdXngaqw_13intent_engine5error5testss_30test_circular_dependency_error
FNDA:1,_RNvNtNtCsOaxdXngaqw_13intent_engine5error5testss_31test_uncompleted_children_error
FNDA:1,_RNvNtNtCsOaxdXngaqw_13intent_engine5error5testss_33test_error_response_serialization
FNDA:10,_RNvMNtCsOaxdXngaqw_13intent_engine5errorNtB2_11IntentError13to_error_code
FNDA:3,_RNvMNtCsOaxdXngaqw_13intent_engine5errorNtB2_11IntentError17to_error_response
FNF:14
FNH:14
DA:53,10
DA:54,10
DA:55,3
DA:56,0
DA:57,2
DA:58,1
DA:59,0
DA:60,1
DA:61,1
DA:62,1
DA:63,1
DA:65,10
DA:67,3
DA:68,3
DA:69,3
DA:70,3
DA:71,3
DA:72,3
DA:82,1
DA:83,1
DA:84,1
DA:85,1
DA:86,1
DA:89,1
DA:90,1
DA:91,1
DA:92,1
DA:93,1
DA:96,1
DA:97,1
DA:98,1
DA:99,1
DA:100,1
DA:101,1
DA:102,1
DA:103,1
DA:104,1
DA:105,1
DA:108,1
DA:109,1
DA:110,1
DA:111,1
DA:112,1
DA:115,1
DA:116,1
DA:117,1
DA:118,1
DA:119,1
DA:122,1
DA:123,1
DA:124,1
DA:125,1
DA:128,1
DA:129,1
DA:132,1
DA:133,1
DA:134,1
DA:135,1
DA:136,1
DA:139,1
DA:140,1
DA:141,1
DA:142,1
DA:143,1
DA:144,1
DA:147,1
DA:148,1
DA:149,1
DA:151,1
DA:152,1
DA:153,1
DA:156,1
DA:157,1
DA:158,1
DA:159,1
DA:161,1
DA:162,1
DA:163,1
DA:166,1
DA:168,1
DA:169,1
DA:170,0
DA:171,1
DA:172,1
DA:175,1
DA:177,1
DA:178,1
DA:179,1
DA:180,1
BRF:0
BRH:0
LF:89
LH:86
end_of_record
SF:/mnt/d/prj/intent-engine/src/events.rs
FN:60,_RNvMNtCsOaxdXngaqw_13intent_engine6eventsNtB2_12EventManager11list_events
FN:137,_RNvMNtCsOaxdXngaqw_13intent_engine6eventsNtB2_12EventManager14parse_duration
FN:168,_RNvMNtCsOaxdXngaqw_13intent_engine6eventsNtB2_12EventManager18search_events_fts5
FN:11,_RNvMNtCsOaxdXngaqw_13intent_engine6eventsNtB2_12EventManager3new
FN:16,_RNvMNtCsOaxdXngaqw_13intent_engine6eventsNtB2_12EventManager9add_event
FN:232,_RNvNtNtCsOaxdXngaqw_13intent_engine6events5testss_14test_add_event
FN:258,_RNvNtNtCsOaxdXngaqw_13intent_engine6events5testss_16test_list_events
FN:324,_RNvNtNtCsOaxdXngaqw_13intent_engine6events5testss_22test_list_events_empty
FN:292,_RNvNtNtCsOaxdXngaqw_13intent_engine6events5testss_27test_list_events_with_limit
FN:249,_RNvNtNtCsOaxdXngaqw_13intent_engine6events5testss_31test_add_event_nonexistent_task
FN:315,_RNvNtNtCsOaxdXngaqw_13intent_engine6events5testss_33test_list_events_nonexistent_task
FN:232,_RNCNvNtNtCsOaxdXngaqw_13intent_engine6events5testss_14test_add_event0B7_
FN:258,_RNCNvNtNtCsOaxdXngaqw_13intent_engine6events5testss_16test_list_events0B7_
FN:324,_RNCNvNtNtCsOaxdXngaqw_13intent_engine6events5testss_22test_list_events_empty0B7_
FN:292,_RNCNvNtNtCsOaxdXngaqw_13intent_engine6events5testss_27test_list_events_with_limit0B7_
FN:249,_RNCNvNtNtCsOaxdXngaqw_13intent_engine6events5testss_31test_add_event_nonexistent_task0B7_
FN:315,_RNCNvNtNtCsOaxdXngaqw_13intent_engine6events5testss_33test_list_events_nonexistent_task0B7_
FN:66,_RNCNvMNtCsOaxdXngaqw_13intent_engine6eventsNtB4_12EventManager11list_events0B6_
FN:146,_RNCNvMNtCsOaxdXngaqw_13intent_engine6eventsNtB4_12EventManager14parse_duration0B6_
FN:172,_RNCNvMNtCsOaxdXngaqw_13intent_engine6eventsNtB4_12EventManager18search_events_fts50B6_
FN:21,_RNCNvMNtCsOaxdXngaqw_13intent_engine6eventsNtB4_12EventManager9add_event0B6_
FNDA:12,_RNvMNtCsOaxdXngaqw_13intent_engine6eventsNtB2_12EventManager11list_events
FNDA:0,_RNvMNtCsOaxdXngaqw_13intent_engine6eventsNtB2_12EventManager14parse_duration
FNDA:3,_RNvMNtCsOaxdXngaqw_13intent_engine6eventsNtB2_12EventManager18search_events_fts5
FNDA:31,_RNvMNtCsOaxdXngaqw_13intent_engine6eventsNtB2_12EventManager3new
FNDA:66,_RNvMNtCsOaxdXngaqw_13intent_engine6eventsNtB2_12EventManager9add_event
FNDA:1,_RNvNtNtCsOaxdXngaqw_13intent_engine6events5testss_14test_add_event
FNDA:1,_RNvNtNtCsOaxdXngaqw_13intent_engine6events5testss_16test_list_events
FNDA:1,_RNvNtNtCsOaxdXngaqw_13intent_engine6events5testss_22test_list_events_empty
FNDA:1,_RNvNtNtCsOaxdXngaqw_13intent_engine6events5testss_27test_list_events_with_limit
FNDA:1,_RNvNtNtCsOaxdXngaqw_13intent_engine6events5testss_31test_add_event_nonexistent_task
FNDA:1,_RNvNtNtCsOaxdXngaqw_13intent_engine6events5testss_33test_list_events_nonexistent_task
FNDA:1,_RNCNvNtNtCsOaxdXngaqw_13intent_engine6events5testss_14test_add_event0B7_
FNDA:1,_RNCNvNtNtCsOaxdXngaqw_13intent_engine6events5testss_16test_list_events0B7_
FNDA:1,_RNCNvNtNtCsOaxdXngaqw_13intent_engine6events5testss_22test_list_events_empty0B7_
FNDA:1,_RNCNvNtNtCsOaxdXngaqw_13intent_engine6events5testss_27test_list_events_with_limit0B7_
FNDA:1,_RNCNvNtNtCsOaxdXngaqw_13intent_engine6events5testss_31test_add_event_nonexistent_task0B7_
FNDA:1,_RNCNvNtNtCsOaxdXngaqw_13intent_engine6events5testss_33test_list_events_nonexistent_task0B7_
FNDA:12,_RNCNvMNtCsOaxdXngaqw_13intent_engine6eventsNtB4_12EventManager11list_events0B6_
FNDA:0,_RNCNvMNtCsOaxdXngaqw_13intent_engine6eventsNtB4_12EventManager14parse_duration0B6_
FNDA:3,_RNCNvMNtCsOaxdXngaqw_13intent_engine6eventsNtB4_12EventManager18search_events_fts50B6_
FNDA:66,_RNCNvMNtCsOaxdXngaqw_13intent_engine6eventsNtB4_12EventManager9add_event0B6_
FNF:21
FNH:19
DA:11,31
DA:12,31
DA:13,31
DA:16,66
DA:17,66
DA:18,66
DA:19,66
DA:20,66
DA:21,66
DA:23,66
DA:24,66
DA:25,66
DA:26,66
DA:27,66
DA:29,66
DA:30,1
DA:31,65
DA:33,65
DA:35,65
DA:36,65
DA:37,65
DA:38,65
DA:39,65
DA:40,65
DA:41,65
DA:42,65
DA:43,65
DA:44,65
DA:45,65
DA:46,65
DA:48,65
DA:50,65
DA:51,65
DA:52,65
DA:53,65
DA:54,65
DA:55,65
DA:56,65
DA:57,66
DA:60,12
DA:61,12
DA:62,12
DA:63,12
DA:64,12
DA:65,12
DA:66,12
DA:68,12
DA:69,11
DA:70,11
DA:71,11
DA:72,11
DA:73,11
DA:75,11
DA:76,1
DA:77,10
DA:78,1
DA:80,11
DA:83,11
DA:84,0
DA:86,11
DA:90,11
DA:93,11
DA:95,11
DA:96,10
DA:97,10
DA:99,11
DA:100,1
DA:101,10
DA:103,11
DA:104,0
DA:105,11
DA:107,11
DA:108,10
DA:109,10
DA:110,10
DA:112,11
DA:115,11
DA:117,11
DA:118,10
DA:119,10
DA:121,11
DA:122,1
DA:123,10
DA:125,11
DA:126,0
DA:127,11
DA:129,11
DA:131,11
DA:133,11
DA:134,12
DA:137,0
DA:138,0
DA:139,0
DA:140,0
DA:141,0
DA:142,0
DA:143,0
DA:145,0
DA:146,0
DA:147,0
DA:148,0
DA:150,0
DA:151,0
DA:152,0
DA:153,0
DA:154,0
DA:155,0
DA:157,0
DA:158,0
DA:159,0
DA:160,0
DA:164,0
DA:165,0
DA:168,3
DA:169,3
DA:170,3
DA:171,3
DA:172,3
DA:173,3
DA:176,3
DA:177,3
DA:178,3
DA:179,3
DA:180,3
DA:181,3
DA:182,3
DA:183,3
DA:184,3
DA:185,3
DA:186,3
DA:187,3
DA:188,3
DA:189,3
DA:190,3
DA:191,3
DA:192,3
DA:193,3
DA:194,3
DA:195,3
DA:197,3
DA:198,5
DA:199,2
DA:200,2
DA:201,2
DA:202,2
DA:203,2
DA:204,2
DA:205,2
DA:206,2
DA:207,2
DA:208,2
DA:209,2
DA:210,2
DA:211,2
DA:212,2
DA:214,3
DA:215,3
DA:232,1
DA:233,1
DA:234,1
DA:235,1
DA:237,1
DA:238,1
DA:239,1
DA:240,1
DA:241,1
DA:243,1
DA:244,1
DA:245,1
DA:246,1
DA:249,1
DA:250,1
DA:251,1
DA:253,1
DA:254,1
DA:255,1
DA:258,1
DA:259,1
DA:260,1
DA:261,1
DA:263,1
DA:266,1
DA:267,1
DA:268,1
DA:269,1
DA:270,1
DA:271,1
DA:272,1
DA:273,1
DA:274,1
DA:275,1
DA:276,1
DA:277,1
DA:279,1
DA:280,1
DA:281,1
DA:282,1
DA:283,1
DA:286,1
DA:287,1
DA:288,1
DA:289,1
DA:292,1
DA:293,1
DA:294,1
DA:295,1
DA:297,1
DA:300,6
DA:301,5
DA:302,5
DA:303,5
DA:304,5
DA:307,1
DA:308,1
DA:309,1
DA:310,1
DA:311,1
DA:312,1
DA:315,1
DA:316,1
DA:317,1
DA:319,1
DA:320,1
DA:321,1
DA:324,1
DA:325,1
DA:326,1
DA:327,1
DA:329,1
DA:331,1
DA:332,1
DA:333,1
DA:334,1
DA:335,1
DA:336,1
BRF:0
BRH:0
LF:252
LH:224
end_of_record
SF:/mnt/d/prj/intent-engine/src/logging.rs
FN:122,_RNCNvNtCsOaxdXngaqw_13intent_engine7logging12init_logging0B5_
FN:47,_RNvMs_NtCsOaxdXngaqw_13intent_engine7loggingNtB4_13LoggingConfig8for_mode
FN:85,_RNvMs_NtCsOaxdXngaqw_13intent_engine7loggingNtB4_13LoggingConfig9from_args
FN:119,_RNvNtCsOaxdXngaqw_13intent_engine7logging12init_logging
FN:157,_RNvNtCsOaxdXngaqw_13intent_engine7logging13init_from_env
FN:33,_RNvXNtCsOaxdXngaqw_13intent_engine7loggingNtB2_13LoggingConfigNtNtCs5GmCzIpY9Qj_4core7default7Default7default
FNDA:0,_RNCNvNtCsOaxdXngaqw_13intent_engine7logging12init_logging0B5_
FNDA:0,_RNvMs_NtCsOaxdXngaqw_13intent_engine7loggingNtB4_13LoggingConfig8for_mode
FNDA:0,_RNvMs_NtCsOaxdXngaqw_13intent_engine7loggingNtB4_13LoggingConfig9from_args
FNDA:0,_RNvNtCsOaxdXngaqw_13intent_engine7logging12init_logging
FNDA:0,_RNvNtCsOaxdXngaqw_13intent_engine7logging13init_from_env
FNDA:0,_RNvXNtCsOaxdXngaqw_13intent_engine7loggingNtB2_13LoggingConfigNtNtCs5GmCzIpY9Qj_4core7default7Default7default
FNF:6
FNH:0
DA:33,0
DA:34,0
DA:35,0
DA:36,0
DA:37,0
DA:38,0
DA:39,0
DA:40,0
DA:41,0
DA:42,0
DA:47,0
DA:48,0
DA:49,0
DA:50,0
DA:51,0
DA:52,0
DA:53,0
DA:54,0
DA:55,0
DA:56,0
DA:57,0
DA:58,0
DA:59,0
DA:60,0
DA:61,0
DA:62,0
DA:63,0
DA:64,0
DA:65,0
DA:66,0
DA:67,0
DA:68,0
DA:69,0
DA:70,0
DA:71,0
DA:72,0
DA:73,0
DA:74,0
DA:75,0
DA:76,0
DA:77,0
DA:78,0
DA:79,0
DA:80,0
DA:82,0
DA:85,0
DA:86,0
DA:87,0
DA:88,0
DA:89,0
DA:91,0
DA:95,0
DA:96,0
DA:97,0
DA:98,0
DA:99,0
DA:100,0
DA:102,0
DA:119,0
DA:121,0
DA:122,0
DA:124,0
DA:126,0
DA:127,0
DA:128,0
DA:129,0
DA:130,0
DA:131,0
DA:132,0
DA:133,0
DA:134,0
DA:135,0
DA:137,0
DA:138,0
DA:139,0
DA:140,0
DA:141,0
DA:143,0
DA:144,0
DA:145,0
DA:146,0
DA:147,0
DA:148,0
DA:149,0
DA:150,0
DA:153,0
DA:154,0
DA:157,0
DA:158,0
DA:159,0
DA:160,0
DA:161,0
DA:162,0
DA:163,0
DA:164,0
DA:167,0
DA:168,0
DA:169,0
DA:171,0
DA:172,0
DA:173,0
BRF:0
BRH:0
LF:102
LH:0
end_of_record
SF:/mnt/d/prj/intent-engine/src/mcp/server.rs
FN:828,_RNCNCNCNvNtNtCsOaxdXngaqw_13intent_engine3mcp6server14heartbeat_task000Bb_
FN:826,_RNCNCNvNtNtCsOaxdXngaqw_13intent_engine3mcp6server14heartbeat_task00B9_
FN:82,_RNCNCNvNtNtCsOaxdXngaqw_13intent_engine3mcp6server3run00B9_
FN:111,_RNCNCNvNtNtCsOaxdXngaqw_13intent_engine3mcp6server3run0s0_0B9_
FN:103,_RNCNCNvNtNtCsOaxdXngaqw_13intent_engine3mcp6server3run0s_0B9_
FN:129,_RNCNvNtNtCsOaxdXngaqw_13intent_engine3mcp6server10run_server0B7_
FN:816,_RNCNvNtNtCsOaxdXngaqw_13intent_engine3mcp6server14heartbeat_task0B7_
FN:856,_RNCNvNtNtCsOaxdXngaqw_13intent_engine3mcp6server20is_dashboard_running0B7_
FN:769,_RNCNvNtNtCsOaxdXngaqw_13intent_engine3mcp6server23register_mcp_connection0B7_
FN:803,_RNCNvNtNtCsOaxdXngaqw_13intent_engine3mcp6server25unregister_mcp_connection0B7_
FN:874,_RNCNvNtNtCsOaxdXngaqw_13intent_engine3mcp6server26start_dashboard_background0B7_
FN:55,_RNCNvNtNtCsOaxdXngaqw_13intent_engine3mcp6server3run0B7_
FN:129,_RNvNtNtCsOaxdXngaqw_13intent_engine3mcp6server10run_server
FN:816,_RNvNtNtCsOaxdXngaqw_13intent_engine3mcp6server14heartbeat_task
FN:840,_RNvNtNtCsOaxdXngaqw_13intent_engine3mcp6server17detect_agent_type
FN:856,_RNvNtNtCsOaxdXngaqw_13intent_engine3mcp6server20is_dashboard_running
FN:758,_RNvNtNtCsOaxdXngaqw_13intent_engine3mcp6server23register_mcp_connection
FN:795,_RNvNtNtCsOaxdXngaqw_13intent_engine3mcp6server25unregister_mcp_connection
FN:874,_RNvNtNtCsOaxdXngaqw_13intent_engine3mcp6server26start_dashboard_background
FN:55,_RNvNtNtCsOaxdXngaqw_13intent_engine3mcp6server3run
FN:186,_RNvNtNtCsOaxdXngaqw_13intent_engine3mcp6server14handle_request
FN:289,_RNvNtNtCsOaxdXngaqw_13intent_engine3mcp6server15handle_task_add
FN:513,_RNvNtNtCsOaxdXngaqw_13intent_engine3mcp6server15handle_task_get
FN:602,_RNvNtNtCsOaxdXngaqw_13intent_engine3mcp6server16handle_event_add
FN:427,_RNvNtNtCsOaxdXngaqw_13intent_engine3mcp6server16handle_task_done
FN:488,_RNvNtNtCsOaxdXngaqw_13intent_engine3mcp6server16handle_task_list
FN:253,_RNvNtNtCsOaxdXngaqw_13intent_engine3mcp6server16handle_tool_call
FN:648,_RNvNtNtCsOaxdXngaqw_13intent_engine3mcp6server17handle_event_list
FN:227,_RNvNtNtCsOaxdXngaqw_13intent_engine3mcp6server17handle_initialize
FN:346,_RNvNtNtCsOaxdXngaqw_13intent_engine3mcp6server17handle_task_start
FN:244,_RNvNtNtCsOaxdXngaqw_13intent_engine3mcp6server17handle_tools_list
FN:583,_RNvNtNtCsOaxdXngaqw_13intent_engine3mcp6server18handle_task_delete
FN:408,_RNvNtNtCsOaxdXngaqw_13intent_engine3mcp6server18handle_task_switch
FN:453,_RNvNtNtCsOaxdXngaqw_13intent_engine3mcp6server18handle_task_update
FN:171,_RNvNtNtCsOaxdXngaqw_13intent_engine3mcp6server19handle_notification
FN:545,_RNvNtNtCsOaxdXngaqw_13intent_engine3mcp6server19handle_task_context
FN:370,_RNvNtNtCsOaxdXngaqw_13intent_engine3mcp6server21handle_task_pick_next
FN:674,_RNvNtNtCsOaxdXngaqw_13intent_engine3mcp6server21handle_unified_search
FN:721,_RNvNtNtCsOaxdXngaqw_13intent_engine3mcp6server22handle_report_generate
FN:707,_RNvNtNtCsOaxdXngaqw_13intent_engine3mcp6server23handle_current_task_get
FN:387,_RNvNtNtCsOaxdXngaqw_13intent_engine3mcp6server25handle_task_spawn_subtask
FN:323,_RNvNtNtCsOaxdXngaqw_13intent_engine3mcp6server26handle_task_add_dependency
FN:307,_RNCNCNvNtNtCsOaxdXngaqw_13intent_engine3mcp6server15handle_task_add00B9_
FN:312,_RNCNCNvNtNtCsOaxdXngaqw_13intent_engine3mcp6server15handle_task_add0s0_0B9_
FN:318,_RNCNCNvNtNtCsOaxdXngaqw_13intent_engine3mcp6server15handle_task_add0s1_0B9_
FN:320,_RNCNCNvNtNtCsOaxdXngaqw_13intent_engine3mcp6server15handle_task_add0s2_0B9_
FN:308,_RNCNCNvNtNtCsOaxdXngaqw_13intent_engine3mcp6server15handle_task_add0s_0B9_
FN:516,_RNCNCNvNtNtCsOaxdXngaqw_13intent_engine3mcp6server15handle_task_get00B9_
FN:526,_RNCNCNvNtNtCsOaxdXngaqw_13intent_engine3mcp6server15handle_task_get0s0_0B9_
FN:534,_RNCNCNvNtNtCsOaxdXngaqw_13intent_engine3mcp6server15handle_task_get0s1_0B9_
FN:535,_RNCNCNvNtNtCsOaxdXngaqw_13intent_engine3mcp6server15handle_task_get0s2_0B9_
FN:540,_RNCNCNvNtNtCsOaxdXngaqw_13intent_engine3mcp6server15handle_task_get0s3_0B9_
FN:541,_RNCNCNvNtNtCsOaxdXngaqw_13intent_engine3mcp6server15handle_task_get0s4_0B9_
FN:521,_RNCNCNvNtNtCsOaxdXngaqw_13intent_engine3mcp6server15handle_task_get0s_0B9_
FN:603,_RNCNCNvNtNtCsOaxdXngaqw_13intent_engine3mcp6server16handle_event_add00B9_
FN:612,_RNCNCNvNtNtCsOaxdXngaqw_13intent_engine3mcp6server16handle_event_add0s0_0B9_
FN:617,_RNCNCNvNtNtCsOaxdXngaqw_13intent_engine3mcp6server16handle_event_add0s1_0B9_
FN:628,_RNCNCNvNtNtCsOaxdXngaqw_13intent_engine3mcp6server16handle_event_add0s2_0B9_
FN:631,_RNCNCNvNtNtCsOaxdXngaqw_13intent_engine3mcp6server16handle_event_add0s3_0B9_
FN:632,_RNCNCNvNtNtCsOaxdXngaqw_13intent_engine3mcp6server16handle_event_add0s4_0B9_
FN:643,_RNCNCNvNtNtCsOaxdXngaqw_13intent_engine3mcp6server16handle_event_add0s5_0B9_
FN:645,_RNCNCNvNtNtCsOaxdXngaqw_13intent_engine3mcp6server16handle_event_add0s6_0B9_
FN:607,_RNCNCNvNtNtCsOaxdXngaqw_13intent_engine3mcp6server16handle_event_add0s_0B9_
FN:428,_RNCNCNvNtNtCsOaxdXngaqw_13intent_engine3mcp6server16handle_task_done00B9_
FN:442,_RNCNCNvNtNtCsOaxdXngaqw_13intent_engine3mcp6server16handle_task_done0s0_0B9_
FN:448,_RNCNCNvNtNtCsOaxdXngaqw_13intent_engine3mcp6server16handle_task_done0s1_0B9_
FN:450,_RNCNCNvNtNtCsOaxdXngaqw_13intent_engine3mcp6server16handle_task_done0s2_0B9_
FN:432,_RNCNCNvNtNtCsOaxdXngaqw_13intent_engine3mcp6server16handle_task_done0s_0B9_
FN:489,_RNCNCNvNtNtCsOaxdXngaqw_13intent_engine3mcp6server16handle_task_list00B9_
FN:492,_RNCNCNvNtNtCsOaxdXngaqw_13intent_engine3mcp6server16handle_task_list0s0_0B9_
FN:502,_RNCNCNvNtNtCsOaxdXngaqw_13intent_engine3mcp6server16handle_task_list0s1_0B9_
FN:508,_RNCNCNvNtNtCsOaxdXngaqw_13intent_engine3mcp6server16handle_task_list0s2_0B9_
FN:510,_RNCNCNvNtNtCsOaxdXngaqw_13intent_engine3mcp6server16handle_task_list0s3_0B9_
FN:490,_RNCNCNvNtNtCsOaxdXngaqw_13intent_engine3mcp6server16handle_task_list0s_0B9_
FN:255,_RNCNCNvNtNtCsOaxdXngaqw_13intent_engine3mcp6server16handle_tool_call00B9_
FN:282,_RNCNCNvNtNtCsOaxdXngaqw_13intent_engine3mcp6server16handle_tool_call0s_0B9_
FN:649,_RNCNCNvNtNtCsOaxdXngaqw_13intent_engine3mcp6server17handle_event_list00B9_
FN:654,_RNCNCNvNtNtCsOaxdXngaqw_13intent_engine3mcp6server17handle_event_list0s0_0B9_
FN:655,_RNCNCNvNtNtCsOaxdXngaqw_13intent_engine3mcp6server17handle_event_list0s1_0B9_
FN:658,_RNCNCNvNtNtCsOaxdXngaqw_13intent_engine3mcp6server17handle_event_list0s2_0B9_
FN:659,_RNCNCNvNtNtCsOaxdXngaqw_13intent_engine3mcp6server17handle_event_list0s3_0B9_
FN:663,_RNCNCNvNtNtCsOaxdXngaqw_13intent_engine3mcp6server17handle_event_list0s4_0B9_
FN:669,_RNCNCNvNtNtCsOaxdXngaqw_13intent_engine3mcp6server17handle_event_list0s5_0B9_
FN:671,_RNCNCNvNtNtCsOaxdXngaqw_13intent_engine3mcp6server17handle_event_list0s6_0B9_
FN:651,_RNCNCNvNtNtCsOaxdXngaqw_13intent_engine3mcp6server17handle_event_list0s_0B9_
FN:349,_RNCNCNvNtNtCsOaxdXngaqw_13intent_engine3mcp6server17handle_task_start00B9_
FN:359,_RNCNCNvNtNtCsOaxdXngaqw_13intent_engine3mcp6server17handle_task_start0s0_0B9_
FN:365,_RNCNCNvNtNtCsOaxdXngaqw_13intent_engine3mcp6server17handle_task_start0s1_0B9_
FN:367,_RNCNCNvNtNtCsOaxdXngaqw_13intent_engine3mcp6server17handle_task_start0s2_0B9_
FN:354,_RNCNCNvNtNtCsOaxdXngaqw_13intent_engine3mcp6server17handle_task_start0s_0B9_
FN:586,_RNCNCNvNtNtCsOaxdXngaqw_13intent_engine3mcp6server18handle_task_delete00B9_
FN:597,_RNCNCNvNtNtCsOaxdXngaqw_13intent_engine3mcp6server18handle_task_delete0s0_0B9_
FN:591,_RNCNCNvNtNtCsOaxdXngaqw_13intent_engine3mcp6server18handle_task_delete0s_0B9_
FN:411,_RNCNCNvNtNtCsOaxdXngaqw_13intent_engine3mcp6server18handle_task_switch00B9_
FN:422,_RNCNCNvNtNtCsOaxdXngaqw_13intent_engine3mcp6server18handle_task_switch0s0_0B9_
FN:424,_RNCNCNvNtNtCsOaxdXngaqw_13intent_engine3mcp6server18handle_task_switch0s1_0B9_
FN:416,_RNCNCNvNtNtCsOaxdXngaqw_13intent_engine3mcp6server18handle_task_switch0s_0B9_
FN:456,_RNCNCNvNtNtCsOaxdXngaqw_13intent_engine3mcp6server18handle_task_update00B9_
FN:460,_RNCNCNvNtNtCsOaxdXngaqw_13intent_engine3mcp6server18handle_task_update0s0_0B9_
FN:461,_RNCNCNvNtNtCsOaxdXngaqw_13intent_engine3mcp6server18handle_task_update0s1_0B9_
FN:464,_RNCNCNvNtNtCsOaxdXngaqw_13intent_engine3mcp6server18handle_task_update0s2_0B9_
FN:465,_RNCNCNvNtNtCsOaxdXngaqw_13intent_engine3mcp6server18handle_task_update0s3_0B9_
FN:466,_RNCNCNvNtNtCsOaxdXngaqw_13intent_engine3mcp6server18handle_task_update0s4_0B9_
FN:469,_RNCNCNvNtNtCsOaxdXngaqw_13intent_engine3mcp6server18handle_task_update0s5_0B9_
FN:473,_RNCNCNvNtNtCsOaxdXngaqw_13intent_engine3mcp6server18handle_task_update0s6_0B9_
FN:477,_RNCNCNvNtNtCsOaxdXngaqw_13intent_engine3mcp6server18handle_task_update0s7_0B9_
FN:483,_RNCNCNvNtNtCsOaxdXngaqw_13intent_engine3mcp6server18handle_task_update0s8_0B9_
FN:485,_RNCNCNvNtNtCsOaxdXngaqw_13intent_engine3mcp6server18handle_task_update0s9_0B9_
FN:459,_RNCNCNvNtNtCsOaxdXngaqw_13intent_engine3mcp6server18handle_task_update0s_0B9_
FN:547,_RNCNCNvNtNtCsOaxdXngaqw_13intent_engine3mcp6server19handle_task_context00B9_
FN:559,_RNCNCNvNtNtCsOaxdXngaqw_13intent_engine3mcp6server19handle_task_context0s0_0B9_
FN:562,_RNCNCNvNtNtCsOaxdXngaqw_13intent_engine3mcp6server19handle_task_context0s1_0B9_
FN:563,_RNCNCNvNtNtCsOaxdXngaqw_13intent_engine3mcp6server19handle_task_context0s2_0B9_
FN:572,_RNCNCNvNtNtCsOaxdXngaqw_13intent_engine3mcp6server19handle_task_context0s3_0B9_
FN:578,_RNCNCNvNtNtCsOaxdXngaqw_13intent_engine3mcp6server19handle_task_context0s4_0B9_
FN:580,_RNCNCNvNtNtCsOaxdXngaqw_13intent_engine3mcp6server19handle_task_context0s5_0B9_
FN:553,_RNCNCNvNtNtCsOaxdXngaqw_13intent_engine3mcp6server19handle_task_context0s_0B9_
FN:371,_RNCNCNvNtNtCsOaxdXngaqw_13intent_engine3mcp6server21handle_task_pick_next00B9_
FN:376,_RNCNCNvNtNtCsOaxdXngaqw_13intent_engine3mcp6server21handle_task_pick_next0s0_0B9_
FN:382,_RNCNCNvNtNtCsOaxdXngaqw_13intent_engine3mcp6server21handle_task_pick_next0s1_0B9_
FN:384,_RNCNCNvNtNtCsOaxdXngaqw_13intent_engine3mcp6server21handle_task_pick_next0s2_0B9_
FN:372,_RNCNCNvNtNtCsOaxdXngaqw_13intent_engine3mcp6server21handle_task_pick_next0s_0B9_
FN:679,_RNCNCNvNtNtCsOaxdXngaqw_13intent_engine3mcp6server21handle_unified_search00B9_
FN:689,_RNCNCNvNtNtCsOaxdXngaqw_13intent_engine3mcp6server21handle_unified_search0s0_0B9_
FN:692,_RNCNCNvNtNtCsOaxdXngaqw_13intent_engine3mcp6server21handle_unified_search0s1_0B9_
FN:696,_RNCNCNvNtNtCsOaxdXngaqw_13intent_engine3mcp6server21handle_unified_search0s2_0B9_
FN:702,_RNCNCNvNtNtCsOaxdXngaqw_13intent_engine3mcp6server21handle_unified_search0s3_0B9_
[...]
DA:745,4
DA:746,4
DA:747,4
DA:748,4
DA:749,4
DA:750,4
DA:752,2
DA:753,2
DA:754,2
DA:755,2
DA:756,2
DA:761,12
DA:763,12
DA:765,12
DA:766,12
DA:767,12
DA:768,12
DA:769,12
DA:770,12
DA:771,12
DA:772,13
DA:775,47
DA:776,47
DA:777,47
DA:778,47
DA:779,47
DA:781,47
DA:782,1
DA:783,46
DA:785,46
DA:786,47
DA:789,1
DA:790,1
DA:793,2
DA:794,1
DA:795,1
DA:796,1
DA:797,1
DA:798,1
DA:800,1
DA:801,1
DA:802,1
DA:803,1
DA:804,1
DA:806,1
DA:807,1
DA:808,0
DA:812,0
DA:813,1
DA:818,5
DA:820,5
DA:822,5
DA:823,5
DA:826,5
DA:827,5
DA:828,5
DA:829,5
DA:831,5
DA:832,4
DA:834,4
DA:835,4
DA:836,4
DA:837,4
DA:838,4
DA:839,4
DA:840,4
DA:841,4
DA:842,4
DA:843,4
DA:845,4
DA:846,4
DA:847,4
DA:848,4
DA:850,0
DA:853,1
DA:857,5
DA:858,5
DA:859,5
DA:860,5
DA:861,5
DA:862,5
DA:863,5
DA:864,5
DA:865,5
DA:866,5
DA:867,5
DA:868,5
DA:871,5
DA:872,5
DA:873,5
DA:874,5
DA:875,5
DA:878,5
DA:879,5
DA:880,5
DA:881,5
DA:882,5
DA:883,5
DA:884,5
DA:885,5
DA:886,5
DA:888,5
DA:890,5
DA:891,5
DA:892,5
DA:893,5
DA:894,5
DA:895,5
DA:896,5
DA:897,5
DA:898,5
DA:903,3
DA:904,3
DA:905,3
DA:906,3
DA:907,3
DA:909,3
DA:910,3
DA:911,3
DA:912,3
DA:914,3
DA:915,3
DA:916,1
DA:919,2
DA:920,2
DA:921,2
DA:922,2
DA:925,2
DA:928,2
DA:930,2
DA:931,2
DA:932,2
DA:933,2
DA:934,2
DA:935,2
DA:936,2
DA:937,2
DA:938,2
DA:939,2
DA:940,2
DA:941,2
DA:942,3
DA:956,8
DA:957,8
DA:958,8
DA:959,8
DA:960,8
DA:961,8
DA:964,8
DA:965,8
DA:966,8
DA:967,8
DA:970,8
DA:971,8
DA:972,2
DA:973,6
DA:975,6
DA:978,6
DA:979,6
DA:980,6
DA:981,6
DA:982,6
DA:983,6
DA:984,6
DA:985,6
DA:986,6
DA:987,6
DA:988,6
DA:989,6
DA:990,6
DA:991,6
DA:992,6
DA:994,6
DA:995,0
DA:996,6
DA:998,6
DA:1001,27
DA:1002,21
DA:1003,21
DA:1004,21
DA:1005,21
DA:1006,21
DA:1007,21
DA:1008,21
DA:1009,21
DA:1010,21
DA:1011,21
DA:1012,21
DA:1013,21
DA:1016,6
DA:1019,6
DA:1020,6
DA:1021,6
DA:1022,6
DA:1023,6
DA:1024,6
DA:1025,6
DA:1026,6
DA:1027,6
DA:1031,6
DA:1032,27
DA:1033,21
DA:1034,21
DA:1036,6
DA:1037,6
DA:1038,8
DA:1048,8
DA:1050,8
DA:1051,8
DA:1052,8
DA:1053,8
DA:1055,8
DA:1056,4
DA:1059,4
DA:1060,4
DA:1061,4
DA:1062,4
DA:1063,4
DA:1064,4
DA:1065,4
DA:1066,4
DA:1067,4
DA:1068,4
DA:1069,4
DA:1070,4
DA:1071,4
DA:1072,4
DA:1073,4
DA:1074,4
DA:1075,4
DA:1076,4
DA:1077,4
DA:1079,4
DA:1080,2
DA:1081,2
DA:1082,0
DA:1083,4
DA:1087,6
DA:1088,6
DA:1089,6
DA:1090,6
DA:1091,6
DA:1092,6
DA:1093,6
DA:1094,6
DA:1095,6
DA:1096,6
DA:1097,6
DA:1098,6
DA:1099,6
DA:1100,6
DA:1101,6
DA:1102,6
DA:1103,6
DA:1104,6
DA:1106,6
DA:1107,3
DA:1108,3
DA:1112,3
DA:1113,3
DA:1114,3
DA:1116,3
DA:1117,1
DA:1118,2
DA:1121,2
DA:1122,2
DA:1123,2
DA:1124,2
DA:1126,2
DA:1127,1
DA:1128,1
DA:1131,1
DA:1132,8
DA:1142,1
DA:1143,1
DA:1144,1
DA:1146,1
DA:1148,1
DA:1149,1
DA:1150,1
DA:1151,1
DA:1152,1
DA:1153,1
DA:1156,1
DA:1157,1
DA:1158,1
DA:1160,1
DA:1161,1
DA:1162,1
DA:1163,1
DA:1164,1
DA:1166,1
DA:1167,1
DA:1168,1
DA:1171,1
DA:1172,1
DA:1173,1
DA:1175,1
DA:1176,1
DA:1177,1
DA:1178,1
DA:1179,1
DA:1181,1
DA:1182,1
DA:1185,1
DA:1186,1
DA:1187,1
DA:1189,1
DA:1190,1
DA:1192,1
DA:1193,1
DA:1194,1
DA:1197,1
DA:1198,1
DA:1199,1
DA:1201,1
DA:1202,1
DA:1203,1
DA:1206,1
DA:1207,1
DA:1208,1
DA:1210,1
DA:1211,1
DA:1212,1
DA:1213,1
DA:1214,1
DA:1216,1
DA:1217,1
DA:1220,1
DA:1221,1
DA:1222,1
DA:1224,1
DA:1225,1
DA:1226,1
DA:1227,1
DA:1228,1
DA:1230,1
DA:1231,1
DA:1232,1
DA:1235,1
DA:1236,1
DA:1237,1
DA:1239,1
DA:1240,1
DA:1242,1
DA:1243,1
DA:1244,1
DA:1247,1
DA:1248,1
DA:1249,1
DA:1251,1
DA:1252,1
DA:1253,1
DA:1254,1
DA:1255,1
DA:1256,1
DA:1258,1
DA:1259,1
DA:1261,1
DA:1262,1
DA:1263,1
DA:1264,1
DA:1267,1
DA:1268,1
DA:1269,1
DA:1271,1
DA:1272,1
DA:1273,1
DA:1274,1
DA:1275,1
DA:1276,1
DA:1277,1
DA:1278,1
DA:1279,1
DA:1281,1
DA:1282,1
DA:1283,1
DA:1284,1
DA:1286,1
DA:1287,1
DA:1290,1
DA:1291,1
DA:1292,1
DA:1294,1
DA:1295,1
DA:1297,1
DA:1298,1
DA:1301,1
DA:1302,1
DA:1303,1
DA:1304,1
DA:1305,1
DA:1307,1
DA:1308,1
DA:1311,1
DA:1312,1
DA:1313,1
DA:1315,1
DA:1318,1
DA:1319,1
DA:1320,1
DA:1321,1
DA:1322,1
DA:1323,1
DA:1324,1
DA:1326,1
DA:1328,1
DA:1329,1
DA:1330,1
DA:1331,1
DA:1334,1
DA:1335,1
DA:1336,1
DA:1338,1
DA:1339,1
DA:1340,1
DA:1342,1
DA:1343,1
DA:1344,1
DA:1347,1
DA:1348,1
DA:1349,0
DA:1353,1
DA:1354,1
DA:1355,1
DA:1356,1
DA:1357,1
DA:1359,1
DA:1360,1
DA:1363,1
DA:1364,1
DA:1365,1
DA:1367,1
DA:1368,1
DA:1369,1
DA:1370,1
DA:1371,1
DA:1374,1
DA:1376,1
DA:1377,1
DA:1378,1
DA:1381,1
DA:1382,1
DA:1383,1
DA:1385,1
DA:1386,1
DA:1387,1
DA:1388,1
DA:1389,1
DA:1392,1
DA:1393,1
DA:1396,1
DA:1397,1
DA:1398,1
DA:1400,0
DA:1404,1
DA:1405,1
DA:1406,1
DA:1409,1
DA:1410,1
DA:1411,1
DA:1412,1
DA:1413,1
DA:1416,1
DA:1417,1
DA:1418,1
DA:1420,1
DA:1421,1
DA:1422,1
DA:1423,1
DA:1424,1
DA:1427,1
DA:1428,1
DA:1429,1
DA:1431,1
DA:1432,1
DA:1433,1
DA:1434,1
DA:1435,1
DA:1438,1
DA:1439,1
DA:1440,1
DA:1442,1
DA:1443,1
DA:1444,1
DA:1447,1
DA:1448,1
DA:1449,1
DA:1451,1
DA:1452,1
DA:1453,1
DA:1454,1
DA:1455,1
DA:1457,1
DA:1458,1
DA:1459,1
DA:1462,1
DA:1463,1
DA:1464,1
DA:1467,1
DA:1468,1
DA:1471,1
DA:1472,1
DA:1473,1
DA:1474,1
DA:1477,1
DA:1478,1
DA:1479,1
DA:1480,1
DA:1481,1
DA:1483,1
DA:1484,1
DA:1487,1
DA:1488,1
DA:1489,1
DA:1492,1
DA:1493,1
DA:1496,1
DA:1497,1
DA:1498,1
DA:1499,1
DA:1502,1
DA:1503,1
DA:1504,1
DA:1507,1
DA:1508,1
DA:1511,1
DA:1512,1
DA:1513,1
DA:1514,1
DA:1516,1
DA:1517,1
DA:1518,1
DA:1519,1
DA:1520,1
DA:1523,1
DA:1524,1
DA:1525,1
DA:1526,1
DA:1527,1
DA:1529,1
DA:1532,1
DA:1533,1
DA:1534,1
DA:1537,1
DA:1538,1
DA:1539,1
DA:1542,1
DA:1543,1
DA:1544,1
DA:1547,1
DA:1548,1
DA:1549,1
DA:1552,11
DA:1553,10
DA:1554,10
DA:1555,10
DA:1556,10
DA:1560,1
DA:1562,1
DA:1563,6
DA:1564,5
DA:1565,5
DA:1569,1
DA:1570,1
DA:1571,1
DA:1572,1
DA:1573,1
DA:1575,1
DA:1576,1
DA:1579,1
DA:1580,1
DA:1581,1
DA:1584,11
DA:1585,10
DA:1586,10
DA:1587,10
DA:1588,10
DA:1592,1
DA:1593,1
DA:1594,1
DA:1597,1
DA:1600,1
DA:1603,1
DA:1604,1
DA:1605,1
DA:1606,1
DA:1607,1
DA:1609,1
DA:1610,1
DA:1613,1
DA:1614,1
DA:1615,1
DA:1618,11
DA:1619,10
DA:1620,10
DA:1621,10
DA:1622,10
DA:1626,1
DA:1627,1
DA:1630,1
DA:1631,1
DA:1632,1
DA:1635,1
DA:1636,1
DA:1637,1
DA:1640,1
DA:1641,1
DA:1642,1
DA:1643,1
DA:1644,1
DA:1646,1
DA:1647,1
DA:1648,1
DA:1649,1
DA:1650,1
DA:1652,1
DA:1653,1
DA:1654,1
DA:1655,1
DA:1656,1
DA:1657,1
DA:1658,1
DA:1659,1
DA:1662,1
DA:1665,1
DA:1666,1
DA:1667,1
DA:1668,1
DA:1669,1
DA:1672,1
DA:1673,1
DA:1674,1
DA:1677,1
DA:1678,1
DA:1679,1
DA:1680,1
DA:1681,1
DA:1683,1
DA:1684,1
DA:1685,1
DA:1686,1
DA:1687,1
DA:1689,1
DA:1690,1
DA:1691,1
DA:1692,1
DA:1693,1
DA:1696,1
DA:1699,1
DA:1700,1
DA:1701,1
DA:1702,1
DA:1703,1
DA:1706,1
DA:1707,1
DA:1708,1
DA:1711,1
DA:1712,1
DA:1713,1
DA:1714,1
DA:1715,1
DA:1716,1
DA:1717,1
DA:1718,1
DA:1719,1
DA:1720,1
DA:1721,1
DA:1722,1
DA:1723,1
DA:1726,1
DA:1727,1
DA:1730,1
DA:1732,1
DA:1733,1
DA:1736,1
DA:1737,1
DA:1739,0
DA:1743,1
DA:1744,1
DA:1747,1
DA:1748,1
DA:1749,1
DA:1750,1
DA:1751,1
DA:1752,1
DA:1753,1
DA:1754,1
DA:1755,1
DA:1756,1
DA:1759,1
DA:1760,1
DA:1761,1
DA:1764,1
DA:1765,1
DA:1766,1
DA:1767,1
DA:1768,1
DA:1771,1
DA:1772,1
DA:1775,1
DA:1776,1
DA:1779,1
DA:1780,1
DA:1781,1
DA:1782,1
DA:1783,1
DA:1784,1
DA:1785,1
DA:1786,1
DA:1787,1
DA:1788,1
DA:1789,1
DA:1790,1
DA:1793,1
DA:1794,1
DA:1795,1
DA:1798,1
DA:1799,1
DA:1800,1
DA:1801,1
DA:1802,1
DA:1803,1
DA:1804,1
DA:1805,1
DA:1808,1
DA:1809,1
DA:1812,1
DA:1813,1
DA:1814,1
DA:1815,1
DA:1816,1
DA:1817,1
DA:1818,1
DA:1819,1
DA:1820,1
DA:1821,1
DA:1822,1
DA:1823,1
DA:1826,1
DA:1827,1
DA:1828,1
DA:1831,1
DA:1832,1
DA:1833,1
DA:1834,1
DA:1835,1
DA:1836,1
DA:1837,1
DA:1838,1
DA:1839,1
DA:1840,1
DA:1841,1
DA:1842,1
DA:1845,1
DA:1847,1
DA:1848,1
DA:1849,1
DA:1850,1
DA:1851,1
DA:1852,1
DA:1853,1
DA:1854,1
DA:1855,1
DA:1856,1
DA:1857,1
DA:1860,1
DA:1861,1
DA:1864,1
DA:1865,1
DA:1866,1
DA:1869,1
DA:1870,1
DA:1871,1
DA:1872,1
DA:1873,1
DA:1874,1
DA:1875,1
DA:1876,1
DA:1877,1
DA:1878,1
DA:1879,1
DA:1880,1
DA:1883,1
DA:1885,1
DA:1886,3
DA:1887,2
DA:1888,2
DA:1889,2
DA:1890,2
DA:1891,2
DA:1892,2
DA:1893,2
DA:1894,1
DA:1895,1
DA:1898,1
DA:1899,1
DA:1900,1
DA:1903,1
DA:1904,1
DA:1905,1
DA:1906,1
DA:1907,1
DA:1908,1
DA:1909,1
DA:1910,1
DA:1911,1
DA:1912,1
DA:1913,1
DA:1914,1
DA:1917,1
DA:1918,1
DA:1919,1
DA:1920,1
DA:1922,1
DA:1923,1
DA:1924,1
DA:1925,1
DA:1926,1
DA:1927,1
DA:1928,1
DA:1929,1
DA:1930,1
DA:1933,1
DA:1934,1
DA:1935,1
DA:1938,1
DA:1939,1
DA:1940,1
DA:1941,1
DA:1944,1
DA:1946,1
DA:1947,1
DA:1950,1
DA:1951,1
DA:1952,1
DA:1955,1
DA:1956,1
DA:1957,1
DA:1958,1
DA:1959,1
DA:1960,1
DA:1961,1
DA:1962,1
DA:1965,1
DA:1967,1
DA:1969,1
DA:1970,1
DA:1973,1
DA:1974,1
DA:1975,1
DA:1978,1
DA:1979,1
DA:1982,1
DA:1983,1
DA:1984,1
DA:1985,1
DA:1986,1
DA:1987,1
DA:1988,1
DA:1989,1
DA:1992,1
DA:1993,1
DA:1994,1
DA:1995,1
DA:1996,1
DA:1997,1
DA:1998,1
DA:1999,1
DA:2002,1
DA:2004,1
DA:2005,1
DA:2006,1
DA:2007,1
DA:2008,1
DA:2011,1
DA:2012,1
DA:2013,1
DA:2016,1
DA:2017,1
DA:2020,1
DA:2021,1
DA:2022,1
DA:2023,1
DA:2024,1
DA:2025,1
DA:2026,1
DA:2027,1
DA:2030,1
DA:2032,1
DA:2033,1
DA:2034,1
DA:2035,1
DA:2036,1
DA:2039,1
DA:2040,1
DA:2041,1
DA:2044,1
DA:2046,1
DA:2047,1
DA:2048,1
DA:2049,1
DA:2052,1
DA:2053,1
DA:2054,1
DA:2057,1
DA:2058,1
DA:2059,1
DA:2062,1
DA:2064,1
DA:2065,1
DA:2066,1
DA:2067,1
DA:2070,1
DA:2071,1
DA:2072,1
DA:2075,1
DA:2076,1
DA:2079,1
DA:2080,1
DA:2081,1
DA:2082,1
DA:2084,1
DA:2085,1
DA:2086,1
DA:2087,1
DA:2088,1
DA:2091,1
DA:2092,1
DA:2093,1
DA:2094,1
DA:2095,1
DA:2096,1
DA:2097,1
DA:2100,1
DA:2101,1
DA:2102,1
DA:2103,1
DA:2104,1
DA:2107,1
DA:2109,1
DA:2110,1
DA:2111,1
DA:2112,1
DA:2115,1
DA:2116,1
DA:2117,1
DA:2120,1
DA:2121,1
DA:2124,1
DA:2125,1
DA:2126,1
DA:2127,1
DA:2128,1
DA:2129,1
DA:2130,1
DA:2131,1
DA:2133,1
DA:2134,1
DA:2135,1
DA:2136,1
DA:2137,1
DA:2138,1
DA:2139,1
DA:2140,1
DA:2142,1
DA:2143,1
DA:2144,1
DA:2145,1
DA:2146,1
DA:2147,1
DA:2148,1
DA:2149,1
DA:2152,1
DA:2154,1
DA:2155,1
DA:2156,1
DA:2157,1
DA:2160,1
DA:2161,1
DA:2162,1
DA:2165,1
DA:2166,1
DA:2169,1
DA:2170,1
DA:2171,1
DA:2172,1
DA:2175,1
DA:2177,1
DA:2178,1
DA:2179,1
DA:2184,1
DA:2185,1
DA:2186,1
DA:2187,1
DA:2189,1
DA:2192,1
DA:2193,1
DA:2194,1
DA:2195,1
DA:2196,1
DA:2197,1
DA:2198,1
DA:2199,1
DA:2201,1
DA:2203,1
DA:2204,1
DA:2206,1
DA:2207,1
DA:2208,1
DA:2209,1
DA:2210,1
DA:2211,1
DA:2214,1
DA:2215,1
DA:2216,1
DA:2218,1
DA:2219,1
DA:2220,1
DA:2223,1
DA:2224,1
DA:2225,1
DA:2226,1
DA:2228,1
DA:2231,21
DA:2232,20
DA:2233,20
DA:2234,20
DA:2235,20
DA:2238,1
DA:2239,1
DA:2241,1
DA:2242,1
DA:2243,1
DA:2246,1
DA:2247,1
DA:2248,1
DA:2250,1
DA:2252,1
DA:2253,1
DA:2255,1
DA:2256,1
DA:2257,1
DA:2260,1
DA:2261,1
DA:2262,1
DA:2264,1
DA:2267,1
DA:2268,1
DA:2269,1
DA:2272,1
DA:2273,1
DA:2274,1
DA:2276,1
DA:2277,1
DA:2280,1
DA:2281,1
DA:2282,1
DA:2287,1
DA:2288,1
DA:2289,1
DA:2292,1
DA:2294,1
DA:2297,1
DA:2298,1
DA:2301,1
DA:2304,1
DA:2307,1
DA:2308,1
DA:2311,1
DA:2312,1
DA:2313,1
DA:2316,1
DA:2317,1
DA:2318,1
DA:2320,1
DA:2323,1
DA:2326,1
DA:2329,1
DA:2330,1
DA:2331,1
DA:2332,1
DA:2333,1
DA:2336,1
DA:2337,1
DA:2340,1
DA:2341,1
DA:2342,1
DA:2345,1
DA:2346,1
DA:2347,1
DA:2348,1
DA:2349,1
DA:2351,1
DA:2354,1
DA:2355,1
DA:2358,1
DA:2359,1
DA:2360,1
DA:2363,1
DA:2366,1
DA:2367,1
DA:2370,1
DA:2371,1
DA:2372,1
DA:2375,1
DA:2376,1
DA:2377,1
DA:2378,1
DA:2379,1
DA:2380,1
DA:2381,1
DA:2382,1
DA:2383,1
DA:2384,1
DA:2385,1
DA:2386,1
DA:2387,1
DA:2389,1
DA:2392,1
DA:2395,1
DA:2398,1
DA:2401,1
DA:2402,1
DA:2403,1
DA:2404,1
DA:2405,1
DA:2406,1
DA:2409,1
DA:2410,1
DA:2411,1
DA:2414,1
DA:2415,1
DA:2416,1
DA:2417,1
DA:2418,1
DA:2419,1
DA:2420,1
DA:2421,1
DA:2422,1
DA:2424,1
DA:2427,1
DA:2430,1
DA:2431,1
DA:2432,1
DA:2433,1
DA:2434,1
DA:2437,1
DA:2440,1
DA:2441,1
DA:2444,1
DA:2445,1
DA:2446,1
DA:2455,1
DA:2456,1
DA:2457,1
DA:2458,1
DA:2459,1
DA:2460,1
DA:2461,1
DA:2462,1
DA:2463,1
DA:2464,1
DA:2465,1
DA:2466,1
DA:2467,1
DA:2468,1
DA:2469,1
DA:2470,1
DA:2471,1
DA:2474,1
DA:2477,1
DA:2480,1
DA:2481,1
DA:2482,1
DA:2485,1
DA:2486,1
DA:2489,1
DA:2492,1
DA:2493,1
DA:2494,1
DA:2495,1
DA:2496,1
DA:2497,1
DA:2498,1
DA:2501,1
DA:2502,1
DA:2503,1
DA:2506,1
DA:2509,1
DA:2510,1
DA:2511,1
DA:2512,1
DA:2513,1
DA:2514,1
DA:2515,1
DA:2516,1
DA:2518,1
DA:2519,1
DA:2520,1
DA:2521,1
DA:2522,1
DA:2523,1
DA:2524,1
DA:2525,1
DA:2527,1
DA:2528,1
DA:2529,1
DA:2530,1
DA:2531,1
DA:2532,1
DA:2533,1
DA:2534,1
DA:2536,1
DA:2539,1
DA:2540,1
DA:2541,1
DA:2542,1
DA:2543,1
DA:2546,1
DA:2547,1
DA:2548,1
DA:2550,1
DA:2551,1
DA:2552,1
DA:2553,1
DA:2556,1
DA:2557,1
DA:2558,1
DA:2561,1
DA:2562,1
DA:2563,1
DA:2564,1
DA:2565,1
DA:2567,1
DA:2570,1
DA:2571,1
DA:2572,1
DA:2573,1
DA:2574,1
DA:2576,1
DA:2579,1
DA:2581,1
DA:2582,1
DA:2584,1
DA:2585,1
DA:2586,1
BRF:0
BRH:0
LF:1959
LH:1862
end_of_record
SF:/mnt/d/prj/intent-engine/src/test_utils.rs
FN:41,_RNCNvNtNtCsOaxdXngaqw_13intent_engine10test_utils12test_helpers18setup_test_project0B7_
FN:41,_RNvNtNtCsOaxdXngaqw_13intent_engine10test_utils12test_helpers18setup_test_project
FN:36,_RNvMNtNtCsOaxdXngaqw_13intent_engine10test_utils12test_helpersNtB2_11TestContext12project_root
FN:14,_RNvMNtNtCsOaxdXngaqw_13intent_engine10test_utils12test_helpersNtB2_11TestContext3new
FN:32,_RNvMNtNtCsOaxdXngaqw_13intent_engine10test_utils12test_helpersNtB2_11TestContext4pool
FN:14,_RNCNvMNtNtCsOaxdXngaqw_13intent_engine10test_utils12test_helpersNtB4_11TestContext3new0B8_
FNDA:0,_RNCNvNtNtCsOaxdXngaqw_13intent_engine10test_utils12test_helpers18setup_test_project0B7_
FNDA:0,_RNvNtNtCsOaxdXngaqw_13intent_engine10test_utils12test_helpers18setup_test_project
FNDA:31,_RNvMNtNtCsOaxdXngaqw_13intent_engine10test_utils12test_helpersNtB2_11TestContext12project_root
FNDA:119,_RNvMNtNtCsOaxdXngaqw_13intent_engine10test_utils12test_helpersNtB2_11TestContext3new
FNDA:149,_RNvMNtNtCsOaxdXngaqw_13intent_engine10test_utils12test_helpersNtB2_11TestContext4pool
FNDA:119,_RNCNvMNtNtCsOaxdXngaqw_13intent_engine10test_utils12test_helpersNtB4_11TestContext3new0B8_
FNF:6
FNH:4
DA:14,119
DA:15,119
DA:18,119
DA:19,119
DA:21,119
DA:23,119
DA:24,119
DA:26,119
DA:27,119
DA:28,119
DA:29,119
DA:30,119
DA:32,149
DA:33,149
DA:34,149
DA:36,31
DA:37,31
DA:38,31
DA:41,0
DA:42,0
DA:43,0
DA:44,0
DA:45,0
DA:47,0
DA:48,0
DA:49,0
DA:51,0
DA:52,0
BRF:0
BRH:0
LF:30
LH:19
end_of_record
SF:/mnt/d/prj/intent-engine/src/windows_console.rs
FN:180,_RNvNtCsOaxdXngaqw_13intent_engine15windows_console14code_page_name
FN:100,_RNvNtCsOaxdXngaqw_13intent_engine15windows_console15is_console_utf8
FN:146,_RNvNtCsOaxdXngaqw_13intent_engine15windows_console21get_console_code_page
FN:75,_RNvNtCsOaxdXngaqw_13intent_engine15windows_console21setup_windows_console
FN:125,_RNvNtCsOaxdXngaqw_13intent_engine15windows_console21is_console_input_utf8
FN:167,_RNvNtCsOaxdXngaqw_13intent_engine15windows_console27get_console_input_code_page
FN:231,_RNvNtNtCsOaxdXngaqw_13intent_engine15windows_console5testss_18test_get_code_page
FN:198,_RNvNtNtCsOaxdXngaqw_13intent_engine15windows_console5testss_18test_setup_console
FN:223,_RNvNtNtCsOaxdXngaqw_13intent_engine15windows_console5testss_20test_code_page_names
FN:205,_RNvNtNtCsOaxdXngaqw_13intent_engine15windows_console5testss_20test_is_console_utf8
FNDA:4,_RNvNtCsOaxdXngaqw_13intent_engine15windows_console14code_page_name
FNDA:1,_RNvNtCsOaxdXngaqw_13intent_engine15windows_console15is_console_utf8
FNDA:1,_RNvNtCsOaxdXngaqw_13intent_engine15windows_console21get_console_code_page
FNDA:2,_RNvNtCsOaxdXngaqw_13intent_engine15windows_console21setup_windows_console
FNDA:0,_RNvNtCsOaxdXngaqw_13intent_engine15windows_console21is_console_input_utf8
FNDA:0,_RNvNtCsOaxdXngaqw_13intent_engine15windows_console27get_console_input_code_page
FNDA:1,_RNvNtNtCsOaxdXngaqw_13intent_engine15windows_console5testss_18test_get_code_page
FNDA:1,_RNvNtNtCsOaxdXngaqw_13intent_engine15windows_console5testss_18test_setup_console
FNDA:1,_RNvNtNtCsOaxdXngaqw_13intent_engine15windows_console5testss_20test_code_page_names
FNDA:1,_RNvNtNtCsOaxdXngaqw_13intent_engine15windows_console5testss_20test_is_console_utf8
FNF:10
FNH:8
DA:75,2
DA:76,2
DA:77,2
DA:100,1
DA:101,1
DA:102,1
DA:125,0
DA:126,0
DA:127,0
DA:146,1
DA:147,1
DA:148,1
DA:167,0
DA:168,0
DA:169,0
DA:180,4
DA:181,4
DA:182,1
DA:183,1
DA:184,1
DA:185,0
DA:186,0
DA:187,0
DA:188,0
DA:189,1
DA:191,4
DA:198,1
DA:200,1
DA:201,1
DA:202,1
DA:205,1
DA:207,1
DA:218,1
DA:220,1
DA:223,1
DA:224,1
DA:225,1
DA:226,1
DA:227,1
DA:228,1
DA:231,1
DA:232,1
DA:244,1
DA:246,1
BRF:0
BRH:0
LF:44
LH:34
end_of_record
SF:/mnt/d/prj/intent-engine/src/workspace.rs
FN:98,_RNCNvNtNtCsOaxdXngaqw_13intent_engine9workspace5testss_21test_set_current_task0B7_
FN:122,_RNCNvNtNtCsOaxdXngaqw_13intent_engine9workspace5testss_24test_update_current_task0B7_
FN:87,_RNCNvNtNtCsOaxdXngaqw_13intent_engine9workspace5testss_26test_get_current_task_none0B7_
FN:141,_RNCNvNtNtCsOaxdXngaqw_13intent_engine9workspace5testss_31test_get_current_task_after_set0B7_
FN:113,_RNCNvNtNtCsOaxdXngaqw_13intent_engine9workspace5testss_33test_set_current_task_nonexistent0B7_
FN:98,_RNvNtNtCsOaxdXngaqw_13intent_engine9workspace5testss_21test_set_current_task
FN:122,_RNvNtNtCsOaxdXngaqw_13intent_engine9workspace5testss_24test_update_current_task
FN:87,_RNvNtNtCsOaxdXngaqw_13intent_engine9workspace5testss_26test_get_current_task_none
FN:141,_RNvNtNtCsOaxdXngaqw_13intent_engine9workspace5testss_31test_get_current_task_after_set
FN:113,_RNvNtNtCsOaxdXngaqw_13intent_engine9workspace5testss_33test_set_current_task_nonexistent
FN:29,_RNCNCNvMNtCsOaxdXngaqw_13intent_engine9workspaceNtB6_16WorkspaceManager16get_current_task00B8_
FN:23,_RNCNvMNtCsOaxdXngaqw_13intent_engine9workspaceNtB4_16WorkspaceManager16get_current_task0B6_
FN:53,_RNCNvMNtCsOaxdXngaqw_13intent_engine9workspaceNtB4_16WorkspaceManager16set_current_task0B6_
FN:23,_RNvMNtCsOaxdXngaqw_13intent_engine9workspaceNtB2_16WorkspaceManager16get_current_task
FN:53,_RNvMNtCsOaxdXngaqw_13intent_engine9workspaceNtB2_16WorkspaceManager16set_current_task
FN:18,_RNvMNtCsOaxdXngaqw_13intent_engine9workspaceNtB2_16WorkspaceManager3new
FNDA:1,_RNCNvNtNtCsOaxdXngaqw_13intent_engine9workspace5testss_21test_set_current_task0B7_
FNDA:1,_RNCNvNtNtCsOaxdXngaqw_13intent_engine9workspace5testss_24test_update_current_task0B7_
FNDA:1,_RNCNvNtNtCsOaxdXngaqw_13intent_engine9workspace5testss_26test_get_current_task_none0B7_
FNDA:1,_RNCNvNtNtCsOaxdXngaqw_13intent_engine9workspace5testss_31test_get_current_task_after_set0B7_
FNDA:1,_RNCNvNtNtCsOaxdXngaqw_13intent_engine9workspace5testss_33test_set_current_task_nonexistent0B7_
FNDA:1,_RNvNtNtCsOaxdXngaqw_13intent_engine9workspace5testss_21test_set_current_task
FNDA:1,_RNvNtNtCsOaxdXngaqw_13intent_engine9workspace5testss_24test_update_current_task
FNDA:1,_RNvNtNtCsOaxdXngaqw_13intent_engine9workspace5testss_26test_get_current_task_none
FNDA:1,_RNvNtNtCsOaxdXngaqw_13intent_engine9workspace5testss_31test_get_current_task_after_set
FNDA:1,_RNvNtNtCsOaxdXngaqw_13intent_engine9workspace5testss_33test_set_current_task_nonexistent
FNDA:17,_RNCNCNvMNtCsOaxdXngaqw_13intent_engine9workspaceNtB6_16WorkspaceManager16get_current_task00B8_
FNDA:20,_RNCNvMNtCsOaxdXngaqw_13intent_engine9workspaceNtB4_16WorkspaceManager16get_current_task0B6_
FNDA:11,_RNCNvMNtCsOaxdXngaqw_13intent_engine9workspaceNtB4_16WorkspaceManager16set_current_task0B6_
FNDA:20,_RNvMNtCsOaxdXngaqw_13intent_engine9workspaceNtB2_16WorkspaceManager16get_current_task
FNDA:11,_RNvMNtCsOaxdXngaqw_13intent_engine9workspaceNtB2_16WorkspaceManager16set_current_task
FNDA:19,_RNvMNtCsOaxdXngaqw_13intent_engine9workspaceNtB2_16WorkspaceManager3new
FNF:16
FNH:16
DA:18,19
DA:19,19
DA:20,19
DA:23,20
DA:24,20
DA:25,20
DA:26,20
DA:27,20
DA:29,20
DA:31,20
DA:32,17
DA:33,17
DA:34,17
DA:35,17
DA:36,17
DA:37,17
DA:38,17
DA:39,17
DA:40,17
DA:41,17
DA:43,3
DA:46,20
DA:47,20
DA:48,20
DA:49,20
DA:50,20
DA:53,11
DA:55,11
DA:56,11
DA:57,11
DA:58,11
DA:59,11
DA:61,11
DA:62,1
DA:63,10
DA:66,10
DA:67,10
DA:68,10
DA:69,10
DA:70,10
DA:71,10
DA:72,10
DA:73,10
DA:74,10
DA:76,10
DA:77,11
DA:87,1
DA:88,1
DA:89,1
DA:91,1
DA:93,1
DA:94,1
DA:95,1
DA:98,1
DA:99,1
DA:100,1
DA:101,1
DA:103,1
DA:105,1
DA:107,1
DA:108,1
DA:109,1
DA:110,1
DA:113,1
DA:114,1
DA:115,1
DA:117,1
DA:118,1
DA:119,1
DA:122,1
DA:123,1
DA:124,1
DA:125,1
DA:127,1
DA:128,1
DA:131,1
DA:134,1
DA:136,1
DA:137,1
DA:138,1
DA:141,1
DA:142,1
DA:143,1
DA:144,1
DA:146,1
DA:147,1
DA:149,1
DA:151,1
DA:152,1
DA:153,1
BRF:0
BRH:0
LF:103
LH:103
end_of_record